Log file open, 11/02/22 18:00:15
LogWindows: Failed to load 'aqProf.dll' (GetLastError=126)
LogWindows: File 'aqProf.dll' does not exist
LogWindows: Failed to load 'VtuneApi.dll' (GetLastError=126)
LogWindows: File 'VtuneApi.dll' does not exist
LogWindows: Failed to load 'VtuneApi32e.dll' (GetLastError=126)
LogWindows: File 'VtuneApi32e.dll' does not exist
LogConsoleResponse: Display: Failed to find resolution value strings in scalability ini. Falling back to default.
LogConsoleResponse: Display: Failed to find resolution value strings in scalability ini. Falling back to default.
LogPlatformFile: Not using cached read wrapper
LogInit: Display: No sandbox specified, assuming ../../Saved/Cooked/WindowsNoEditor
LogTaskGraph: Started task graph with 5 named threads and 26 total threads with 3 sets of task threads.
LogStats: Stats thread started at 0.102830
LogICUInternationalization: ICU TimeZone Detection - Raw Offset: -5:00, Platform Override: ''
LogInit: Display: Loading text-based GConfig....
LogPluginManager: Mounting plugin MeshPainting
LogPluginManager: Mounting plugin XGEController
LogPluginManager: Mounting plugin Paper2D
LogPluginManager: Mounting plugin AISupport
LogPluginManager: Mounting plugin EnvironmentQueryEditor
LogPluginManager: Mounting plugin LiveLink
LogPluginManager: Mounting plugin LightPropagationVolume
LogPluginManager: Mounting plugin CameraShakePreviewer
LogPluginManager: Mounting plugin GameplayCameras
LogPluginManager: Mounting plugin OodleData
LogPluginManager: Mounting plugin OodleNetwork
LogPluginManager: Mounting plugin AnimationSharing
LogPluginManager: Mounting plugin CLionSourceCodeAccess
LogPluginManager: Mounting plugin CodeLiteSourceCodeAccess
LogPluginManager: Mounting plugin GitSourceControl
LogPluginManager: Mounting plugin KDevelopSourceCodeAccess
LogPluginManager: Mounting plugin NullSourceCodeAccess
LogPluginManager: Mounting plugin PerforceSourceControl
LogPluginManager: Mounting plugin PixWinPlugin
LogPluginManager: Mounting plugin PlasticSourceControl
LogPluginManager: Mounting plugin PluginUtils
LogPluginManager: Mounting plugin PropertyAccessNode
LogPluginManager: Mounting plugin RiderSourceCodeAccess
LogPluginManager: Mounting plugin SubversionSourceControl
LogPluginManager: Mounting plugin TextureFormatOodle
LogPluginManager: Mounting plugin UObjectPlugin
LogPluginManager: Mounting plugin VisualStudioCodeSourceCodeAccess
LogPluginManager: Mounting plugin VisualStudioSourceCodeAccess
LogPluginManager: Mounting plugin AssetManagerEditor
LogPluginManager: Mounting plugin CryptoKeys
LogPluginManager: Mounting plugin CurveEditorTools
LogPluginManager: Mounting plugin DataValidation
LogPluginManager: Mounting plugin EditorScriptingUtilities
LogPluginManager: Mounting plugin FacialAnimation
LogPluginManager: Mounting plugin GameplayTagsEditor
LogPluginManager: Mounting plugin GeometryMode
LogPluginManager: Mounting plugin MacGraphicsSwitching
LogPluginManager: Mounting plugin MaterialAnalyzer
LogPluginManager: Mounting plugin MobileLauncherProfileWizard
LogPluginManager: Mounting plugin PluginBrowser
LogPluginManager: Mounting plugin SpeedTreeImporter
LogPluginManager: Mounting plugin DatasmithContent
LogPluginManager: Mounting plugin VariantManagerContent
LogPluginManager: Mounting plugin AlembicImporter
LogPluginManager: Mounting plugin AutomationUtils
LogPluginManager: Mounting plugin BackChannel
LogPluginManager: Mounting plugin ChaosCloth
LogPluginManager: Mounting plugin ChaosClothEditor
LogPluginManager: Mounting plugin ChaosEditor
LogPluginManager: Mounting plugin ChaosNiagara
LogPluginManager: Mounting plugin ChaosSolverPlugin
LogPluginManager: Mounting plugin CharacterAI
LogPluginManager: Mounting plugin GeometryCache
LogPluginManager: Mounting plugin GeometryCollectionPlugin
LogPluginManager: Mounting plugin GeometryProcessing
LogPluginManager: Mounting plugin MotoSynth
LogPluginManager: Mounting plugin OpenImageDenoise
LogPluginManager: Mounting plugin PlanarCut
LogPluginManager: Mounting plugin PlatformCrypto
LogPluginManager: Mounting plugin ProxyLODPlugin
LogPluginManager: Mounting plugin PythonScriptPlugin
LogPluginManager: Mounting plugin SkeletalReduction
LogPluginManager: Mounting plugin CascadeToNiagaraConverter
LogPluginManager: Mounting plugin Niagara
LogPluginManager: Mounting plugin MagicLeap
LogPluginManager: Mounting plugin MagicLeapLightEstimation
LogPluginManager: Mounting plugin MagicLeapPassableWorld
LogPluginManager: Mounting plugin MLSDK
LogPluginManager: Mounting plugin AndroidMedia
LogPluginManager: Mounting plugin AvfMedia
LogPluginManager: Mounting plugin ImgMedia
LogPluginManager: Mounting plugin MediaCompositing
LogPluginManager: Mounting plugin MediaPlayerEditor
LogPluginManager: Mounting plugin WebMMedia
LogPluginManager: Mounting plugin WmfMedia
LogPluginManager: Mounting plugin TcpMessaging
LogPluginManager: Mounting plugin UdpMessaging
LogPluginManager: Mounting plugin ActorSequence
LogPluginManager: Mounting plugin LevelSequenceEditor
LogPluginManager: Mounting plugin MatineeToLevelSequence
LogPluginManager: Mounting plugin TemplateSequence
LogPluginManager: Mounting plugin OnlineSubsystem
LogPluginManager: Mounting plugin OnlineSubsystemNull
LogPluginManager: Mounting plugin OnlineSubsystemUtils
LogPluginManager: Mounting plugin LauncherChunkInstaller
LogPluginManager: Mounting plugin ActorLayerUtilities
LogPluginManager: Mounting plugin AndroidDeviceProfileSelector
LogPluginManager: Mounting plugin AndroidMoviePlayer
LogPluginManager: Mounting plugin AndroidPermission
LogPluginManager: Mounting plugin AppleImageUtils
LogPluginManager: Mounting plugin AppleMoviePlayer
LogPluginManager: Mounting plugin ArchVisCharacter
LogPluginManager: Mounting plugin AssetTags
LogPluginManager: Mounting plugin AudioCapture
LogPluginManager: Mounting plugin AudioSynesthesia
LogPluginManager: Mounting plugin CableComponent
LogPluginManager: Mounting plugin ChunkDownloader
LogPluginManager: Mounting plugin CustomMeshComponent
LogPluginManager: Mounting plugin EditableMesh
LogPluginManager: Mounting plugin ExampleDeviceProfileSelector
LogPluginManager: Mounting plugin GoogleCloudMessaging
LogPluginManager: Mounting plugin GooglePAD
LogPluginManager: Mounting plugin IOSDeviceProfileSelector
LogPluginManager: Mounting plugin LinuxDeviceProfileSelector
LogPluginManager: Mounting plugin LocationServicesBPLibrary
LogPluginManager: Mounting plugin MobilePatchingUtils
LogPluginManager: Mounting plugin OpenXR
LogPluginManager: Mounting plugin OpenXREyeTracker
LogPluginManager: Mounting plugin OpenXRHandTracking
LogPluginManager: Mounting plugin PhysXVehicles
LogPluginManager: Mounting plugin ProceduralMeshComponent
LogPluginManager: Mounting plugin PropertyAccessEditor
LogPluginManager: Mounting plugin RuntimePhysXCooking
LogPluginManager: Mounting plugin SignificanceManager
LogPluginManager: Mounting plugin SoundFields
LogPluginManager: Mounting plugin Synthesis
LogPluginManager: Mounting plugin WebMMoviePlayer
LogPluginManager: Mounting plugin WindowsMoviePlayer
LogPluginManager: Mounting plugin ScreenshotTools
LogPluginManager: Mounting plugin Takes
LogPluginManager: Mounting plugin ContentBrowserAssetDataSource
LogPluginManager: Mounting plugin ContentBrowserClassDataSource
LogPluginManager: Mounting plugin OculusVR
PixWinPlugin: PIX capture plugin failed to initialize! Check that the process is launched from PIX.
LogLuminAPIImpl: Warning: MLSDK not found.  This likely means the MLSDK environment variable is not set.
LogInit: Using libcurl 7.55.1-DEV
LogInit:  - built for x86_64-pc-win32
LogInit:  - supports SSL with OpenSSL/1.1.1
LogInit:  - supports HTTP deflate (compression) using libz 1.2.8
LogInit:  - other features:
LogInit:      CURL_VERSION_SSL
LogInit:      CURL_VERSION_LIBZ
LogInit:      CURL_VERSION_IPV6
LogInit:      CURL_VERSION_ASYNCHDNS
LogInit:      CURL_VERSION_LARGEFILE
LogInit:      CURL_VERSION_IDN
LogInit:  CurlRequestOptions (configurable via config and command line):
LogInit:  - bVerifyPeer = true  - Libcurl will verify peer certificate
LogInit:  - bUseHttpProxy = false  - Libcurl will NOT use HTTP proxy
LogInit:  - bDontReuseConnections = false  - Libcurl will reuse connections
LogInit:  - MaxHostConnections = 16  - Libcurl will limit the number of connections to a host
LogInit:  - LocalHostAddr = Default
LogInit:  - BufferSize = 65536
LogOnline: OSS: Creating online subsystem instance for: NULL
LogInit: WinSock: version 1.1 (2.2), MaxSocks=32767, MaxUdp=65467
LogOnline: OSS: TryLoadSubsystemAndSetDefault: Loaded subsystem for module [NULL]
LogOculusPluginWrapper: OculusPlugin initialized successfully
LogHMD: Failed initializing OVRPlugin 1.59.0
LogInit: Build: ++UE4+Release-4.27-CL-18319896
LogInit: Engine Version: 4.27.2-18319896+++UE4+Release-4.27
LogInit: Compatible Engine Version: 4.27.0-17155196+++UE4+Release-4.27
LogInit: Net CL: 17155196
LogInit: OS: Windows 10 (Release 2009) (), CPU: Intel(R) Core(TM) i7-9700K CPU @ 3.60GHz, GPU: NVIDIA GeForce RTX 3070 Ti
LogInit: Compiled (64-bit): Nov 30 2021 07:26:28
LogInit: Compiled with Visual C++: 19.16.27032.01
LogInit: Build Configuration: Development
LogInit: Branch Name: ++UE4+Release-4.27
LogInit: Command Line: 
LogInit: Base Directory: C:/Users/natha/Documents/GitHub/Mid-Term/Binaries/Win64/
LogInit: Allocator: binned2
LogInit: Installed Engine Build: 1
LogDevObjectVersion: Number of dev versions registered: 29
LogDevObjectVersion:   Dev-Blueprints (B0D832E4-1F89-4F0D-ACCF-7EB736FD4AA2): 10
LogDevObjectVersion:   Dev-Build (E1C64328-A22C-4D53-A36C-8E866417BD8C): 0
LogDevObjectVersion:   Dev-Core (375EC13C-06E4-48FB-B500-84F0262A717E): 4
LogDevObjectVersion:   Dev-Editor (E4B068ED-F494-42E9-A231-DA0B2E46BB41): 40
LogDevObjectVersion:   Dev-Framework (CFFC743F-43B0-4480-9391-14DF171D2073): 37
LogDevObjectVersion:   Dev-Mobile (B02B49B5-BB20-44E9-A304-32B752E40360): 3
LogDevObjectVersion:   Dev-Networking (A4E4105C-59A1-49B5-A7C5-40C4547EDFEE): 0
LogDevObjectVersion:   Dev-Online (39C831C9-5AE6-47DC-9A44-9C173E1C8E7C): 0
LogDevObjectVersion:   Dev-Physics (78F01B33-EBEA-4F98-B9B4-84EACCB95AA2): 14
LogDevObjectVersion:   Dev-Platform (6631380F-2D4D-43E0-8009-CF276956A95A): 0
LogDevObjectVersion:   Dev-Rendering (12F88B9F-8875-4AFC-A67C-D90C383ABD29): 45
LogDevObjectVersion:   Dev-Sequencer (7B5AE74C-D270-4C10-A958-57980B212A5A): 13
LogDevObjectVersion:   Dev-VR (D7296918-1DD6-4BDD-9DE2-64A83CC13884): 3
LogDevObjectVersion:   Dev-LoadTimes (C2A15278-BFE7-4AFE-6C17-90FF531DF755): 1
LogDevObjectVersion:   Private-Geometry (6EACA3D4-40EC-4CC1-B786-8BED09428FC5): 3
LogDevObjectVersion:   Dev-AnimPhys (29E575DD-E0A3-4627-9D10-D276232CDCEA): 17
LogDevObjectVersion:   Dev-Anim (AF43A65D-7FD3-4947-9873-3E8ED9C1BB05): 15
LogDevObjectVersion:   Dev-ReflectionCapture (6B266CEC-1EC7-4B8F-A30B-E4D90942FC07): 1
LogDevObjectVersion:   Dev-Automation (0DF73D61-A23F-47EA-B727-89E90C41499A): 1
LogDevObjectVersion:   FortniteMain (601D1886-AC64-4F84-AA16-D3DE0DEAC7D6): 47
LogDevObjectVersion:   FortniteRelease (E7086368-6B23-4C58-8439-1B7016265E91): 1
LogDevObjectVersion:   Dev-Enterprise (9DFFBCD6-494F-0158-E221-12823C92A888): 10
LogDevObjectVersion:   Dev-Niagara (F2AED0AC-9AFE-416F-8664-AA7FFA26D6FC): 1
LogDevObjectVersion:   Dev-Destruction (174F1F0B-B4C6-45A5-B13F-2EE8D0FB917D): 10
LogDevObjectVersion:   Dev-Physics-Ext (35F94A83-E258-406C-A318-09F59610247C): 41
LogDevObjectVersion:   Dev-PhysicsMaterial-Chaos (B68FC16E-8B1B-42E2-B453-215C058844FE): 1
LogDevObjectVersion:   Dev-CineCamera (B2E18506-4273-CFC2-A54E-F4BB758BBA07): 1
LogDevObjectVersion:   Dev-VirtualProduction (64F58936-FD1B-42BA-BA96-7289D5D0FA4E): 1
LogDevObjectVersion:   Dev-MediaFramework (6F0ED827-A609-4895-9C91-998D90180EA4): 2
LogInit: Presizing for max 2097152 objects, including 1 objects not considered by GC, pre-allocating 0 bytes for permanent pool.
LogConfig: Applying CVar settings from Section [/Script/Engine.StreamingSettings] File [C:/Users/natha/Documents/GitHub/Mid-Term/Saved/Config/WindowsNoEditor/Engine.ini]
LogConfig: Setting CVar [[s.MinBulkDataSizeForAsyncLoading:131072]]
LogConfig: Setting CVar [[s.AsyncLoadingThreadEnabled:0]]
LogConfig: Setting CVar [[s.EventDrivenLoaderEnabled:1]]
LogConfig: Setting CVar [[s.WarnIfTimeLimitExceeded:0]]
LogConfig: Setting CVar [[s.TimeLimitExceededMultiplier:1.5]]
LogConfig: Setting CVar [[s.TimeLimitExceededMinTime:0.005]]
LogConfig: Setting CVar [[s.UseBackgroundLevelStreaming:1]]
LogConfig: Setting CVar [[s.PriorityAsyncLoadingExtraTime:15.0]]
LogConfig: Setting CVar [[s.LevelStreamingActorsUpdateTimeLimit:5.0]]
LogConfig: Setting CVar [[s.PriorityLevelStreamingActorsUpdateExtraTime:5.0]]
LogConfig: Setting CVar [[s.LevelStreamingComponentsRegistrationGranularity:10]]
LogConfig: Setting CVar [[s.UnregisterComponentsTimeLimit:1.0]]
LogConfig: Setting CVar [[s.LevelStreamingComponentsUnregistrationGranularity:5]]
LogConfig: Setting CVar [[s.FlushStreamingOnExit:1]]
LogStreaming: Display: Async Loading initialized: Event Driven Loader: true, Async Loading Thread: false, Async Post Load: true
LogInit: Object subsystem initialized
LogConfig: Setting CVar [[con.DebugEarlyDefault:1]]
LogConfig: Setting CVar [[r.setres:1280x720]]
LogConfig: Setting CVar [[fx.NiagaraAllowRuntimeScalabilityChanges:1]]
[2022.11.02-22.00.16:343][  0]LogConfig: Setting CVar [[con.DebugEarlyDefault:1]]
[2022.11.02-22.00.16:343][  0]LogConfig: Setting CVar [[r.setres:1280x720]]
[2022.11.02-22.00.16:343][  0]LogConfig: Setting CVar [[fx.NiagaraAllowRuntimeScalabilityChanges:1]]
[2022.11.02-22.00.16:343][  0]LogConfig: Applying CVar settings from Section [/Script/Engine.RendererSettings] File [C:/Users/natha/Documents/GitHub/Mid-Term/Saved/Config/WindowsNoEditor/Engine.ini]
[2022.11.02-22.00.16:343][  0]LogConfig: Setting CVar [[r.GPUCrashDebugging:0]]
[2022.11.02-22.00.16:343][  0]LogConfig: Applying CVar settings from Section [/Script/Engine.RendererOverrideSettings] File [C:/Users/natha/Documents/GitHub/Mid-Term/Saved/Config/WindowsNoEditor/Engine.ini]
[2022.11.02-22.00.16:343][  0]LogConfig: Applying CVar settings from Section [/Script/Engine.StreamingSettings] File [C:/Users/natha/Documents/GitHub/Mid-Term/Saved/Config/WindowsNoEditor/Engine.ini]
[2022.11.02-22.00.16:343][  0]LogConfig: Setting CVar [[s.MinBulkDataSizeForAsyncLoading:131072]]
[2022.11.02-22.00.16:343][  0]LogConfig: Setting CVar [[s.AsyncLoadingThreadEnabled:0]]
[2022.11.02-22.00.16:343][  0]LogConfig: Setting CVar [[s.EventDrivenLoaderEnabled:1]]
[2022.11.02-22.00.16:343][  0]LogConfig: Setting CVar [[s.WarnIfTimeLimitExceeded:0]]
[2022.11.02-22.00.16:343][  0]LogConfig: Setting CVar [[s.TimeLimitExceededMultiplier:1.5]]
[2022.11.02-22.00.16:343][  0]LogConfig: Setting CVar [[s.TimeLimitExceededMinTime:0.005]]
[2022.11.02-22.00.16:343][  0]LogConfig: Setting CVar [[s.UseBackgroundLevelStreaming:1]]
[2022.11.02-22.00.16:343][  0]LogConfig: Setting CVar [[s.PriorityAsyncLoadingExtraTime:15.0]]
[2022.11.02-22.00.16:343][  0]LogConfig: Setting CVar [[s.LevelStreamingActorsUpdateTimeLimit:5.0]]
[2022.11.02-22.00.16:343][  0]LogConfig: Setting CVar [[s.PriorityLevelStreamingActorsUpdateExtraTime:5.0]]
[2022.11.02-22.00.16:343][  0]LogConfig: Setting CVar [[s.LevelStreamingComponentsRegistrationGranularity:10]]
[2022.11.02-22.00.16:343][  0]LogConfig: Setting CVar [[s.UnregisterComponentsTimeLimit:1.0]]
[2022.11.02-22.00.16:343][  0]LogConfig: Setting CVar [[s.LevelStreamingComponentsUnregistrationGranularity:5]]
[2022.11.02-22.00.16:343][  0]LogConfig: Setting CVar [[s.FlushStreamingOnExit:1]]
[2022.11.02-22.00.16:343][  0]LogConfig: Applying CVar settings from Section [/Script/Engine.GarbageCollectionSettings] File [C:/Users/natha/Documents/GitHub/Mid-Term/Saved/Config/WindowsNoEditor/Engine.ini]
[2022.11.02-22.00.16:343][  0]LogConfig: Setting CVar [[gc.MaxObjectsNotConsideredByGC:1]]
[2022.11.02-22.00.16:343][  0]LogConfig: Setting CVar [[gc.SizeOfPermanentObjectPool:0]]
[2022.11.02-22.00.16:343][  0]LogConfig: Setting CVar [[gc.FlushStreamingOnGC:0]]
[2022.11.02-22.00.16:343][  0]LogConfig: Setting CVar [[gc.NumRetriesBeforeForcingGC:10]]
[2022.11.02-22.00.16:343][  0]LogConfig: Setting CVar [[gc.AllowParallelGC:1]]
[2022.11.02-22.00.16:343][  0]LogConfig: Setting CVar [[gc.TimeBetweenPurgingPendingKillObjects:61.1]]
[2022.11.02-22.00.16:343][  0]LogConfig: Setting CVar [[gc.MaxObjectsInEditor:25165824]]
[2022.11.02-22.00.16:343][  0]LogConfig: Setting CVar [[gc.IncrementalBeginDestroyEnabled:1]]
[2022.11.02-22.00.16:344][  0]LogConfig: Setting CVar [[gc.CreateGCClusters:1]]
[2022.11.02-22.00.16:344][  0]LogConfig: Setting CVar [[gc.MinGCClusterSize:5]]
[2022.11.02-22.00.16:344][  0]LogConfig: Setting CVar [[gc.ActorClusteringEnabled:0]]
[2022.11.02-22.00.16:344][  0]LogConfig: Setting CVar [[gc.BlueprintClusteringEnabled:0]]
[2022.11.02-22.00.16:344][  0]LogConfig: Setting CVar [[gc.UseDisregardForGCOnDedicatedServers:0]]
[2022.11.02-22.00.16:344][  0]LogConfig: Setting CVar [[gc.MultithreadedDestructionEnabled:1]]
[2022.11.02-22.00.16:344][  0]LogConfig: Applying CVar settings from Section [/Script/Engine.NetworkSettings] File [C:/Users/natha/Documents/GitHub/Mid-Term/Saved/Config/WindowsNoEditor/Engine.ini]
[2022.11.02-22.00.16:362][  0]LogConfig: Applying CVar settings from Section [ViewDistanceQuality@3] File [C:/Users/natha/Documents/GitHub/Mid-Term/Saved/Config/WindowsNoEditor/Scalability.ini]
[2022.11.02-22.00.16:362][  0]LogConfig: Setting CVar [[r.SkeletalMeshLODBias:0]]
[2022.11.02-22.00.16:362][  0]LogConfig: Setting CVar [[r.ViewDistanceScale:1.0]]
[2022.11.02-22.00.16:362][  0]LogConfig: Applying CVar settings from Section [AntiAliasingQuality@3] File [C:/Users/natha/Documents/GitHub/Mid-Term/Saved/Config/WindowsNoEditor/Scalability.ini]
[2022.11.02-22.00.16:362][  0]LogConfig: Setting CVar [[r.PostProcessAAQuality:4]]
[2022.11.02-22.00.16:362][  0]LogConfig: Applying CVar settings from Section [ShadowQuality@3] File [C:/Users/natha/Documents/GitHub/Mid-Term/Saved/Config/WindowsNoEditor/Scalability.ini]
[2022.11.02-22.00.16:362][  0]LogConfig: Setting CVar [[r.LightFunctionQuality:1]]
[2022.11.02-22.00.16:362][  0]LogConfig: Setting CVar [[r.ShadowQuality:5]]
[2022.11.02-22.00.16:362][  0]LogConfig: Setting CVar [[r.Shadow.CSM.MaxCascades:10]]
[2022.11.02-22.00.16:362][  0]LogConfig: Setting CVar [[r.Shadow.MaxResolution:2048]]
[2022.11.02-22.00.16:362][  0]LogConfig: Setting CVar [[r.Shadow.MaxCSMResolution:2048]]
[2022.11.02-22.00.16:362][  0]LogConfig: Setting CVar [[r.Shadow.RadiusThreshold:0.01]]
[2022.11.02-22.00.16:362][  0]LogConfig: Setting CVar [[r.Shadow.DistanceScale:1.0]]
[2022.11.02-22.00.16:362][  0]LogConfig: Setting CVar [[r.Shadow.CSM.TransitionScale:1.0]]
[2022.11.02-22.00.16:362][  0]LogConfig: Setting CVar [[r.Shadow.PreShadowResolutionFactor:1.0]]
[2022.11.02-22.00.16:362][  0]LogConfig: Setting CVar [[r.DistanceFieldShadowing:1]]
[2022.11.02-22.00.16:362][  0]LogConfig: Setting CVar [[r.DistanceFieldAO:1]]
[2022.11.02-22.00.16:362][  0]LogConfig: Setting CVar [[r.AOQuality:2]]
[2022.11.02-22.00.16:362][  0]LogConfig: Setting CVar [[r.VolumetricFog:1]]
[2022.11.02-22.00.16:362][  0]LogConfig: Setting CVar [[r.VolumetricFog.GridPixelSize:8]]
[2022.11.02-22.00.16:362][  0]LogConfig: Setting CVar [[r.VolumetricFog.GridSizeZ:128]]
[2022.11.02-22.00.16:362][  0]LogConfig: Setting CVar [[r.VolumetricFog.HistoryMissSupersampleCount:4]]
[2022.11.02-22.00.16:362][  0]LogConfig: Setting CVar [[r.LightMaxDrawDistanceScale:1]]
[2022.11.02-22.00.16:362][  0]LogConfig: Setting CVar [[r.CapsuleShadows:1]]
[2022.11.02-22.00.16:362][  0]LogConfig: Applying CVar settings from Section [PostProcessQuality@3] File [C:/Users/natha/Documents/GitHub/Mid-Term/Saved/Config/WindowsNoEditor/Scalability.ini]
[2022.11.02-22.00.16:362][  0]LogConfig: Setting CVar [[r.MotionBlurQuality:4]]
[2022.11.02-22.00.16:362][  0]LogConfig: Setting CVar [[r.AmbientOcclusionMipLevelFactor:0.4]]
[2022.11.02-22.00.16:362][  0]LogConfig: Setting CVar [[r.AmbientOcclusionMaxQuality:100]]
[2022.11.02-22.00.16:362][  0]LogConfig: Setting CVar [[r.AmbientOcclusionLevels:-1]]
[2022.11.02-22.00.16:362][  0]LogConfig: Setting CVar [[r.AmbientOcclusionRadiusScale:1.0]]
[2022.11.02-22.00.16:362][  0]LogConfig: Setting CVar [[r.DepthOfFieldQuality:2]]
[2022.11.02-22.00.16:362][  0]LogConfig: Setting CVar [[r.RenderTargetPoolMin:400]]
[2022.11.02-22.00.16:362][  0]LogConfig: Setting CVar [[r.LensFlareQuality:2]]
[2022.11.02-22.00.16:362][  0]LogConfig: Setting CVar [[r.SceneColorFringeQuality:1]]
[2022.11.02-22.00.16:362][  0]LogConfig: Setting CVar [[r.EyeAdaptationQuality:2]]
[2022.11.02-22.00.16:362][  0]LogConfig: Setting CVar [[r.BloomQuality:5]]
[2022.11.02-22.00.16:362][  0]LogConfig: Setting CVar [[r.FastBlurThreshold:100]]
[2022.11.02-22.00.16:362][  0]LogConfig: Setting CVar [[r.Upscale.Quality:3]]
[2022.11.02-22.00.16:362][  0]LogConfig: Setting CVar [[r.Tonemapper.GrainQuantization:1]]
[2022.11.02-22.00.16:362][  0]LogConfig: Setting CVar [[r.LightShaftQuality:1]]
[2022.11.02-22.00.16:362][  0]LogConfig: Setting CVar [[r.Filter.SizeScale:1]]
[2022.11.02-22.00.16:362][  0]LogConfig: Setting CVar [[r.Tonemapper.Quality:5]]
[2022.11.02-22.00.16:362][  0]LogConfig: Setting CVar [[r.DOF.Gather.AccumulatorQuality:1        ; higher gathering accumulator quality]]
[2022.11.02-22.00.16:362][  0]LogConfig: Setting CVar [[r.DOF.Gather.PostfilterMethod:1          ; Median3x3 postfilering method]]
[2022.11.02-22.00.16:362][  0]LogConfig: Setting CVar [[r.DOF.Gather.EnableBokehSettings:0       ; no bokeh simulation when gathering]]
[2022.11.02-22.00.16:362][  0]LogConfig: Setting CVar [[r.DOF.Gather.RingCount:4                 ; medium number of samples when gathering]]
[2022.11.02-22.00.16:362][  0]LogConfig: Setting CVar [[r.DOF.Scatter.ForegroundCompositing:1    ; additive foreground scattering]]
[2022.11.02-22.00.16:362][  0]LogConfig: Setting CVar [[r.DOF.Scatter.BackgroundCompositing:2    ; additive background scattering]]
[2022.11.02-22.00.16:362][  0]LogConfig: Setting CVar [[r.DOF.Scatter.EnableBokehSettings:1      ; bokeh simulation when scattering]]
[2022.11.02-22.00.16:362][  0]LogConfig: Setting CVar [[r.DOF.Scatter.MaxSpriteRatio:0.1         ; only a maximum of 10% of scattered bokeh]]
[2022.11.02-22.00.16:362][  0]LogConfig: Setting CVar [[r.DOF.Recombine.Quality:1                ; cheap slight out of focus]]
[2022.11.02-22.00.16:362][  0]LogConfig: Setting CVar [[r.DOF.Recombine.EnableBokehSettings:0    ; no bokeh simulation on slight out of focus]]
[2022.11.02-22.00.16:362][  0]LogConfig: Setting CVar [[r.DOF.TemporalAAQuality:1                ; more stable temporal accumulation]]
[2022.11.02-22.00.16:362][  0]LogConfig: Setting CVar [[r.DOF.Kernel.MaxForegroundRadius:0.025]]
[2022.11.02-22.00.16:362][  0]LogConfig: Setting CVar [[r.DOF.Kernel.MaxBackgroundRadius:0.025]]
[2022.11.02-22.00.16:362][  0]LogConfig: Applying CVar settings from Section [TextureQuality@3] File [C:/Users/natha/Documents/GitHub/Mid-Term/Saved/Config/WindowsNoEditor/Scalability.ini]
[2022.11.02-22.00.16:362][  0]LogConfig: Setting CVar [[r.Streaming.MipBias:0]]
[2022.11.02-22.00.16:362][  0]LogConfig: Setting CVar [[r.Streaming.AmortizeCPUToGPUCopy:0]]
[2022.11.02-22.00.16:362][  0]LogConfig: Setting CVar [[r.Streaming.MaxNumTexturesToStreamPerFrame:0]]
[2022.11.02-22.00.16:362][  0]LogConfig: Setting CVar [[r.Streaming.Boost:1]]
[2022.11.02-22.00.16:362][  0]LogConfig: Setting CVar [[r.MaxAnisotropy:8]]
[2022.11.02-22.00.16:362][  0]LogConfig: Setting CVar [[r.VT.MaxAnisotropy:8]]
[2022.11.02-22.00.16:362][  0]LogConfig: Setting CVar [[r.Streaming.LimitPoolSizeToVRAM:0]]
[2022.11.02-22.00.16:362][  0]LogConfig: Setting CVar [[r.Streaming.PoolSize:1000]]
[2022.11.02-22.00.16:362][  0]LogConfig: Setting CVar [[r.Streaming.MaxEffectiveScreenSize:0]]
[2022.11.02-22.00.16:363][  0]LogConfig: Applying CVar settings from Section [EffectsQuality@3] File [C:/Users/natha/Documents/GitHub/Mid-Term/Saved/Config/WindowsNoEditor/Scalability.ini]
[2022.11.02-22.00.16:363][  0]LogConfig: Setting CVar [[r.TranslucencyLightingVolumeDim:64]]
[2022.11.02-22.00.16:363][  0]LogConfig: Setting CVar [[r.RefractionQuality:2]]
[2022.11.02-22.00.16:363][  0]LogConfig: Setting CVar [[r.SSR.Quality:3]]
[2022.11.02-22.00.16:363][  0]LogConfig: Setting CVar [[r.SSR.HalfResSceneColor:0]]
[2022.11.02-22.00.16:363][  0]LogConfig: Setting CVar [[r.SceneColorFormat:4]]
[2022.11.02-22.00.16:363][  0]LogConfig: Setting CVar [[r.DetailMode:2]]
[2022.11.02-22.00.16:363][  0]LogConfig: Setting CVar [[r.TranslucencyVolumeBlur:1]]
[2022.11.02-22.00.16:363][  0]LogConfig: Setting CVar [[r.MaterialQualityLevel:1 ; High quality]]
[2022.11.02-22.00.16:363][  0]LogConfig: Setting CVar [[r.AnisotropicMaterials:1]]
[2022.11.02-22.00.16:363][  0]LogConfig: Setting CVar [[r.SSS.Scale:1]]
[2022.11.02-22.00.16:363][  0]LogConfig: Setting CVar [[r.SSS.SampleSet:2]]
[2022.11.02-22.00.16:363][  0]LogConfig: Setting CVar [[r.SSS.Quality:1]]
[2022.11.02-22.00.16:363][  0]LogConfig: Setting CVar [[r.SSS.HalfRes:0]]
[2022.11.02-22.00.16:363][  0]LogConfig: Setting CVar [[r.SSGI.Quality:3]]
[2022.11.02-22.00.16:363][  0]LogConfig: Setting CVar [[r.EmitterSpawnRateScale:1.0]]
[2022.11.02-22.00.16:363][  0]LogConfig: Setting CVar [[r.ParticleLightQuality:2]]
[2022.11.02-22.00.16:363][  0]LogConfig: Setting CVar [[r.SkyAtmosphere.AerialPerspectiveLUT.FastApplyOnOpaque:1 ; Always have FastSkyLUT 1 in this case to avoid wrong sky]]
[2022.11.02-22.00.16:363][  0]LogConfig: Setting CVar [[r.SkyAtmosphere.AerialPerspectiveLUT.SampleCountMaxPerSlice:4]]
[2022.11.02-22.00.16:363][  0]LogConfig: Setting CVar [[r.SkyAtmosphere.AerialPerspectiveLUT.DepthResolution:16.0]]
[2022.11.02-22.00.16:363][  0]LogConfig: Setting CVar [[r.SkyAtmosphere.FastSkyLUT:1]]
[2022.11.02-22.00.16:363][  0]LogConfig: Setting CVar [[r.SkyAtmosphere.FastSkyLUT.SampleCountMin:4.0]]
[2022.11.02-22.00.16:363][  0]LogConfig: Setting CVar [[r.SkyAtmosphere.FastSkyLUT.SampleCountMax:128.0]]
[2022.11.02-22.00.16:363][  0]LogConfig: Setting CVar [[r.SkyAtmosphere.SampleCountMin:4.0]]
[2022.11.02-22.00.16:363][  0]LogConfig: Setting CVar [[r.SkyAtmosphere.SampleCountMax:128.0]]
[2022.11.02-22.00.16:363][  0]LogConfig: Setting CVar [[r.SkyAtmosphere.TransmittanceLUT.UseSmallFormat:0]]
[2022.11.02-22.00.16:363][  0]LogConfig: Setting CVar [[r.SkyAtmosphere.TransmittanceLUT.SampleCount:10.0]]
[2022.11.02-22.00.16:363][  0]LogConfig: Setting CVar [[r.SkyAtmosphere.MultiScatteringLUT.SampleCount:15.0]]
[2022.11.02-22.00.16:363][  0]LogConfig: Setting CVar [[r.SkyLight.RealTimeReflectionCapture:1]]
[2022.11.02-22.00.16:363][  0]LogConfig: Setting CVar [[fx.Niagara.QualityLevel:3]]
[2022.11.02-22.00.16:363][  0]LogConfig: Applying CVar settings from Section [FoliageQuality@3] File [C:/Users/natha/Documents/GitHub/Mid-Term/Saved/Config/WindowsNoEditor/Scalability.ini]
[2022.11.02-22.00.16:363][  0]LogConfig: Setting CVar [[foliage.DensityScale:1.0]]
[2022.11.02-22.00.16:363][  0]LogConfig: Setting CVar [[grass.DensityScale:1.0]]
[2022.11.02-22.00.16:363][  0]LogConfig: Applying CVar settings from Section [ShadingQuality@3] File [C:/Users/natha/Documents/GitHub/Mid-Term/Saved/Config/WindowsNoEditor/Scalability.ini]
[2022.11.02-22.00.16:363][  0]LogConfig: Setting CVar [[r.HairStrands.SkyLighting.IntegrationType:2]]
[2022.11.02-22.00.16:363][  0]LogConfig: Setting CVar [[r.HairStrands.SkyAO.SampleCount:4]]
[2022.11.02-22.00.16:363][  0]LogConfig: Setting CVar [[r.HairStrands.Visibility.MSAA.SamplePerPixel:4]]
[2022.11.02-22.00.16:363][  0]LogInit: Selected Device Profile: [WindowsNoEditor]
[2022.11.02-22.00.16:363][  0]LogInit: Applying CVar settings loaded from the selected device profile: [WindowsNoEditor]
[2022.11.02-22.00.16:363][  0]LogHAL: Display: Platform has ~ 32 GB [34270838784 / 34359738368 / 32], which maps to Largest [LargestMinGB=32, LargerMinGB=12, DefaultMinGB=8, SmallerMinGB=6, SmallestMinGB=0)
[2022.11.02-22.00.16:363][  0]LogInit: Going up to parent DeviceProfile [Windows]
[2022.11.02-22.00.16:363][  0]LogInit: Going up to parent DeviceProfile []
[2022.11.02-22.00.16:363][  0]LogConfig: Applying CVar settings from Section [ViewDistanceQuality@3] File [C:/Users/natha/Documents/GitHub/Mid-Term/Saved/Config/WindowsNoEditor/Scalability.ini]
[2022.11.02-22.00.16:363][  0]LogConfig: Setting CVar [[r.SkeletalMeshLODBias:0]]
[2022.11.02-22.00.16:363][  0]LogConfig: Setting CVar [[r.ViewDistanceScale:1.0]]
[2022.11.02-22.00.16:363][  0]LogConfig: Applying CVar settings from Section [AntiAliasingQuality@3] File [C:/Users/natha/Documents/GitHub/Mid-Term/Saved/Config/WindowsNoEditor/Scalability.ini]
[2022.11.02-22.00.16:363][  0]LogConfig: Setting CVar [[r.PostProcessAAQuality:4]]
[2022.11.02-22.00.16:363][  0]LogConfig: Applying CVar settings from Section [ShadowQuality@3] File [C:/Users/natha/Documents/GitHub/Mid-Term/Saved/Config/WindowsNoEditor/Scalability.ini]
[2022.11.02-22.00.16:363][  0]LogConfig: Setting CVar [[r.LightFunctionQuality:1]]
[2022.11.02-22.00.16:363][  0]LogConfig: Setting CVar [[r.ShadowQuality:5]]
[2022.11.02-22.00.16:363][  0]LogConfig: Setting CVar [[r.Shadow.CSM.MaxCascades:10]]
[2022.11.02-22.00.16:363][  0]LogConfig: Setting CVar [[r.Shadow.MaxResolution:2048]]
[2022.11.02-22.00.16:363][  0]LogConfig: Setting CVar [[r.Shadow.MaxCSMResolution:2048]]
[2022.11.02-22.00.16:363][  0]LogConfig: Setting CVar [[r.Shadow.RadiusThreshold:0.01]]
[2022.11.02-22.00.16:363][  0]LogConfig: Setting CVar [[r.Shadow.DistanceScale:1.0]]
[2022.11.02-22.00.16:363][  0]LogConfig: Setting CVar [[r.Shadow.CSM.TransitionScale:1.0]]
[2022.11.02-22.00.16:363][  0]LogConfig: Setting CVar [[r.Shadow.PreShadowResolutionFactor:1.0]]
[2022.11.02-22.00.16:363][  0]LogConfig: Setting CVar [[r.DistanceFieldShadowing:1]]
[2022.11.02-22.00.16:363][  0]LogConfig: Setting CVar [[r.DistanceFieldAO:1]]
[2022.11.02-22.00.16:363][  0]LogConfig: Setting CVar [[r.AOQuality:2]]
[2022.11.02-22.00.16:363][  0]LogConfig: Setting CVar [[r.VolumetricFog:1]]
[2022.11.02-22.00.16:363][  0]LogConfig: Setting CVar [[r.VolumetricFog.GridPixelSize:8]]
[2022.11.02-22.00.16:363][  0]LogConfig: Setting CVar [[r.VolumetricFog.GridSizeZ:128]]
[2022.11.02-22.00.16:363][  0]LogConfig: Setting CVar [[r.VolumetricFog.HistoryMissSupersampleCount:4]]
[2022.11.02-22.00.16:363][  0]LogConfig: Setting CVar [[r.LightMaxDrawDistanceScale:1]]
[2022.11.02-22.00.16:363][  0]LogConfig: Setting CVar [[r.CapsuleShadows:1]]
[2022.11.02-22.00.16:363][  0]LogConfig: Applying CVar settings from Section [PostProcessQuality@3] File [C:/Users/natha/Documents/GitHub/Mid-Term/Saved/Config/WindowsNoEditor/Scalability.ini]
[2022.11.02-22.00.16:363][  0]LogConfig: Setting CVar [[r.MotionBlurQuality:4]]
[2022.11.02-22.00.16:363][  0]LogConfig: Setting CVar [[r.AmbientOcclusionMipLevelFactor:0.4]]
[2022.11.02-22.00.16:363][  0]LogConfig: Setting CVar [[r.AmbientOcclusionMaxQuality:100]]
[2022.11.02-22.00.16:363][  0]LogConfig: Setting CVar [[r.AmbientOcclusionLevels:-1]]
[2022.11.02-22.00.16:363][  0]LogConfig: Setting CVar [[r.AmbientOcclusionRadiusScale:1.0]]
[2022.11.02-22.00.16:363][  0]LogConfig: Setting CVar [[r.DepthOfFieldQuality:2]]
[2022.11.02-22.00.16:363][  0]LogConfig: Setting CVar [[r.RenderTargetPoolMin:400]]
[2022.11.02-22.00.16:363][  0]LogConfig: Setting CVar [[r.LensFlareQuality:2]]
[2022.11.02-22.00.16:363][  0]LogConfig: Setting CVar [[r.SceneColorFringeQuality:1]]
[2022.11.02-22.00.16:363][  0]LogConfig: Setting CVar [[r.EyeAdaptationQuality:2]]
[2022.11.02-22.00.16:363][  0]LogConfig: Setting CVar [[r.BloomQuality:5]]
[2022.11.02-22.00.16:363][  0]LogConfig: Setting CVar [[r.FastBlurThreshold:100]]
[2022.11.02-22.00.16:363][  0]LogConfig: Setting CVar [[r.Upscale.Quality:3]]
[2022.11.02-22.00.16:363][  0]LogConfig: Setting CVar [[r.Tonemapper.GrainQuantization:1]]
[2022.11.02-22.00.16:363][  0]LogConfig: Setting CVar [[r.LightShaftQuality:1]]
[2022.11.02-22.00.16:363][  0]LogConfig: Setting CVar [[r.Filter.SizeScale:1]]
[2022.11.02-22.00.16:363][  0]LogConfig: Setting CVar [[r.Tonemapper.Quality:5]]
[2022.11.02-22.00.16:363][  0]LogConfig: Setting CVar [[r.DOF.Gather.AccumulatorQuality:1        ; higher gathering accumulator quality]]
[2022.11.02-22.00.16:363][  0]LogConfig: Setting CVar [[r.DOF.Gather.PostfilterMethod:1          ; Median3x3 postfilering method]]
[2022.11.02-22.00.16:363][  0]LogConfig: Setting CVar [[r.DOF.Gather.EnableBokehSettings:0       ; no bokeh simulation when gathering]]
[2022.11.02-22.00.16:363][  0]LogConfig: Setting CVar [[r.DOF.Gather.RingCount:4                 ; medium number of samples when gathering]]
[2022.11.02-22.00.16:363][  0]LogConfig: Setting CVar [[r.DOF.Scatter.ForegroundCompositing:1    ; additive foreground scattering]]
[2022.11.02-22.00.16:363][  0]LogConfig: Setting CVar [[r.DOF.Scatter.BackgroundCompositing:2    ; additive background scattering]]
[2022.11.02-22.00.16:363][  0]LogConfig: Setting CVar [[r.DOF.Scatter.EnableBokehSettings:1      ; bokeh simulation when scattering]]
[2022.11.02-22.00.16:363][  0]LogConfig: Setting CVar [[r.DOF.Scatter.MaxSpriteRatio:0.1         ; only a maximum of 10% of scattered bokeh]]
[2022.11.02-22.00.16:363][  0]LogConfig: Setting CVar [[r.DOF.Recombine.Quality:1                ; cheap slight out of focus]]
[2022.11.02-22.00.16:363][  0]LogConfig: Setting CVar [[r.DOF.Recombine.EnableBokehSettings:0    ; no bokeh simulation on slight out of focus]]
[2022.11.02-22.00.16:363][  0]LogConfig: Setting CVar [[r.DOF.TemporalAAQuality:1                ; more stable temporal accumulation]]
[2022.11.02-22.00.16:363][  0]LogConfig: Setting CVar [[r.DOF.Kernel.MaxForegroundRadius:0.025]]
[2022.11.02-22.00.16:363][  0]LogConfig: Setting CVar [[r.DOF.Kernel.MaxBackgroundRadius:0.025]]
[2022.11.02-22.00.16:363][  0]LogConfig: Applying CVar settings from Section [TextureQuality@3] File [C:/Users/natha/Documents/GitHub/Mid-Term/Saved/Config/WindowsNoEditor/Scalability.ini]
[2022.11.02-22.00.16:363][  0]LogConfig: Setting CVar [[r.Streaming.MipBias:0]]
[2022.11.02-22.00.16:363][  0]LogConfig: Setting CVar [[r.Streaming.AmortizeCPUToGPUCopy:0]]
[2022.11.02-22.00.16:364][  0]LogConfig: Setting CVar [[r.Streaming.MaxNumTexturesToStreamPerFrame:0]]
[2022.11.02-22.00.16:364][  0]LogConfig: Setting CVar [[r.Streaming.Boost:1]]
[2022.11.02-22.00.16:364][  0]LogConfig: Setting CVar [[r.MaxAnisotropy:8]]
[2022.11.02-22.00.16:364][  0]LogConfig: Setting CVar [[r.VT.MaxAnisotropy:8]]
[2022.11.02-22.00.16:364][  0]LogConfig: Setting CVar [[r.Streaming.LimitPoolSizeToVRAM:0]]
[2022.11.02-22.00.16:364][  0]LogConfig: Setting CVar [[r.Streaming.PoolSize:1000]]
[2022.11.02-22.00.16:364][  0]LogConfig: Setting CVar [[r.Streaming.MaxEffectiveScreenSize:0]]
[2022.11.02-22.00.16:364][  0]LogConfig: Applying CVar settings from Section [EffectsQuality@3] File [C:/Users/natha/Documents/GitHub/Mid-Term/Saved/Config/WindowsNoEditor/Scalability.ini]
[2022.11.02-22.00.16:364][  0]LogConfig: Setting CVar [[r.TranslucencyLightingVolumeDim:64]]
[2022.11.02-22.00.16:364][  0]LogConfig: Setting CVar [[r.RefractionQuality:2]]
[2022.11.02-22.00.16:364][  0]LogConfig: Setting CVar [[r.SSR.Quality:3]]
[2022.11.02-22.00.16:364][  0]LogConfig: Setting CVar [[r.SSR.HalfResSceneColor:0]]
[2022.11.02-22.00.16:364][  0]LogConfig: Setting CVar [[r.SceneColorFormat:4]]
[2022.11.02-22.00.16:364][  0]LogConfig: Setting CVar [[r.DetailMode:2]]
[2022.11.02-22.00.16:364][  0]LogConfig: Setting CVar [[r.TranslucencyVolumeBlur:1]]
[2022.11.02-22.00.16:364][  0]LogConfig: Setting CVar [[r.MaterialQualityLevel:1 ; High quality]]
[2022.11.02-22.00.16:364][  0]LogConfig: Setting CVar [[r.AnisotropicMaterials:1]]
[2022.11.02-22.00.16:364][  0]LogConfig: Setting CVar [[r.SSS.Scale:1]]
[2022.11.02-22.00.16:364][  0]LogConfig: Setting CVar [[r.SSS.SampleSet:2]]
[2022.11.02-22.00.16:364][  0]LogConfig: Setting CVar [[r.SSS.Quality:1]]
[2022.11.02-22.00.16:364][  0]LogConfig: Setting CVar [[r.SSS.HalfRes:0]]
[2022.11.02-22.00.16:364][  0]LogConfig: Setting CVar [[r.SSGI.Quality:3]]
[2022.11.02-22.00.16:364][  0]LogConfig: Setting CVar [[r.EmitterSpawnRateScale:1.0]]
[2022.11.02-22.00.16:364][  0]LogConfig: Setting CVar [[r.ParticleLightQuality:2]]
[2022.11.02-22.00.16:364][  0]LogConfig: Setting CVar [[r.SkyAtmosphere.AerialPerspectiveLUT.FastApplyOnOpaque:1 ; Always have FastSkyLUT 1 in this case to avoid wrong sky]]
[2022.11.02-22.00.16:364][  0]LogConfig: Setting CVar [[r.SkyAtmosphere.AerialPerspectiveLUT.SampleCountMaxPerSlice:4]]
[2022.11.02-22.00.16:364][  0]LogConfig: Setting CVar [[r.SkyAtmosphere.AerialPerspectiveLUT.DepthResolution:16.0]]
[2022.11.02-22.00.16:364][  0]LogConfig: Setting CVar [[r.SkyAtmosphere.FastSkyLUT:1]]
[2022.11.02-22.00.16:364][  0]LogConfig: Setting CVar [[r.SkyAtmosphere.FastSkyLUT.SampleCountMin:4.0]]
[2022.11.02-22.00.16:364][  0]LogConfig: Setting CVar [[r.SkyAtmosphere.FastSkyLUT.SampleCountMax:128.0]]
[2022.11.02-22.00.16:364][  0]LogConfig: Setting CVar [[r.SkyAtmosphere.SampleCountMin:4.0]]
[2022.11.02-22.00.16:364][  0]LogConfig: Setting CVar [[r.SkyAtmosphere.SampleCountMax:128.0]]
[2022.11.02-22.00.16:364][  0]LogConfig: Setting CVar [[r.SkyAtmosphere.TransmittanceLUT.UseSmallFormat:0]]
[2022.11.02-22.00.16:364][  0]LogConfig: Setting CVar [[r.SkyAtmosphere.TransmittanceLUT.SampleCount:10.0]]
[2022.11.02-22.00.16:364][  0]LogConfig: Setting CVar [[r.SkyAtmosphere.MultiScatteringLUT.SampleCount:15.0]]
[2022.11.02-22.00.16:364][  0]LogConfig: Setting CVar [[r.SkyLight.RealTimeReflectionCapture:1]]
[2022.11.02-22.00.16:364][  0]LogConfig: Setting CVar [[fx.Niagara.QualityLevel:3]]
[2022.11.02-22.00.16:364][  0]LogConfig: Applying CVar settings from Section [FoliageQuality@3] File [C:/Users/natha/Documents/GitHub/Mid-Term/Saved/Config/WindowsNoEditor/Scalability.ini]
[2022.11.02-22.00.16:364][  0]LogConfig: Setting CVar [[foliage.DensityScale:1.0]]
[2022.11.02-22.00.16:364][  0]LogConfig: Setting CVar [[grass.DensityScale:1.0]]
[2022.11.02-22.00.16:364][  0]LogConfig: Applying CVar settings from Section [ShadingQuality@3] File [C:/Users/natha/Documents/GitHub/Mid-Term/Saved/Config/WindowsNoEditor/Scalability.ini]
[2022.11.02-22.00.16:364][  0]LogConfig: Setting CVar [[r.HairStrands.SkyLighting.IntegrationType:2]]
[2022.11.02-22.00.16:364][  0]LogConfig: Setting CVar [[r.HairStrands.SkyAO.SampleCount:4]]
[2022.11.02-22.00.16:364][  0]LogConfig: Setting CVar [[r.HairStrands.Visibility.MSAA.SamplePerPixel:4]]
[2022.11.02-22.00.16:364][  0]LogConfig: Applying CVar settings from Section [Startup] File [F:/Unreal Engine/UE_4.27/Engine/Config/ConsoleVariables.ini]
[2022.11.02-22.00.16:364][  0]LogConfig: Setting CVar [[net.UseAdaptiveNetUpdateFrequency:0]]
[2022.11.02-22.00.16:364][  0]LogConfig: Setting CVar [[p.chaos.AllowCreatePhysxBodies:1]]
[2022.11.02-22.00.16:364][  0]LogConfig: Setting CVar [[fx.SkipVectorVMBackendOptimizations:1]]
[2022.11.02-22.00.16:364][  0]LogConfig: Applying CVar settings from Section [ConsoleVariables] File [C:/Users/natha/Documents/GitHub/Mid-Term/Saved/Config/WindowsNoEditor/Engine.ini]
[2022.11.02-22.00.16:364][  0]LogInit: Computer: DESKTOP-I1M57I5
[2022.11.02-22.00.16:364][  0]LogInit: User: natha
[2022.11.02-22.00.16:364][  0]LogInit: CPU Page size=4096, Cores=8
[2022.11.02-22.00.16:364][  0]LogInit: High frequency timer resolution =10.000000 MHz
[2022.11.02-22.00.16:364][  0]LogMemory: Memory total: Physical=31.9GB (32GB approx)
[2022.11.02-22.00.16:364][  0]LogMemory: Platform Memory Stats for WindowsNoEditor
[2022.11.02-22.00.16:364][  0]LogMemory: Process Physical Memory: 85.59 MB used, 85.59 MB peak
[2022.11.02-22.00.16:364][  0]LogMemory: Process Virtual Memory: 86.38 MB used, 86.38 MB peak
[2022.11.02-22.00.16:364][  0]LogMemory: Physical Memory: 12591.88 MB used,  20091.34 MB free, 32683.22 MB total
[2022.11.02-22.00.16:364][  0]LogMemory: Virtual Memory: 134202816.00 MB used,  14912.11 MB free, 134217728.00 MB total
[2022.11.02-22.00.16:371][  0]LogWindows: WindowsPlatformFeatures enabled
[2022.11.02-22.00.17:017][  0]LogInit: Physics initialised using underlying interface: PhysX
[2022.11.02-22.00.17:018][  0]LogInit: Using OS detected language (en-US).
[2022.11.02-22.00.17:018][  0]LogInit: Using OS detected locale (en-US).
[2022.11.02-22.00.17:020][  0]LogTextLocalizationManager: No specific localization for 'en-US' exists, so the 'en' localization will be used.
[2022.11.02-22.00.17:035][  0]LogWindowsTextInputMethodSystem: Display: IME system deactivated.
[2022.11.02-22.00.17:065][  0]LogSlate: New Slate User Created.  User Index 0, Is Virtual User: 0
[2022.11.02-22.00.17:065][  0]LogSlate: Slate User Registered.  User Index 0, Is Virtual User: 0
[2022.11.02-22.00.17:126][  0]LogD3D11RHI: Loaded GFSDK_Aftermath_Lib.x64.dll
[2022.11.02-22.00.17:151][  0]LogHMD: Optional extension XR_VARJO_quad_views is not available
[2022.11.02-22.00.17:151][  0]LogHMD: Warning: Required extension XR_EXT_eye_gaze_interaction is not available
[2022.11.02-22.00.17:151][  0]LogHMD: Could not enable all required OpenXR extensions for OpenXREyeTracker on current system. This plugin will be loaded but ignored, but will be enabled on a target platform that supports the required extension.
[2022.11.02-22.00.19:677][  0]LogHMD: Failed to create an OpenXR instance, result is XR_ERROR_RUNTIME_FAILURE. Please check if you have an OpenXR runtime installed. The following extensions were enabled:
[2022.11.02-22.00.19:677][  0]LogHMD: - XR_KHR_D3D11_enable
[2022.11.02-22.00.19:677][  0]LogHMD: - XR_KHR_D3D12_enable
[2022.11.02-22.00.19:677][  0]LogHMD: - XR_KHR_opengl_enable
[2022.11.02-22.00.19:677][  0]LogHMD: - XR_KHR_vulkan_enable
[2022.11.02-22.00.19:677][  0]LogHMD: - XR_KHR_composition_layer_depth
[2022.11.02-22.00.19:677][  0]LogHMD: - XR_KHR_visibility_mask
[2022.11.02-22.00.19:677][  0]LogHMD: - XR_EXT_hand_tracking
[2022.11.02-22.00.19:677][  0]LogD3D11RHI: D3D11 min allowed feature level: 11_0
[2022.11.02-22.00.19:677][  0]LogD3D11RHI: D3D11 max allowed feature level: 11_0
[2022.11.02-22.00.19:677][  0]LogD3D11RHI: D3D11 adapters:
[2022.11.02-22.00.19:796][  0]LogD3D11RHI:    0. 'NVIDIA GeForce RTX 3070 Ti' (Feature Level 11_0)
[2022.11.02-22.00.19:796][  0]LogD3D11RHI:       8041/0/16341 MB DedicatedVideo/DedicatedSystem/SharedSystem, Outputs:2, VendorId:0x10de
[2022.11.02-22.00.19:801][  0]LogD3D11RHI:    1. 'Microsoft Basic Render Driver' (Feature Level 11_0)
[2022.11.02-22.00.19:801][  0]LogD3D11RHI:       0/0/16341 MB DedicatedVideo/DedicatedSystem/SharedSystem, Outputs:0, VendorId:0x1414
[2022.11.02-22.00.19:801][  0]LogD3D11RHI: Chosen D3D11 Adapter:
[2022.11.02-22.00.19:801][  0]LogD3D11RHI:     Description : NVIDIA GeForce RTX 3070 Ti
[2022.11.02-22.00.19:801][  0]LogD3D11RHI:     VendorId    : 10de
[2022.11.02-22.00.19:801][  0]LogD3D11RHI:     DeviceId    : 2482
[2022.11.02-22.00.19:801][  0]LogD3D11RHI:     SubSysId    : 408f1458
[2022.11.02-22.00.19:801][  0]LogD3D11RHI:     Revision    : 00a1
[2022.11.02-22.00.19:801][  0]LogD3D11RHI:     DedicatedVideoMemory : 8431599616 bytes
[2022.11.02-22.00.19:801][  0]LogD3D11RHI:     DedicatedSystemMemory : 0 bytes
[2022.11.02-22.00.19:801][  0]LogD3D11RHI:     SharedSystemMemory : 17135419392 bytes
[2022.11.02-22.00.19:801][  0]LogD3D11RHI:     AdapterLuid : 0 64899
[2022.11.02-22.00.19:808][  0]LogD3D11RHI: Creating new Direct3DDevice
[2022.11.02-22.00.19:808][  0]LogD3D11RHI:     GPU DeviceId: 0x2482 (for the marketing name, search the web for "GPU Device Id")
[2022.11.02-22.00.19:808][  0]LogWindows: EnumDisplayDevices:
[2022.11.02-22.00.19:808][  0]LogWindows:    0. 'NVIDIA GeForce RTX 3070 Ti' (P:0 D:1)
[2022.11.02-22.00.19:808][  0]LogWindows:    1. 'NVIDIA GeForce RTX 3070 Ti' (P:1 D:1)
[2022.11.02-22.00.19:808][  0]LogWindows:    2. 'NVIDIA GeForce RTX 3070 Ti' (P:0 D:0)
[2022.11.02-22.00.19:809][  0]LogWindows:    3. 'NVIDIA GeForce RTX 3070 Ti' (P:0 D:0)
[2022.11.02-22.00.19:809][  0]LogWindows: DebugString: FoundDriverCount:4 
[2022.11.02-22.00.19:809][  0]LogD3D11RHI:     Adapter Name: NVIDIA GeForce RTX 3070 Ti
[2022.11.02-22.00.19:809][  0]LogD3D11RHI:   Driver Version: 512.15 (internal:30.0.15.1215, unified:512.15)
[2022.11.02-22.00.19:809][  0]LogD3D11RHI:      Driver Date: 3-17-2022
[2022.11.02-22.00.19:809][  0]LogRHI: Texture pool is 5628 MB (70% of 8041 MB)
[2022.11.02-22.00.19:809][  0]LogD3D11RHI: Creating D3DDevice using adapter:
[2022.11.02-22.00.19:809][  0]LogD3D11RHI:     Description : NVIDIA GeForce RTX 3070 Ti
[2022.11.02-22.00.19:809][  0]LogD3D11RHI:     VendorId    : 10de
[2022.11.02-22.00.19:809][  0]LogD3D11RHI:     DeviceId    : 2482
[2022.11.02-22.00.19:809][  0]LogD3D11RHI:     SubSysId    : 408f1458
[2022.11.02-22.00.19:809][  0]LogD3D11RHI:     Revision    : 00a1
[2022.11.02-22.00.19:809][  0]LogD3D11RHI:     DedicatedVideoMemory : 8431599616 bytes
[2022.11.02-22.00.19:809][  0]LogD3D11RHI:     DedicatedSystemMemory : 0 bytes
[2022.11.02-22.00.19:809][  0]LogD3D11RHI:     SharedSystemMemory : 17135419392 bytes
[2022.11.02-22.00.19:809][  0]LogD3D11RHI:     AdapterLuid : 0 64899
[2022.11.02-22.00.19:870][  0]LogD3D11RHI: RHI has support for 64 bit atomics
[2022.11.02-22.00.19:870][  0]LogD3D11RHI: Async texture creation enabled
[2022.11.02-22.00.19:870][  0]LogD3D11RHI: Array index from any shader is supported
[2022.11.02-22.00.19:891][  0]LogD3D11RHI: GPU Timing Frequency: 1000.000000 (Debug: 2 1)
[2022.11.02-22.00.20:015][  0]LogRHI: GeForceNow SDK initialized: 1
[2022.11.02-22.00.20:015][  0]LogRendererCore: Ray tracing is disabled. Reason: r.RayTracing=0.
[2022.11.02-22.00.20:016][  0]LogShaderLibrary: Display: Using ../../Content/ShaderArchive-Global-PCD3D_SM5.ushaderbytecode for material shader code. Total 1951 unique shaders.
[2022.11.02-22.00.20:016][  0]LogShaderLibrary: Display: Cooked Context: Using Shared Shader Library Global
[2022.11.02-22.00.20:016][  0]LogShaderLibrary: Display: Logical shader library 'Global' has been created, components 1
[2022.11.02-22.00.20:016][  0]LogShaderLibrary: Display: Running without a pakfile and did not find a monolithic library 'Global_SC' - attempting disk search for its chunks
[2022.11.02-22.00.20:016][  0]LogShaderLibrary: Display:    ....  not found
[2022.11.02-22.00.20:017][  0]LogShaderLibrary: Display: Running without a pakfile and did not find a monolithic library 'Paper2D' - attempting disk search for its chunks
[2022.11.02-22.00.20:017][  0]LogShaderLibrary: Display:    ....  not found
[2022.11.02-22.00.20:017][  0]LogShaderLibrary: Display: Running without a pakfile and did not find a monolithic library 'Paper2D' - attempting disk search for its chunks
[2022.11.02-22.00.20:017][  0]LogShaderLibrary: Display:    ....  not found
[2022.11.02-22.00.20:018][  0]LogShaderLibrary: Display: Running without a pakfile and did not find a monolithic library 'AnimationSharing' - attempting disk search for its chunks
[2022.11.02-22.00.20:018][  0]LogShaderLibrary: Display:    ....  not found
[2022.11.02-22.00.20:018][  0]LogShaderLibrary: Display: Running without a pakfile and did not find a monolithic library 'AnimationSharing' - attempting disk search for its chunks
[2022.11.02-22.00.20:018][  0]LogShaderLibrary: Display:    ....  not found
[2022.11.02-22.00.20:018][  0]LogShaderLibrary: Display: Running without a pakfile and did not find a monolithic library 'GeometryMode' - attempting disk search for its chunks
[2022.11.02-22.00.20:019][  0]LogShaderLibrary: Display:    ....  not found
[2022.11.02-22.00.20:019][  0]LogShaderLibrary: Display: Running without a pakfile and did not find a monolithic library 'GeometryMode' - attempting disk search for its chunks
[2022.11.02-22.00.20:019][  0]LogShaderLibrary: Display:    ....  not found
[2022.11.02-22.00.20:019][  0]LogShaderLibrary: Display: Running without a pakfile and did not find a monolithic library 'SpeedTreeImporter' - attempting disk search for its chunks
[2022.11.02-22.00.20:019][  0]LogShaderLibrary: Display:    ....  not found
[2022.11.02-22.00.20:019][  0]LogShaderLibrary: Display: Running without a pakfile and did not find a monolithic library 'SpeedTreeImporter' - attempting disk search for its chunks
[2022.11.02-22.00.20:020][  0]LogShaderLibrary: Display:    ....  not found
[2022.11.02-22.00.20:020][  0]LogShaderLibrary: Display: Running without a pakfile and did not find a monolithic library 'DatasmithContent' - attempting disk search for its chunks
[2022.11.02-22.00.20:020][  0]LogShaderLibrary: Display:    ....  not found
[2022.11.02-22.00.20:020][  0]LogShaderLibrary: Display: Running without a pakfile and did not find a monolithic library 'DatasmithContent' - attempting disk search for its chunks
[2022.11.02-22.00.20:021][  0]LogShaderLibrary: Display:    ....  not found
[2022.11.02-22.00.20:021][  0]LogShaderLibrary: Display: Running without a pakfile and did not find a monolithic library 'ChaosClothEditor' - attempting disk search for its chunks
[2022.11.02-22.00.20:021][  0]LogShaderLibrary: Display:    ....  not found
[2022.11.02-22.00.20:021][  0]LogShaderLibrary: Display: Running without a pakfile and did not find a monolithic library 'ChaosClothEditor' - attempting disk search for its chunks
[2022.11.02-22.00.20:021][  0]LogShaderLibrary: Display:    ....  not found
[2022.11.02-22.00.20:021][  0]LogShaderLibrary: Display: Running without a pakfile and did not find a monolithic library 'ChaosNiagara' - attempting disk search for its chunks
[2022.11.02-22.00.20:022][  0]LogShaderLibrary: Display:    ....  not found
[2022.11.02-22.00.20:022][  0]LogShaderLibrary: Display: Running without a pakfile and did not find a monolithic library 'ChaosNiagara' - attempting disk search for its chunks
[2022.11.02-22.00.20:022][  0]LogShaderLibrary: Display:    ....  not found
[2022.11.02-22.00.20:022][  0]LogShaderLibrary: Display: Running without a pakfile and did not find a monolithic library 'ChaosSolverPlugin' - attempting disk search for its chunks
[2022.11.02-22.00.20:023][  0]LogShaderLibrary: Display:    ....  not found
[2022.11.02-22.00.20:023][  0]LogShaderLibrary: Display: Running without a pakfile and did not find a monolithic library 'ChaosSolverPlugin' - attempting disk search for its chunks
[2022.11.02-22.00.20:024][  0]LogShaderLibrary: Display:    ....  not found
[2022.11.02-22.00.20:024][  0]LogShaderLibrary: Display: Running without a pakfile and did not find a monolithic library 'GeometryCollectionPlugin' - attempting disk search for its chunks
[2022.11.02-22.00.20:025][  0]LogShaderLibrary: Display:    ....  not found
[2022.11.02-22.00.20:025][  0]LogShaderLibrary: Display: Running without a pakfile and did not find a monolithic library 'GeometryCollectionPlugin' - attempting disk search for its chunks
[2022.11.02-22.00.20:025][  0]LogShaderLibrary: Display:    ....  not found
[2022.11.02-22.00.20:025][  0]LogShaderLibrary: Display: Running without a pakfile and did not find a monolithic library 'GeometryProcessing' - attempting disk search for its chunks
[2022.11.02-22.00.20:026][  0]LogShaderLibrary: Display:    ....  not found
[2022.11.02-22.00.20:026][  0]LogShaderLibrary: Display: Running without a pakfile and did not find a monolithic library 'GeometryProcessing' - attempting disk search for its chunks
[2022.11.02-22.00.20:027][  0]LogShaderLibrary: Display:    ....  not found
[2022.11.02-22.00.20:027][  0]LogShaderLibrary: Display: Running without a pakfile and did not find a monolithic library 'MotoSynth' - attempting disk search for its chunks
[2022.11.02-22.00.20:028][  0]LogShaderLibrary: Display:    ....  not found
[2022.11.02-22.00.20:028][  0]LogShaderLibrary: Display: Running without a pakfile and did not find a monolithic library 'MotoSynth' - attempting disk search for its chunks
[2022.11.02-22.00.20:028][  0]LogShaderLibrary: Display:    ....  not found
[2022.11.02-22.00.20:028][  0]LogShaderLibrary: Display: Running without a pakfile and did not find a monolithic library 'PythonScriptPlugin' - attempting disk search for its chunks
[2022.11.02-22.00.20:029][  0]LogShaderLibrary: Display:    ....  not found
[2022.11.02-22.00.20:029][  0]LogShaderLibrary: Display: Running without a pakfile and did not find a monolithic library 'PythonScriptPlugin' - attempting disk search for its chunks
[2022.11.02-22.00.20:030][  0]LogShaderLibrary: Display:    ....  not found
[2022.11.02-22.00.20:030][  0]LogShaderLibrary: Display: Running without a pakfile and did not find a monolithic library 'CascadeToNiagaraConverter' - attempting disk search for its chunks
[2022.11.02-22.00.20:030][  0]LogShaderLibrary: Display:    ....  not found
[2022.11.02-22.00.20:031][  0]LogShaderLibrary: Display: Running without a pakfile and did not find a monolithic library 'CascadeToNiagaraConverter' - attempting disk search for its chunks
[2022.11.02-22.00.20:031][  0]LogShaderLibrary: Display:    ....  not found
[2022.11.02-22.00.20:032][  0]LogShaderLibrary: Display: Running without a pakfile and did not find a monolithic library 'Niagara' - attempting disk search for its chunks
[2022.11.02-22.00.20:033][  0]LogShaderLibrary: Display:    ....  not found
[2022.11.02-22.00.20:033][  0]LogShaderLibrary: Display: Running without a pakfile and did not find a monolithic library 'Niagara' - attempting disk search for its chunks
[2022.11.02-22.00.20:034][  0]LogShaderLibrary: Display:    ....  not found
[2022.11.02-22.00.20:034][  0]LogShaderLibrary: Display: Running without a pakfile and did not find a monolithic library 'MagicLeap' - attempting disk search for its chunks
[2022.11.02-22.00.20:034][  0]LogShaderLibrary: Display:    ....  not found
[2022.11.02-22.00.20:035][  0]LogShaderLibrary: Display: Running without a pakfile and did not find a monolithic library 'MagicLeap' - attempting disk search for its chunks
[2022.11.02-22.00.20:035][  0]LogShaderLibrary: Display:    ....  not found
[2022.11.02-22.00.20:035][  0]LogShaderLibrary: Display: Running without a pakfile and did not find a monolithic library 'MagicLeapPassableWorld' - attempting disk search for its chunks
[2022.11.02-22.00.20:037][  0]LogShaderLibrary: Display:    ....  not found
[2022.11.02-22.00.20:037][  0]LogShaderLibrary: Display: Running without a pakfile and did not find a monolithic library 'MagicLeapPassableWorld' - attempting disk search for its chunks
[2022.11.02-22.00.20:038][  0]LogShaderLibrary: Display:    ....  not found
[2022.11.02-22.00.20:038][  0]LogShaderLibrary: Display: Running without a pakfile and did not find a monolithic library 'MediaCompositing' - attempting disk search for its chunks
[2022.11.02-22.00.20:038][  0]LogShaderLibrary: Display:    ....  not found
[2022.11.02-22.00.20:039][  0]LogShaderLibrary: Display: Running without a pakfile and did not find a monolithic library 'MediaCompositing' - attempting disk search for its chunks
[2022.11.02-22.00.20:039][  0]LogShaderLibrary: Display:    ....  not found
[2022.11.02-22.00.20:039][  0]LogShaderLibrary: Display: Running without a pakfile and did not find a monolithic library 'AudioSynesthesia' - attempting disk search for its chunks
[2022.11.02-22.00.20:040][  0]LogShaderLibrary: Display:    ....  not found
[2022.11.02-22.00.20:040][  0]LogShaderLibrary: Display: Running without a pakfile and did not find a monolithic library 'AudioSynesthesia' - attempting disk search for its chunks
[2022.11.02-22.00.20:041][  0]LogShaderLibrary: Display:    ....  not found
[2022.11.02-22.00.20:041][  0]LogShaderLibrary: Display: Running without a pakfile and did not find a monolithic library 'OpenXR' - attempting disk search for its chunks
[2022.11.02-22.00.20:042][  0]LogShaderLibrary: Display:    ....  not found
[2022.11.02-22.00.20:042][  0]LogShaderLibrary: Display: Running without a pakfile and did not find a monolithic library 'OpenXR' - attempting disk search for its chunks
[2022.11.02-22.00.20:043][  0]LogShaderLibrary: Display:    ....  not found
[2022.11.02-22.00.20:043][  0]LogShaderLibrary: Display: Running without a pakfile and did not find a monolithic library 'OpenXREyeTracker' - attempting disk search for its chunks
[2022.11.02-22.00.20:044][  0]LogShaderLibrary: Display:    ....  not found
[2022.11.02-22.00.20:044][  0]LogShaderLibrary: Display: Running without a pakfile and did not find a monolithic library 'OpenXREyeTracker' - attempting disk search for its chunks
[2022.11.02-22.00.20:044][  0]LogShaderLibrary: Display:    ....  not found
[2022.11.02-22.00.20:045][  0]LogShaderLibrary: Display: Running without a pakfile and did not find a monolithic library 'OpenXRHandTracking' - attempting disk search for its chunks
[2022.11.02-22.00.20:045][  0]LogShaderLibrary: Display:    ....  not found
[2022.11.02-22.00.20:045][  0]LogShaderLibrary: Display: Running without a pakfile and did not find a monolithic library 'OpenXRHandTracking' - attempting disk search for its chunks
[2022.11.02-22.00.20:046][  0]LogShaderLibrary: Display:    ....  not found
[2022.11.02-22.00.20:046][  0]LogShaderLibrary: Display: Running without a pakfile and did not find a monolithic library 'Synthesis' - attempting disk search for its chunks
[2022.11.02-22.00.20:046][  0]LogShaderLibrary: Display:    ....  not found
[2022.11.02-22.00.20:046][  0]LogShaderLibrary: Display: Running without a pakfile and did not find a monolithic library 'Synthesis' - attempting disk search for its chunks
[2022.11.02-22.00.20:047][  0]LogShaderLibrary: Display:    ....  not found
[2022.11.02-22.00.20:047][  0]LogShaderLibrary: Display: Running without a pakfile and did not find a monolithic library 'Takes' - attempting disk search for its chunks
[2022.11.02-22.00.20:048][  0]LogShaderLibrary: Display:    ....  not found
[2022.11.02-22.00.20:048][  0]LogShaderLibrary: Display: Running without a pakfile and did not find a monolithic library 'Takes' - attempting disk search for its chunks
[2022.11.02-22.00.20:049][  0]LogShaderLibrary: Display:    ....  not found
[2022.11.02-22.00.20:049][  0]LogShaderLibrary: Display: Running without a pakfile and did not find a monolithic library 'OculusVR' - attempting disk search for its chunks
[2022.11.02-22.00.20:050][  0]LogShaderLibrary: Display:    ....  not found
[2022.11.02-22.00.20:051][  0]LogShaderLibrary: Display: Running without a pakfile and did not find a monolithic library 'OculusVR' - attempting disk search for its chunks
[2022.11.02-22.00.20:052][  0]LogShaderLibrary: Display:    ....  not found
[2022.11.02-22.00.20:052][  0]LogTemp: Warning: Clearing the OS Cache
[2022.11.02-22.00.20:052][  0]LogODSC: ODSC Thread active.
[2022.11.02-22.00.20:070][  0]LogSlate: Using FreeType 2.10.0
[2022.11.02-22.00.20:071][  0]LogSlate: SlateFontServices - WITH_FREETYPE: 1, WITH_HARFBUZZ: 1
[2022.11.02-22.00.20:085][  0]LogHMD: Optional extension XR_VARJO_quad_views is not available
[2022.11.02-22.00.20:085][  0]LogHMD: Warning: Required extension XR_EXT_eye_gaze_interaction is not available
[2022.11.02-22.00.20:085][  0]LogHMD: Could not enable all required OpenXR extensions for OpenXREyeTracker on current system. This plugin will be loaded but ignored, but will be enabled on a target platform that supports the required extension.
[2022.11.02-22.00.22:685][  0]LogHMD: Failed to create an OpenXR instance, result is XR_ERROR_RUNTIME_FAILURE. Please check if you have an OpenXR runtime installed. The following extensions were enabled:
[2022.11.02-22.00.22:685][  0]LogHMD: - XR_KHR_D3D11_enable
[2022.11.02-22.00.22:685][  0]LogHMD: - XR_KHR_D3D12_enable
[2022.11.02-22.00.22:685][  0]LogHMD: - XR_KHR_opengl_enable
[2022.11.02-22.00.22:685][  0]LogHMD: - XR_KHR_vulkan_enable
[2022.11.02-22.00.22:685][  0]LogHMD: - XR_KHR_composition_layer_depth
[2022.11.02-22.00.22:685][  0]LogHMD: - XR_KHR_visibility_mask
[2022.11.02-22.00.22:685][  0]LogHMD: - XR_EXT_hand_tracking
[2022.11.02-22.00.22:974][  0]LogShaderLibrary: Display: Using ../../Content/ShaderArchive-Midterm-PCD3D_SM5.ushaderbytecode for material shader code. Total 3748 unique shaders.
[2022.11.02-22.00.22:974][  0]LogShaderLibrary: Display: Cooked Context: Using Shared Shader Library Midterm
[2022.11.02-22.00.22:974][  0]LogShaderLibrary: Display: Logical shader library 'Midterm' has been created, components 1
[2022.11.02-22.00.22:974][  0]LogRHI: Display: Opened pipeline cache after state change and enqueued 0 of 0 tasks for precompile.
[2022.11.02-22.00.22:974][  0]LogRHI: Display: Failed to open default shader pipeline cache for Midterm using shader platform 0.
[2022.11.02-22.00.22:974][  0]LogInit: Using OS detected language (en-US).
[2022.11.02-22.00.22:974][  0]LogInit: Using OS detected locale (en-US).
[2022.11.02-22.00.22:974][  0]LogTextLocalizationManager: No localization for 'en-US' exists, so 'en' will be used for the language.
[2022.11.02-22.00.22:974][  0]LogTextLocalizationManager: No localization for 'en-US' exists, so 'en' will be used for the locale.
[2022.11.02-22.00.22:974][  0]LogSlate: FontCache flush requested. Reason: Culture for localization was changed
[2022.11.02-22.00.22:974][  0]LogSlate: FontCache flush requested. Reason: Culture for localization was changed
[2022.11.02-22.00.22:976][  0]LogTextLocalizationManager: Compacting localization data took   0.02ms
[2022.11.02-22.00.22:976][  0]LogAssetRegistry: FAssetRegistry took 0.0016 seconds to start up
[2022.11.02-22.00.23:043][  0]LogStreaming: Display: FlushAsyncLoading: 1 QueuedPackages, 0 AsyncPackages
[2022.11.02-22.00.23:043][  0]LogPackageLocalizationCache: Processed 26 localized package path(s) for 1 prioritized culture(s) in 0.000059 seconds
[2022.11.02-22.00.23:050][  0]LogSerialization: Display: AllowBulkDataInIoStore: 'true'
[2022.11.02-22.00.23:050][  0]LogInit: Selected Device Profile: [WindowsNoEditor]
[2022.11.02-22.00.23:050][  0]LogInit: Active device profile: [000001FE17FD7F00][000001FE09F60010 49] WindowsNoEditor
[2022.11.02-22.00.23:051][  0]LogInit: Profiles: [000001FE17FDACC0][000001FE16320010 49] Windows, [000001FE17FD7F00][000001FE09F60010 49] WindowsNoEditor, 
[2022.11.02-22.00.23:075][  0]LogNetVersion: Midterm 1.0.0, NetCL: 17155196, EngineNetVer: 17, GameNetVer: 0 (Checksum: 1341048358)
[2022.11.02-22.00.23:117][  0]LogAudioCaptureCore: Display: No Audio Capture implementations found. Audio input will be silent.
[2022.11.02-22.00.23:117][  0]LogAudioCaptureCore: Display: No Audio Capture implementations found. Audio input will be silent.
[2022.11.02-22.00.23:118][  0]LogHMD: PokeAHoleMaterial loaded successfully
[2022.11.02-22.00.23:145][  0]LogMoviePlayer: Initializing movie player
[2022.11.02-22.00.23:181][  0]LogNiagaraDebuggerClient: Niagara Debugger Client Initialized | Session: 28D7FB264A4CB20D7D37F6BA8174224D | Instance: 8E2FCD364E5CC58AC8597FA7489FD4FD (DESKTOP-I1M57I5-9116).
[2022.11.02-22.00.23:183][  0]LogAndroidPermission: UAndroidPermissionCallbackProxy::GetInstance
[2022.11.02-22.00.23:183][  0]LogOcInput: OculusInput pre-init called
[2022.11.02-22.00.23:186][  0]LogUObjectArray: 15701 objects as part of root set at end of initial load.
[2022.11.02-22.00.23:186][  0]LogUObjectArray: 2 objects are not in the root set, but can never be destroyed because they are in the DisregardForGC set.
[2022.11.02-22.00.23:186][  0]LogUObjectAllocator: 3185656 out of 0 bytes used by permanent object pool.
[2022.11.02-22.00.23:186][  0]LogUObjectArray: CloseDisregardForGC: 15701/15701 objects in disregard for GC pool
[2022.11.02-22.00.23:188][  0]LogEngine: Initializing Engine...
[2022.11.02-22.00.23:203][  0]LogHMD: Optional extension XR_VARJO_quad_views is not available
[2022.11.02-22.00.23:203][  0]LogHMD: Warning: Required extension XR_EXT_eye_gaze_interaction is not available
[2022.11.02-22.00.23:203][  0]LogHMD: Could not enable all required OpenXR extensions for OpenXREyeTracker on current system. This plugin will be loaded but ignored, but will be enabled on a target platform that supports the required extension.
[2022.11.02-22.00.25:788][  0]LogHMD: Failed to create an OpenXR instance, result is XR_ERROR_RUNTIME_FAILURE. Please check if you have an OpenXR runtime installed. The following extensions were enabled:
[2022.11.02-22.00.25:788][  0]LogHMD: - XR_KHR_D3D11_enable
[2022.11.02-22.00.25:788][  0]LogHMD: - XR_KHR_D3D12_enable
[2022.11.02-22.00.25:788][  0]LogHMD: - XR_KHR_opengl_enable
[2022.11.02-22.00.25:788][  0]LogHMD: - XR_KHR_vulkan_enable
[2022.11.02-22.00.25:788][  0]LogHMD: - XR_KHR_composition_layer_depth
[2022.11.02-22.00.25:788][  0]LogHMD: - XR_KHR_visibility_mask
[2022.11.02-22.00.25:788][  0]LogHMD: - XR_EXT_hand_tracking
[2022.11.02-22.00.25:789][  0]LogStats: UGameplayTagsManager::InitializeManager -  0.000 s
[2022.11.02-22.00.25:855][  0]LogInit: Initializing FReadOnlyCVARCache
[2022.11.02-22.00.25:855][  0]LogAudio: Display: Initializing Audio Device Manager...
[2022.11.02-22.00.25:856][  0]LogAudio: Display: Loading Default Audio Settings Objects...
[2022.11.02-22.00.25:857][  0]LogAudio: Display: No default SoundConcurrencyObject specified (or failed to load).
[2022.11.02-22.00.25:857][  0]LogAudio: Display: Audio Device Manager Initialized
[2022.11.02-22.00.25:857][  0]LogAudio: Display: Creating Audio Device:                 Id: 1, Scope: Shared, Realtime: True
[2022.11.02-22.00.25:857][  0]LogAudioMixer: Display: Audio Mixer Platform Settings:
[2022.11.02-22.00.25:857][  0]LogAudioMixer: Display: 	Sample Rate:						  48000
[2022.11.02-22.00.25:857][  0]LogAudioMixer: Display: 	Callback Buffer Frame Size Requested: 1024
[2022.11.02-22.00.25:857][  0]LogAudioMixer: Display: 	Callback Buffer Frame Size To Use:	  1024
[2022.11.02-22.00.25:857][  0]LogAudioMixer: Display: 	Number of buffers to queue:			  2
[2022.11.02-22.00.25:857][  0]LogAudioMixer: Display: 	Max Channels (voices):				  32
[2022.11.02-22.00.25:857][  0]LogAudioMixer: Display: 	Number of Async Source Workers:		  0
[2022.11.02-22.00.25:857][  0]LogAudio: Display: AudioDevice MaxSources: 32
[2022.11.02-22.00.25:857][  0]LogAudio: Display: Audio Spatialization Plugin: None (built-in).
[2022.11.02-22.00.25:857][  0]LogAudio: Display: Audio Reverb Plugin: None (built-in).
[2022.11.02-22.00.25:857][  0]LogAudio: Display: Audio Occlusion Plugin: None (built-in).
[2022.11.02-22.00.25:857][  0]LogAudioMixer: Display: Initializing audio mixer.
[2022.11.02-22.00.25:929][  0]LogAudioDebug: Display: Lib vorbis DLL was dynamically loaded.
[2022.11.02-22.00.25:948][  0]LogAudioMixer: Display: 0: FrontLeft
[2022.11.02-22.00.25:948][  0]LogAudioMixer: Display: 1: FrontRight
[2022.11.02-22.00.25:970][  0]LogAudioMixer: Display: Using Audio Device Speakers (Realtek High Definition Audio)
[2022.11.02-22.00.25:970][  0]LogAudioMixer: Display: Initializing Sound Submixes...
[2022.11.02-22.00.25:972][  0]LogAudioMixer: Display: Creating Master Submix 'MasterSubmixDefault'
[2022.11.02-22.00.25:972][  0]LogAudioMixer: Display: Creating Master Submix 'MasterReverbSubmixDefault'
[2022.11.02-22.00.25:973][  0]LogAudioMixer: Display: Creating Master Submix 'MasterEQSubmixDefault'
[2022.11.02-22.00.25:973][  0]LogAudioMixer: FMixerPlatformXAudio2::StartAudioStream() called
[2022.11.02-22.00.25:973][  0]LogAudioMixer: Display: Output buffers initialized: Frames=1024, Channels=2, Samples=2048
[2022.11.02-22.00.25:974][  0]LogAudioMixer: Display: Starting AudioMixerPlatformInterface::RunInternal()
[2022.11.02-22.00.25:974][  0]LogAudioMixer: Display: FMixerPlatformXAudio2::SubmitBuffer() called for the first time
[2022.11.02-22.00.25:974][  0]LogInit: FAudioDevice initialized.
[2022.11.02-22.00.25:975][  0]LogNetVersion: Set ProjectVersion to 1.0.0.0. Version Checksum will be recalculated on next use.
[2022.11.02-22.00.25:975][  0]LogInit: Texture streaming: Enabled
[2022.11.02-22.00.25:983][  0]LogAudio: Display: Audio Device (ID: 1) registered with world 'Untitled'.
[2022.11.02-22.00.25:984][  0]LogSlate: Updating window title bar state: overlay mode, drag disabled, window buttons hidden, title bar hidden
[2022.11.02-22.00.25:984][  0]LogInit: Display: Game Engine Initialized.
[2022.11.02-22.00.25:985][  0]LogInit: Display: Starting Game.
[2022.11.02-22.00.25:985][  0]LogNet: Browse: /Game/Levels/TitleScreen/TitleScreen?Name=Player
[2022.11.02-22.00.25:985][  0]LogLoad: LoadMap: /Game/Levels/TitleScreen/TitleScreen?Name=Player
[2022.11.02-22.00.25:985][  0]LogWorld: BeginTearingDown for /Temp/Untitled_0
[2022.11.02-22.00.25:986][  0]LogWorld: UWorld::CleanupWorld for Untitled, bSessionEnded=true, bCleanupResources=true
[2022.11.02-22.00.25:986][  0]LogSlate: InvalidateAllWidgets triggered.  All widgets were invalidated
[2022.11.02-22.00.25:988][  0]LogAudio: Display: Audio Device unregistered from world 'None'.
[2022.11.02-22.00.25:990][  0]LogUObjectHash: Compacting FUObjectHashTables data took   0.63ms
[2022.11.02-22.00.26:030][  0]LogAudio: Display: Audio Device (ID: 1) registered with world 'TitleScreen'.
[2022.11.02-22.00.26:031][  0]LogAIModule: Creating AISystem for world TitleScreen
[2022.11.02-22.00.26:031][  0]LogLoad: Game class is 'MainMenuGamemode_C'
[2022.11.02-22.00.26:032][  0]LogWorld: Bringing World /Game/Levels/TitleScreen/TitleScreen.TitleScreen up for play (max tick rate 0) at 2022.11.02-18.00.26
[2022.11.02-22.00.26:032][  0]LogWorld: Bringing up level for play took: 0.000212
[2022.11.02-22.00.26:032][  0]LogGameMode: FindPlayerStart: PATHS NOT DEFINED or NO PLAYERSTART with positive rating
[2022.11.02-22.00.26:033][  0]LogSpawn: Warning: SpawnActor failed because no class was specified
[2022.11.02-22.00.26:035][  0]LogLoad: Took 0.050611 seconds to LoadMap(/Game/Levels/TitleScreen/TitleScreen)
[2022.11.02-22.00.26:036][  0]LogSlate: Took 0.000268 seconds to synchronously load lazily loaded font 'F:/Unreal Engine/UE_4.27/Engine/Content/EngineFonts/Faces/RobotoBold.ufont' (160K)
[2022.11.02-22.00.26:084][  0]LogSlate: Took 0.000338 seconds to synchronously load lazily loaded font 'F:/Unreal Engine/UE_4.27/Engine/Content/Slate/Fonts/Roboto-Regular.ttf' (155K)
[2022.11.02-22.00.26:114][  0]LogRenderer: Reallocating scene render targets to support 1920x1080 Format 10 NumSamples 1 (Frame:1).
[2022.11.02-22.00.26:114][  0]LogRHI: Display: ShaderPipelineCache: Paused Batching. 1
[2022.11.02-22.00.26:115][  0]LogRHI: Display: ShaderPipelineCache: Resumed Batching. 0
[2022.11.02-22.00.26:115][  0]LogRHI: Display: ShaderPipelineCache: Batching Resumed.
[2022.11.02-22.00.26:115][  0]LogInit: Display: Engine is initialized. Leaving FEngineLoop::Init()
[2022.11.02-22.00.26:115][  0]LogLoad: (Engine Initialization) Total time: 23.02 seconds
[2022.11.02-22.00.26:117][  0]LogContentStreaming: Texture pool size now 1000 MB
[2022.11.02-22.00.26:119][  0]LogSlate: InvalidateAllWidgets triggered.  All widgets were invalidated
[2022.11.02-22.00.26:293][  0]LogSlate: Slate font cache was flushed
[2022.11.02-22.00.26:299][  1]LogNiagara: Niagara Effect stalled GT for 0.216 ms. Component(NiagaraComponent /Game/Levels/TitleScreen/TitleScreen.TitleScreen:PersistentLevel.WorldSettings.NiagaraComponent_2147482521) System(NiagaraSystem /Game/MuzzleFlashPack/Particles/NS_RealisticMuzzleFlash4.NS_RealisticMuzzleFlash4)
[2022.11.02-22.00.26:300][  1]LogSlate: Took 0.000429 seconds to synchronously load lazily loaded font 'F:/Unreal Engine/UE_4.27/Engine/Content/Slate/Fonts/Roboto-Regular.ttf' (155K)
[2022.11.02-22.00.26:301][  1]LogSlate: Took 0.000267 seconds to synchronously load lazily loaded font 'F:/Unreal Engine/UE_4.27/Engine/Content/EngineFonts/Faces/RobotoBold.ufont' (160K)
[2022.11.02-22.00.32:597][501]LogNet: Browse: /Game/Levels/Tutorial
[2022.11.02-22.00.32:597][501]LogLoad: LoadMap: /Game/Levels/Tutorial
[2022.11.02-22.00.32:597][501]LogWorld: BeginTearingDown for /Game/Levels/TitleScreen/TitleScreen
[2022.11.02-22.00.32:598][501]LogWorld: UWorld::CleanupWorld for TitleScreen, bSessionEnded=true, bCleanupResources=true
[2022.11.02-22.00.32:598][501]LogSlate: InvalidateAllWidgets triggered.  All widgets were invalidated
[2022.11.02-22.00.32:629][501]LogAudio: Display: Audio Device unregistered from world 'None'.
[2022.11.02-22.00.32:631][501]LogUObjectHash: Compacting FUObjectHashTables data took   0.58ms
[2022.11.02-22.00.32:632][501]LogStreaming: Display: FlushAsyncLoading: 1 QueuedPackages, 0 AsyncPackages
[2022.11.02-22.00.32:689][501]LogAudio: Display: Audio Device (ID: 1) registered with world 'Tutorial'.
[2022.11.02-22.00.32:690][501]LogAIModule: Creating AISystem for world Tutorial
[2022.11.02-22.00.32:692][501]LogLoad: Game class is 'FirstPersonGameMode_C'
[2022.11.02-22.00.32:694][501]LogWorld: Bringing World /Game/Levels/Tutorial.Tutorial up for play (max tick rate 0) at 2022.11.02-18.00.32
[2022.11.02-22.00.32:694][501]LogWorld: Bringing up level for play took: 0.001486
[2022.11.02-22.00.32:697][501]LogLoad: Took 0.099418 seconds to LoadMap(/Game/Levels/Tutorial)
[2022.11.02-22.00.53:106][199]LogBlueprintUserMessages: [Stationaryenemy_2] you losed
[2022.11.02-22.00.54:334][419]LogBlueprintUserMessages: [Stationaryenemy2_8] you losed
[2022.11.02-22.00.56:486][838]LogNet: Browse: /Game/Levels/Level1
[2022.11.02-22.00.56:486][838]LogLoad: LoadMap: /Game/Levels/Level1
[2022.11.02-22.00.56:486][838]LogWorld: BeginTearingDown for /Game/Levels/Tutorial
[2022.11.02-22.00.56:488][838]LogWorld: UWorld::CleanupWorld for Tutorial, bSessionEnded=true, bCleanupResources=true
[2022.11.02-22.00.56:488][838]LogSlate: InvalidateAllWidgets triggered.  All widgets were invalidated
[2022.11.02-22.00.56:518][838]LogAudio: Display: Audio Device unregistered from world 'None'.
[2022.11.02-22.00.56:522][838]LogUObjectHash: Compacting FUObjectHashTables data took   0.63ms
[2022.11.02-22.00.56:524][838]LogStreaming: Display: FlushAsyncLoading: 1 QueuedPackages, 0 AsyncPackages
[2022.11.02-22.00.56:595][838]LogAudio: Display: Audio Device (ID: 1) registered with world 'Level1'.
[2022.11.02-22.00.56:596][838]LogAIModule: Creating AISystem for world Level1
[2022.11.02-22.00.56:598][838]LogLoad: Game class is 'FirstPersonGameMode_C'
[2022.11.02-22.00.56:601][838]LogWorld: Bringing World /Game/Levels/Level1.Level1 up for play (max tick rate 0) at 2022.11.02-18.00.56
[2022.11.02-22.00.56:602][838]LogWorld: Bringing up level for play took: 0.003177
[2022.11.02-22.00.56:604][838]LogLoad: Took 0.118610 seconds to LoadMap(/Game/Levels/Level1)
[2022.11.02-22.01.04:382][387]LogBlueprintUserMessages: [Stationaryenemy3_8] you losed
[2022.11.02-22.01.08:067][121]LogNet: Browse: /Game/Levels/Level1
[2022.11.02-22.01.08:067][121]LogLoad: LoadMap: /Game/Levels/Level1
[2022.11.02-22.01.08:067][121]LogWorld: BeginTearingDown for /Game/Levels/Level1
[2022.11.02-22.01.08:067][121]LogWorld: UWorld::CleanupWorld for Level1, bSessionEnded=true, bCleanupResources=true
[2022.11.02-22.01.08:068][121]LogSlate: InvalidateAllWidgets triggered.  All widgets were invalidated
[2022.11.02-22.01.08:104][121]LogAudio: Display: Waited 35.186001 ms for audio thread.
[2022.11.02-22.01.08:107][121]LogAudio: Display: Waited 38.415600 ms for audio thread.
[2022.11.02-22.01.08:109][121]LogAudio: Display: Audio Device unregistered from world 'None'.
[2022.11.02-22.01.08:113][121]LogUObjectHash: Compacting FUObjectHashTables data took   1.32ms
[2022.11.02-22.01.08:115][121]LogStreaming: Display: FlushAsyncLoading: 1 QueuedPackages, 0 AsyncPackages
[2022.11.02-22.01.08:185][121]LogAudio: Display: Audio Device (ID: 1) registered with world 'Level1'.
[2022.11.02-22.01.08:185][121]LogAIModule: Creating AISystem for world Level1
[2022.11.02-22.01.08:188][121]LogLoad: Game class is 'FirstPersonGameMode_C'
[2022.11.02-22.01.08:191][121]LogWorld: Bringing World /Game/Levels/Level1.Level1 up for play (max tick rate 0) at 2022.11.02-18.01.08
[2022.11.02-22.01.08:192][121]LogWorld: Bringing up level for play took: 0.003220
[2022.11.02-22.01.08:194][121]LogLoad: Took 0.126885 seconds to LoadMap(/Game/Levels/Level1)
[2022.11.02-22.01.12:005][978]LogSlate: Request Window 'Midterm (64-bit Development PCD3D_SM5) ' being destroyed
[2022.11.02-22.01.12:013][978]LogSlate: Window 'Midterm (64-bit Development PCD3D_SM5) ' being destroyed
[2022.11.02-22.01.12:014][978]LogWindowsTextInputMethodSystem: Display: IME system deactivated.
[2022.11.02-22.01.12:015][978]LogSlate: Updating window title bar state: overlay mode, drag disabled, window buttons hidden, title bar hidden
[2022.11.02-22.01.12:015][978]LogEngine: All Windows Closed
[2022.11.02-22.01.12:015][978]LogWindows: FPlatformMisc::RequestExit(0)
[2022.11.02-22.01.12:015][978]LogWindows: FPlatformMisc::RequestExitWithStatus(0, 0)
[2022.11.02-22.01.12:015][978]LogCore: Engine exit requested (reason: Win RequestExit)
[2022.11.02-22.01.12:016][979]LogCore: Engine exit requested (reason: EngineExit() was called; note: exit was already requested)
[2022.11.02-22.01.12:016][979]LogInit: Display: PreExit Game.
[2022.11.02-22.01.12:027][979]LogWorld: BeginTearingDown for /Game/Levels/Level1
[2022.11.02-22.01.12:027][979]LogWorld: UWorld::CleanupWorld for Level1, bSessionEnded=true, bCleanupResources=true
[2022.11.02-22.01.12:028][979]LogSlate: InvalidateAllWidgets triggered.  All widgets were invalidated
[2022.11.02-22.01.12:810][979]LogAudio: Display: Beginning Audio Device Manager Shutdown (Module: AudioMixerXAudio2)...
[2022.11.02-22.01.12:810][979]LogAudio: Display: Destroying 1 Remaining Audio Device(s)...
[2022.11.02-22.01.12:810][979]LogAudio: Display: Audio Device unregistered from world 'Level1'.
[2022.11.02-22.01.12:836][979]LogAudioMixer: FMixerPlatformXAudio2::StopAudioStream() called
[2022.11.02-22.01.12:837][979]LogAudioMixer: FMixerPlatformXAudio2::StopAudioStream() called
[2022.11.02-22.01.12:848][979]LogAudio: Display: Audio Device Manager Shutdown
[2022.11.02-22.01.12:852][979]LogExit: Preparing to exit.
[2022.11.02-22.01.12:852][979]LogMoviePlayer: Shutting down movie player
[2022.11.02-22.01.12:853][979]LogSlate: Updating window title bar state: overlay mode, drag disabled, window buttons hidden, title bar hidden
[2022.11.02-22.01.12:867][979]LogExit: Game engine shut down
[2022.11.02-22.01.12:868][979]LogDemo: Cleaned up 0 splitscreen connections with owner deletion
[2022.11.02-22.01.12:885][979]LogExit: Object subsystem successfully closed.
[2022.11.02-22.01.12:896][979]LogModuleManager: Shutting down and abandoning module AutomationController (352)
[2022.11.02-22.01.12:896][979]LogModuleManager: Shutting down and abandoning module AutomationWorker (350)
[2022.11.02-22.01.12:896][979]LogModuleManager: Shutting down and abandoning module Voice (348)
[2022.11.02-22.01.12:896][979]LogModuleManager: Shutting down and abandoning module AIModule (346)
[2022.11.02-22.01.12:896][979]LogModuleManager: Shutting down and abandoning module GameplayDebugger (345)
[2022.11.02-22.01.12:896][979]LogModuleManager: Shutting down and abandoning module NavigationSystem (343)
[2022.11.02-22.01.12:896][979]LogModuleManager: Shutting down and abandoning module OculusMR (340)
[2022.11.02-22.01.12:896][979]LogModuleManager: Shutting down and abandoning module OpenXRInput (338)
[2022.11.02-22.01.12:896][979]LogModuleManager: Shutting down and abandoning module WmfMediaFactory (336)
[2022.11.02-22.01.12:896][979]LogModuleManager: Shutting down and abandoning module WebMMediaFactory (334)
[2022.11.02-22.01.12:896][979]LogModuleManager: Shutting down and abandoning module WebMMedia (332)
[2022.11.02-22.01.12:896][979]LogModuleManager: Shutting down and abandoning module OpenExrWrapper (330)
[2022.11.02-22.01.12:896][979]LogModuleManager: Shutting down and abandoning module ImgMediaFactory (328)
[2022.11.02-22.01.12:896][979]LogModuleManager: Shutting down and abandoning module AvfMediaFactory (326)
[2022.11.02-22.01.12:896][979]LogModuleManager: Shutting down and abandoning module PlanarCut (324)
[2022.11.02-22.01.12:896][979]LogModuleManager: Shutting down and abandoning module CharacterAI (322)
[2022.11.02-22.01.12:896][979]LogModuleManager: Shutting down and abandoning module SessionServices (320)
[2022.11.02-22.01.12:896][979]LogModuleManager: Shutting down and abandoning module LiveCoding (318)
[2022.11.02-22.01.12:896][979]LogModuleManager: Shutting down and abandoning module LevelSequence (316)
[2022.11.02-22.01.12:896][979]LogModuleManager: Shutting down and abandoning module MovieSceneTracks (314)
[2022.11.02-22.01.12:896][979]LogModuleManager: Shutting down and abandoning module MovieScene (312)
[2022.11.02-22.01.12:896][979]LogModuleManager: Shutting down and abandoning module StreamingPauseRendering (310)
[2022.11.02-22.01.12:896][979]LogModuleManager: Shutting down and abandoning module AudioMixerXAudio2 (308)
[2022.11.02-22.01.12:896][979]LogModuleManager: Shutting down and abandoning module AudioMixerCore (307)
[2022.11.02-22.01.12:896][979]LogModuleManager: Shutting down and abandoning module ImageWriteQueue (304)
[2022.11.02-22.01.12:897][979]LogModuleManager: Shutting down and abandoning module ProfilerService (302)
[2022.11.02-22.01.13:019][979]LogModuleManager: Shutting down and abandoning module TaskGraph (300)
[2022.11.02-22.01.13:019][979]LogModuleManager: Shutting down and abandoning module OculusInput (298)
[2022.11.02-22.01.13:019][979]LogModuleManager: Shutting down and abandoning module TakeMovieScene (296)
[2022.11.02-22.01.13:019][979]LogModuleManager: Shutting down and abandoning module Synthesis (294)
[2022.11.02-22.01.13:019][979]LogModuleManager: Shutting down and abandoning module ProceduralMeshComponent (292)
[2022.11.02-22.01.13:019][979]LogModuleManager: Shutting down and abandoning module MobilePatchingUtils (290)
[2022.11.02-22.01.13:019][979]LogModuleManager: Shutting down and abandoning module GooglePAD (288)
[2022.11.02-22.01.13:019][979]LogModuleManager: Shutting down and abandoning module EditableMesh (286)
[2022.11.02-22.01.13:019][979]LogModuleManager: Shutting down and abandoning module CustomMeshComponent (284)
[2022.11.02-22.01.13:019][979]LogModuleManager: Shutting down and abandoning module CableComponent (282)
[2022.11.02-22.01.13:019][979]LogModuleManager: Shutting down and abandoning module AudioCapture (280)
[2022.11.02-22.01.13:019][979]LogModuleManager: Shutting down and abandoning module AudioCaptureRtAudio (279)
[2022.11.02-22.01.13:019][979]LogModuleManager: Shutting down and abandoning module AssetTags (276)
[2022.11.02-22.01.13:019][979]LogModuleManager: Shutting down and abandoning module ArchVisCharacter (274)
[2022.11.02-22.01.13:019][979]LogModuleManager: Shutting down and abandoning module AppleImageUtils (272)
[2022.11.02-22.01.13:019][979]LogModuleManager: Shutting down and abandoning module AndroidPermission (270)
[2022.11.02-22.01.13:019][979]LogModuleManager: Shutting down and abandoning module ActorLayerUtilities (268)
[2022.11.02-22.01.13:019][979]LogModuleManager: Shutting down and abandoning module TemplateSequence (266)
[2022.11.02-22.01.13:019][979]LogModuleManager: Shutting down and abandoning module MediaCompositing (264)
[2022.11.02-22.01.13:019][979]LogModuleManager: Shutting down and abandoning module ImgMedia (262)
[2022.11.02-22.01.13:019][979]LogModuleManager: Shutting down and abandoning module MagicLeapSharedWorld (260)
[2022.11.02-22.01.13:019][979]LogModuleManager: Shutting down and abandoning module MagicLeapLightEstimation (258)
[2022.11.02-22.01.13:019][979]LogModuleManager: Shutting down and abandoning module MagicLeapHelperVulkan (256)
[2022.11.02-22.01.13:019][979]LogModuleManager: Shutting down and abandoning module MagicLeapHelperOpenGL (254)
[2022.11.02-22.01.13:019][979]LogModuleManager: Shutting down and abandoning module MagicLeapAudio (252)
[2022.11.02-22.01.13:019][979]LogModuleManager: Shutting down and abandoning module OpenImageDenoise (250)
[2022.11.02-22.01.13:019][979]LogModuleManager: Shutting down and abandoning module MotoSynth (248)
[2022.11.02-22.01.13:019][979]LogModuleManager: Shutting down and abandoning module MeshConversion (246)
[2022.11.02-22.01.13:019][979]LogModuleManager: Shutting down and abandoning module DynamicMesh (244)
[2022.11.02-22.01.13:019][979]LogModuleManager: Shutting down and abandoning module GeometryAlgorithms (242)
[2022.11.02-22.01.13:019][979]LogModuleManager: Shutting down and abandoning module GeometricObjects (240)
[2022.11.02-22.01.13:019][979]LogModuleManager: Shutting down and abandoning module GeometryCollectionTracks (238)
[2022.11.02-22.01.13:019][979]LogModuleManager: Shutting down and abandoning module GeometryCacheTracks (236)
[2022.11.02-22.01.13:019][979]LogModuleManager: Shutting down and abandoning module GeometryCache (234)
[2022.11.02-22.01.13:019][979]LogModuleManager: Shutting down and abandoning module ChaosNiagara (232)
[2022.11.02-22.01.13:019][979]LogModuleManager: Shutting down and abandoning module BackChannel (230)
[2022.11.02-22.01.13:019][979]LogModuleManager: Shutting down and abandoning module AutomationUtils (228)
[2022.11.02-22.01.13:019][979]LogModuleManager: Shutting down and abandoning module UObjectPlugin (226)
[2022.11.02-22.01.13:019][979]LogModuleManager: Shutting down and abandoning module OodleNetworkHandlerComponent (224)
[2022.11.02-22.01.13:019][979]LogModuleManager: Shutting down and abandoning module LiveLinkMovieScene (222)
[2022.11.02-22.01.13:019][979]LogModuleManager: Shutting down and abandoning module LiveLinkComponents (220)
[2022.11.02-22.01.13:019][979]LogModuleManager: Shutting down and abandoning module LiveLink (218)
[2022.11.02-22.01.13:204][979]LogModuleManager: Shutting down and abandoning module SoundFields (216)
[2022.11.02-22.01.13:204][979]LogModuleManager: Shutting down and abandoning module SignificanceManager (214)
[2022.11.02-22.01.13:204][979]LogModuleManager: Shutting down and abandoning module RuntimePhysXCooking (212)
[2022.11.02-22.01.13:204][979]LogModuleManager: Shutting down and abandoning module LocationServicesBPLibrary (208)
[2022.11.02-22.01.13:204][979]LogModuleManager: Shutting down and abandoning module AudioSynesthesia (206)
[2022.11.02-22.01.13:204][979]LogModuleManager: Shutting down and abandoning module AudioSynesthesiaCore (204)
[2022.11.02-22.01.13:204][979]LogModuleManager: Shutting down and abandoning module ActorSequence (202)
[2022.11.02-22.01.13:204][979]LogModuleManager: Shutting down and abandoning module UdpMessaging (200)
[2022.11.02-22.01.13:204][979]LogModuleManager: Shutting down and abandoning module TcpMessaging (198)
[2022.11.02-22.01.13:204][979]LogModuleManager: Shutting down and abandoning module ImgMediaEngine (196)
[2022.11.02-22.01.13:204][979]LogModuleManager: Shutting down and abandoning module MagicLeapARPin (194)
[2022.11.02-22.01.13:204][979]LogModuleManager: Shutting down and abandoning module MagicLeapHandMeshing (192)
[2022.11.02-22.01.13:204][979]LogModuleManager: Shutting down and abandoning module MagicLeapSecureStorage (190)
[2022.11.02-22.01.13:204][979]LogModuleManager: Shutting down and abandoning module MagicLeapPrivileges (188)
[2022.11.02-22.01.13:204][979]LogModuleManager: Shutting down and abandoning module MagicLeapPlanes (186)
[2022.11.02-22.01.13:204][979]LogModuleManager: Shutting down and abandoning module MagicLeapImageTracker (184)
[2022.11.02-22.01.13:205][979]LogModuleManager: Shutting down and abandoning module MagicLeapIdentity (182)
[2022.11.02-22.01.13:205][979]LogModuleManager: Shutting down and abandoning module MagicLeapHandTracking (180)
[2022.11.02-22.01.13:205][979]LogModuleManager: Shutting down and abandoning module MagicLeapEyeTracker (178)
[2022.11.02-22.01.13:205][979]LogModuleManager: Shutting down and abandoning module MagicLeapController (176)
[2022.11.02-22.01.13:205][979]LogModuleManager: Shutting down and abandoning module MagicLeapARPinImpl (174)
[2022.11.02-22.01.13:205][979]LogModuleManager: Shutting down and abandoning module MagicLeapAR (172)
[2022.11.02-22.01.13:205][979]LogModuleManager: Shutting down and abandoning module NiagaraAnimNotifies (170)
[2022.11.02-22.01.13:205][979]LogModuleManager: Shutting down and abandoning module Niagara (168)
[2022.11.02-22.01.13:205][979]LogModuleManager: Shutting down and abandoning module SignalProcessing (167)
[2022.11.02-22.01.13:205][979]LogModuleManager: Shutting down and abandoning module NiagaraCore (164)
[2022.11.02-22.01.13:205][979]LogModuleManager: Shutting down and abandoning module FacialAnimation (162)
[2022.11.02-22.01.13:205][979]LogModuleManager: Shutting down and abandoning module AnimationSharing (160)
[2022.11.02-22.01.13:205][979]LogModuleManager: Shutting down and abandoning module GameplayCameras (158)
[2022.11.02-22.01.13:205][979]LogModuleManager: Shutting down and abandoning module LightPropagationVolumeRuntime (156)
[2022.11.02-22.01.13:205][979]LogModuleManager: Shutting down and abandoning module Paper2D (154)
[2022.11.02-22.01.13:205][979]LogModuleManager: Shutting down and abandoning module WindowsMoviePlayer (152)
[2022.11.02-22.01.13:205][979]LogModuleManager: Shutting down and abandoning module WebMMoviePlayer (150)
[2022.11.02-22.01.13:205][979]LogModuleManager: Shutting down and abandoning module NetworkReplayStreaming (148)
[2022.11.02-22.01.13:205][979]LogModuleManager: Shutting down and abandoning module PacketHandler (146)
[2022.11.02-22.01.13:205][979]LogModuleManager: Shutting down and abandoning module ClothingSystemRuntimeNv (144)
[2022.11.02-22.01.13:205][979]LogModuleManager: Shutting down and abandoning module MediaAssets (142)
[2022.11.02-22.01.13:205][979]LogModuleManager: Shutting down and abandoning module Overlay (140)
[2022.11.02-22.01.13:205][979]LogModuleManager: Shutting down and abandoning module FunctionalTesting (138)
[2022.11.02-22.01.13:205][979]LogModuleManager: Shutting down and abandoning module MessageLog (136)
[2022.11.02-22.01.13:205][979]LogModuleManager: Shutting down and abandoning module UMG (134)
[2022.11.02-22.01.13:205][979]LogModuleManager: Shutting down and abandoning module SlateReflector (132)
[2022.11.02-22.01.13:206][979]LogModuleManager: Shutting down and abandoning module Slate (130)
[2022.11.02-22.01.13:206][979]LogModuleManager: Shutting down and abandoning module SlateCore (128)
[2022.11.02-22.01.13:206][979]LogModuleManager: Shutting down and abandoning module MRMesh (126)
[2022.11.02-22.01.13:206][979]LogModuleManager: Shutting down and abandoning module Messaging (124)
[2022.11.02-22.01.13:206][979]LogModuleManager: Shutting down and abandoning module HeadMountedDisplay (122)
[2022.11.02-22.01.13:206][979]LogModuleManager: Shutting down and abandoning module XAudio2 (120)
[2022.11.02-22.01.13:206][979]LogModuleManager: Shutting down and abandoning module Networking (118)
[2022.11.02-22.01.13:206][979]LogModuleManager: Shutting down and abandoning module Core (116)
[2022.11.02-22.01.13:206][979]LogModuleManager: Shutting down and abandoning module FieldSystemEngine (114)
[2022.11.02-22.01.13:206][979]LogModuleManager: Shutting down and abandoning module ImageWrapper (110)
[2022.11.02-22.01.13:206][979]LogModuleManager: Shutting down and abandoning module D3D11RHI (108)
[2022.11.02-22.01.13:206][979]LogModuleManager: Shutting down and abandoning module InputCore (106)
[2022.11.02-22.01.13:206][979]LogModuleManager: Shutting down and abandoning module Settings (104)
[2022.11.02-22.01.13:207][979]LogModuleManager: Shutting down and abandoning module PhysXCooking (102)
[2022.11.02-22.01.13:207][979]LogModuleManager: Shutting down and abandoning module Chaos (100)
[2022.11.02-22.01.13:207][979]LogModuleManager: Shutting down and abandoning module WindowsPlatformFeatures (98)
[2022.11.02-22.01.13:207][979]LogModuleManager: Shutting down and abandoning module GameplayMediaEncoder (97)
[2022.11.02-22.01.13:207][979]LogModuleManager: Shutting down and abandoning module AVEncoder (96)
[2022.11.02-22.01.13:207][979]LogModuleManager: Shutting down and abandoning module OculusHMD (92)
[2022.11.02-22.01.13:207][979]LogModuleManager: Shutting down and abandoning module OpenXRHandTracking (90)
[2022.11.02-22.01.13:207][979]LogSlate: Slate User Destroyed.  User Index 0, Is Virtual User: 0
[2022.11.02-22.01.13:207][979]LogModuleManager: Shutting down and abandoning module OpenXREyeTracker (88)
[2022.11.02-22.01.13:207][979]LogModuleManager: Shutting down and abandoning module OpenXRAR (86)
[2022.11.02-22.01.13:207][979]LogModuleManager: Shutting down and abandoning module AugmentedReality (85)
[2022.11.02-22.01.13:207][979]LogModuleManager: Shutting down and abandoning module OpenXRHMD (82)
[2022.11.02-22.01.13:207][979]LogModuleManager: Shutting down and abandoning module ExampleDeviceProfileSelector (80)
[2022.11.02-22.01.13:207][979]LogModuleManager: Shutting down and abandoning module ChunkDownloader (78)
[2022.11.02-22.01.13:207][979]LogModuleManager: Shutting down and abandoning module LauncherChunkInstaller (76)
[2022.11.02-22.01.13:207][979]LogModuleManager: Shutting down and abandoning module OnlineSubsystem (72)
[2022.11.02-22.01.13:207][979]LogModuleManager: Shutting down and abandoning module HTTP (67)
[2022.11.02-22.01.13:207][979]LogHttp: Display: cleaning up 0 outstanding Http requests.
[2022.11.02-22.01.13:237][979]LogModuleManager: Shutting down and abandoning module SSL (66)
[2022.11.02-22.01.13:238][979]LogModuleManager: Shutting down and abandoning module WmfMedia (62)
[2022.11.02-22.01.13:239][979]LogModuleManager: Shutting down and abandoning module Media (61)
[2022.11.02-22.01.13:239][979]LogModuleManager: Shutting down and abandoning module MediaInfo (60)
[2022.11.02-22.01.13:239][979]LogModuleManager: Shutting down and abandoning module ExrReaderGpu (56)
[2022.11.02-22.01.13:239][979]LogModuleManager: Shutting down and abandoning module MLSDK (54)
[2022.11.02-22.01.13:239][979]LogModuleManager: Shutting down and abandoning module MagicLeap (52)
[2022.11.02-22.01.13:239][979]LogModuleManager: Shutting down and abandoning module NiagaraVertexFactories (50)
[2022.11.02-22.01.13:239][979]LogModuleManager: Shutting down and abandoning module NiagaraShader (48)
[2022.11.02-22.01.13:239][979]LogModuleManager: Shutting down and abandoning module ChaosCloth (46)
[2022.11.02-22.01.13:239][979]LogModuleManager: Shutting down and abandoning module VariantManagerContent (44)
[2022.11.02-22.01.13:240][979]LogModuleManager: Shutting down and abandoning module DatasmithContent (42)
[2022.11.02-22.01.13:240][979]LogModuleManager: Shutting down and abandoning module PixWinPlugin (40)
[2022.11.02-22.01.13:240][979]LogModuleManager: Shutting down and abandoning module AISupportModule (38)
[2022.11.02-22.01.13:240][979]LogModuleManager: Shutting down and abandoning module PythonScriptPluginPreload (36)
[2022.11.02-22.01.13:240][979]LogModuleManager: Shutting down and abandoning module PlatformCryptoOpenSSL (34)
[2022.11.02-22.01.13:240][979]LogModuleManager: Shutting down and abandoning module PlatformCryptoTypes (32)
[2022.11.02-22.01.13:240][979]LogModuleManager: Shutting down and abandoning module PlatformCrypto (30)
[2022.11.02-22.01.13:240][979]LogModuleManager: Shutting down and abandoning module OodleDataCompressionFormat (28)
[2022.11.02-22.01.13:240][979]LogModuleManager: Shutting down and abandoning module RenderCore (26)
[2022.11.02-22.01.13:240][979]LogModuleManager: Shutting down and abandoning module Landscape (24)
[2022.11.02-22.01.13:240][979]LogModuleManager: Shutting down and abandoning module SlateRHIRenderer (22)
[2022.11.02-22.01.13:240][979]LogModuleManager: Shutting down and abandoning module AnimGraphRuntime (20)
[2022.11.02-22.01.13:240][979]LogModuleManager: Shutting down and abandoning module Renderer (18)
[2022.11.02-22.01.13:240][979]LogModuleManager: Shutting down and abandoning module Engine (16)
[2022.11.02-22.01.13:240][979]LogModuleManager: Shutting down and abandoning module CoreUObject (14)
[2022.11.02-22.01.13:240][979]LogModuleManager: Shutting down and abandoning module NetworkFile (12)
[2022.11.02-22.01.13:240][979]LogModuleManager: Shutting down and abandoning module CookedIterativeFile (10)
[2022.11.02-22.01.13:240][979]LogModuleManager: Shutting down and abandoning module StreamingFile (8)
[2022.11.02-22.01.13:240][979]LogModuleManager: Shutting down and abandoning module SandboxFile (6)
[2022.11.02-22.01.13:240][979]LogModuleManager: Shutting down and abandoning module PakFile (4)
[2022.11.02-22.01.13:240][979]LogModuleManager: Shutting down and abandoning module RSA (3)
[2022.11.02-22.01.13:240][979]LogContentStreaming: Display: There are 1 unreleased StreamingManagers
[2022.11.02-22.01.13:244][979]LogD3D11RHI: Shutdown
[2022.11.02-22.01.13:244][979]LogD3D11RHI: CleanupD3DDevice
[2022.11.02-22.01.13:245][979]LogExit: Exiting.
[2022.11.02-22.01.13:263][979]Log file closed, 11/02/22 18:01:13
