Log file open, 10/21/22 16:47:42
LogWindows: Failed to load 'aqProf.dll' (GetLastError=126)
LogWindows: File 'aqProf.dll' does not exist
LogWindows: Failed to load 'VtuneApi.dll' (GetLastError=126)
LogWindows: File 'VtuneApi.dll' does not exist
LogWindows: Failed to load 'VtuneApi32e.dll' (GetLastError=126)
LogWindows: File 'VtuneApi32e.dll' does not exist
LogConsoleResponse: Display: Failed to find resolution value strings in scalability ini. Falling back to default.
LogConsoleResponse: Display: Failed to find resolution value strings in scalability ini. Falling back to default.
LogInit: Display: Running engine for game: Midterm
LogPlatformFile: Not using cached read wrapper
LogTaskGraph: Started task graph with 5 named threads and 26 total threads with 3 sets of task threads.
LogStats: Stats thread started at 0.194766
LogICUInternationalization: ICU TimeZone Detection - Raw Offset: -5:00, Platform Override: ''
LogInit: Display: Loading text-based GConfig....
LogPluginManager: Mounting plugin MeshPainting
LogPluginManager: Mounting plugin XGEController
LogPluginManager: Mounting plugin Paper2D
LogPluginManager: Mounting plugin AISupport
LogPluginManager: Mounting plugin EnvironmentQueryEditor
LogPluginManager: Mounting plugin LiveLink
LogPluginManager: Mounting plugin OodleNetwork
LogPluginManager: Mounting plugin OodleData
LogPluginManager: Mounting plugin CameraShakePreviewer
LogPluginManager: Mounting plugin GameplayCameras
LogPluginManager: Mounting plugin LightPropagationVolume
LogPluginManager: Mounting plugin AnimationSharing
LogPluginManager: Mounting plugin CLionSourceCodeAccess
LogPluginManager: Mounting plugin CodeLiteSourceCodeAccess
LogPluginManager: Mounting plugin GitSourceControl
LogPluginManager: Mounting plugin KDevelopSourceCodeAccess
LogPluginManager: Mounting plugin NullSourceCodeAccess
LogPluginManager: Mounting plugin PerforceSourceControl
LogPluginManager: Mounting plugin PixWinPlugin
LogPluginManager: Mounting plugin PlasticSourceControl
LogPluginManager: Mounting plugin PluginUtils
LogPluginManager: Mounting plugin PropertyAccessNode
LogPluginManager: Mounting plugin RiderSourceCodeAccess
LogPluginManager: Mounting plugin SubversionSourceControl
LogPluginManager: Mounting plugin TextureFormatOodle
LogPluginManager: Mounting plugin AlembicImporter
LogPluginManager: Mounting plugin UObjectPlugin
LogPluginManager: Mounting plugin VisualStudioCodeSourceCodeAccess
LogPluginManager: Mounting plugin AutomationUtils
LogPluginManager: Mounting plugin XCodeSourceCodeAccess
LogPluginManager: Mounting plugin VisualStudioSourceCodeAccess
LogPluginManager: Mounting plugin BackChannel
LogPluginManager: Mounting plugin ChaosCloth
LogPluginManager: Mounting plugin ChaosClothEditor
LogPluginManager: Mounting plugin ChaosEditor
LogPluginManager: Mounting plugin ChaosNiagara
LogPluginManager: Mounting plugin ChaosSolverPlugin
LogPluginManager: Mounting plugin CharacterAI
LogPluginManager: Mounting plugin GeometryCache
LogPluginManager: Mounting plugin GeometryCollectionPlugin
LogPluginManager: Mounting plugin GeometryProcessing
LogPluginManager: Mounting plugin MotoSynth
LogPluginManager: Mounting plugin OpenImageDenoise
LogPluginManager: Mounting plugin PlanarCut
LogPluginManager: Mounting plugin PlatformCrypto
LogPluginManager: Mounting plugin ProxyLODPlugin
LogPluginManager: Mounting plugin PythonScriptPlugin
LogPluginManager: Mounting plugin SkeletalReduction
LogPluginManager: Mounting plugin AndroidMedia
LogPluginManager: Mounting plugin AvfMedia
LogPluginManager: Mounting plugin Niagara
LogPluginManager: Mounting plugin ImgMedia
LogPluginManager: Mounting plugin MediaCompositing
LogPluginManager: Mounting plugin MediaPlayerEditor
LogPluginManager: Mounting plugin WebMMedia
LogPluginManager: Mounting plugin WmfMedia
LogPluginManager: Mounting plugin AssetManagerEditor
LogPluginManager: Mounting plugin CryptoKeys
LogPluginManager: Mounting plugin CurveEditorTools
LogPluginManager: Mounting plugin DataValidation
LogPluginManager: Mounting plugin FacialAnimation
LogPluginManager: Mounting plugin GameplayTagsEditor
LogPluginManager: Mounting plugin GeometryMode
LogPluginManager: Mounting plugin MacGraphicsSwitching
LogPluginManager: Mounting plugin MaterialAnalyzer
LogPluginManager: Mounting plugin MobileLauncherProfileWizard
LogPluginManager: Mounting plugin PluginBrowser
LogPluginManager: Mounting plugin SpeedTreeImporter
LogPluginManager: Mounting plugin DatasmithContent
LogPluginManager: Mounting plugin VariantManagerContent
LogPluginManager: Mounting plugin ActorSequence
LogPluginManager: Mounting plugin LevelSequenceEditor
LogPluginManager: Mounting plugin MatineeToLevelSequence
LogPluginManager: Mounting plugin TemplateSequence
LogPluginManager: Mounting plugin OnlineSubsystem
LogPluginManager: Mounting plugin OnlineSubsystemNull
LogPluginManager: Mounting plugin LuminPlatformFeatures
LogPluginManager: Mounting plugin MagicLeap
LogPluginManager: Mounting plugin OnlineSubsystemUtils
LogPluginManager: Mounting plugin MagicLeapLightEstimation
LogPluginManager: Mounting plugin MagicLeapMedia
LogPluginManager: Mounting plugin TcpMessaging
LogPluginManager: Mounting plugin MagicLeapPassableWorld
LogPluginManager: Mounting plugin UdpMessaging
LogPluginManager: Mounting plugin LauncherChunkInstaller
LogPluginManager: Mounting plugin MLSDK
LogPluginManager: Mounting plugin ActorLayerUtilities
LogPluginManager: Mounting plugin AndroidDeviceProfileSelector
LogPluginManager: Mounting plugin AndroidMoviePlayer
LogPluginManager: Mounting plugin AndroidPermission
LogPluginManager: Mounting plugin AppleImageUtils
LogPluginManager: Mounting plugin AppleMoviePlayer
LogPluginManager: Mounting plugin ArchVisCharacter
LogPluginManager: Mounting plugin AssetTags
LogPluginManager: Mounting plugin AudioCapture
LogPluginManager: Mounting plugin AudioSynesthesia
LogPluginManager: Mounting plugin CableComponent
LogPluginManager: Mounting plugin ChunkDownloader
LogPluginManager: Mounting plugin CustomMeshComponent
LogPluginManager: Mounting plugin EditableMesh
LogPluginManager: Mounting plugin ExampleDeviceProfileSelector
LogPluginManager: Mounting plugin GoogleCloudMessaging
LogPluginManager: Mounting plugin GooglePAD
LogPluginManager: Mounting plugin LinuxDeviceProfileSelector
LogPluginManager: Mounting plugin IOSDeviceProfileSelector
LogPluginManager: Mounting plugin LocationServicesBPLibrary
LogPluginManager: Mounting plugin MobilePatchingUtils
LogPluginManager: Mounting plugin OpenXREyeTracker
LogPluginManager: Mounting plugin OpenXR
LogPluginManager: Mounting plugin OpenXRHandTracking
LogPluginManager: Mounting plugin PhysXVehicles
LogPluginManager: Mounting plugin PostSplashScreen
LogPluginManager: Mounting plugin ProceduralMeshComponent
LogPluginManager: Mounting plugin PropertyAccessEditor
LogPluginManager: Mounting plugin RuntimePhysXCooking
LogPluginManager: Mounting plugin SignificanceManager
LogPluginManager: Mounting plugin SoundFields
LogPluginManager: Mounting plugin Synthesis
LogPluginManager: Mounting plugin WebMMoviePlayer
LogPluginManager: Mounting plugin WindowsMoviePlayer
LogPluginManager: Mounting plugin ScreenshotTools
LogPluginManager: Mounting plugin Takes
LogPluginManager: Mounting plugin ContentBrowserClassDataSource
LogPluginManager: Mounting plugin ContentBrowserAssetDataSource
LogPluginManager: Mounting plugin ContentBrowserFileDataSource
LogPluginManager: Mounting plugin OnlineSubsystemGooglePlay
LogPluginManager: Mounting plugin OnlineSubsystemIOS
LogPluginManager: Mounting plugin OculusVR
PixWinPlugin: PIX capture plugin failed to initialize! Check that the process is launched from PIX.
LogInit: Using libcurl 7.55.1-DEV
LogInit:  - built for x86_64-pc-win32
LogInit:  - supports SSL with OpenSSL/1.1.1
LogInit:  - supports HTTP deflate (compression) using libz 1.2.8
LogInit:  - other features:
LogInit:      CURL_VERSION_SSL
LogInit:      CURL_VERSION_LIBZ
LogInit:      CURL_VERSION_IPV6
LogInit:      CURL_VERSION_ASYNCHDNS
LogInit:      CURL_VERSION_LARGEFILE
LogInit:      CURL_VERSION_IDN
LogInit:  CurlRequestOptions (configurable via config and command line):
LogInit:  - bVerifyPeer = true  - Libcurl will verify peer certificate
LogInit:  - bUseHttpProxy = false  - Libcurl will NOT use HTTP proxy
LogInit:  - bDontReuseConnections = false  - Libcurl will reuse connections
LogInit:  - MaxHostConnections = 16  - Libcurl will limit the number of connections to a host
LogInit:  - LocalHostAddr = Default
LogInit:  - BufferSize = 65536
LogOnline: OSS: Creating online subsystem instance for: NULL
LogInit: WinSock: version 1.1 (2.2), MaxSocks=32767, MaxUdp=65467
LogOnline: OSS: TryLoadSubsystemAndSetDefault: Loaded subsystem for module [NULL]
LogOculusPluginWrapper: OculusPlugin initialized successfully
LogHMD: Failed initializing OVRPlugin 1.59.0
LogInit: Build: ++UE4+Release-4.27-CL-18319896
LogInit: Engine Version: 4.27.2-18319896+++UE4+Release-4.27
LogInit: Compatible Engine Version: 4.27.0-17155196+++UE4+Release-4.27
LogInit: Net CL: 17155196
LogInit: OS: Windows 10 (Release 2009) (), CPU: Intel(R) Core(TM) i7-9700K CPU @ 3.60GHz, GPU: NVIDIA GeForce RTX 3070 Ti
LogInit: Compiled (64-bit): Nov 30 2021 07:12:08
LogInit: Compiled with Visual C++: 19.24.28315.00
LogInit: Build Configuration: Development
LogInit: Branch Name: ++UE4+Release-4.27
LogInit: Command Line:  -EpicPortal -epicusername=Bubba_Hotap -epicuserid=d7896509beb14570b947b97952651c48 -epiclocale=en -epicsandboxid=ue
LogInit: Base Directory: F:/Unreal Engine/UE_4.27/Engine/Binaries/Win64/
LogInit: Allocator: TBB
LogInit: Installed Engine Build: 1
LogDevObjectVersion: Number of dev versions registered: 29
LogDevObjectVersion:   Dev-Blueprints (B0D832E4-1F89-4F0D-ACCF-7EB736FD4AA2): 10
LogDevObjectVersion:   Dev-Build (E1C64328-A22C-4D53-A36C-8E866417BD8C): 0
LogDevObjectVersion:   Dev-Core (375EC13C-06E4-48FB-B500-84F0262A717E): 4
LogDevObjectVersion:   Dev-Editor (E4B068ED-F494-42E9-A231-DA0B2E46BB41): 40
LogDevObjectVersion:   Dev-Framework (CFFC743F-43B0-4480-9391-14DF171D2073): 37
LogDevObjectVersion:   Dev-Mobile (B02B49B5-BB20-44E9-A304-32B752E40360): 3
LogDevObjectVersion:   Dev-Networking (A4E4105C-59A1-49B5-A7C5-40C4547EDFEE): 0
LogDevObjectVersion:   Dev-Online (39C831C9-5AE6-47DC-9A44-9C173E1C8E7C): 0
LogDevObjectVersion:   Dev-Physics (78F01B33-EBEA-4F98-B9B4-84EACCB95AA2): 14
LogDevObjectVersion:   Dev-Platform (6631380F-2D4D-43E0-8009-CF276956A95A): 0
LogDevObjectVersion:   Dev-Rendering (12F88B9F-8875-4AFC-A67C-D90C383ABD29): 45
LogDevObjectVersion:   Dev-Sequencer (7B5AE74C-D270-4C10-A958-57980B212A5A): 13
LogDevObjectVersion:   Dev-VR (D7296918-1DD6-4BDD-9DE2-64A83CC13884): 3
LogDevObjectVersion:   Dev-LoadTimes (C2A15278-BFE7-4AFE-6C17-90FF531DF755): 1
LogDevObjectVersion:   Private-Geometry (6EACA3D4-40EC-4CC1-B786-8BED09428FC5): 3
LogDevObjectVersion:   Dev-AnimPhys (29E575DD-E0A3-4627-9D10-D276232CDCEA): 17
LogDevObjectVersion:   Dev-Anim (AF43A65D-7FD3-4947-9873-3E8ED9C1BB05): 15
LogDevObjectVersion:   Dev-ReflectionCapture (6B266CEC-1EC7-4B8F-A30B-E4D90942FC07): 1
LogDevObjectVersion:   Dev-Automation (0DF73D61-A23F-47EA-B727-89E90C41499A): 1
LogDevObjectVersion:   FortniteMain (601D1886-AC64-4F84-AA16-D3DE0DEAC7D6): 47
LogDevObjectVersion:   FortniteRelease (E7086368-6B23-4C58-8439-1B7016265E91): 1
LogDevObjectVersion:   Dev-Enterprise (9DFFBCD6-494F-0158-E221-12823C92A888): 10
LogDevObjectVersion:   Dev-Niagara (F2AED0AC-9AFE-416F-8664-AA7FFA26D6FC): 1
LogDevObjectVersion:   Dev-Destruction (174F1F0B-B4C6-45A5-B13F-2EE8D0FB917D): 10
LogDevObjectVersion:   Dev-Physics-Ext (35F94A83-E258-406C-A318-09F59610247C): 41
LogDevObjectVersion:   Dev-PhysicsMaterial-Chaos (B68FC16E-8B1B-42E2-B453-215C058844FE): 1
LogDevObjectVersion:   Dev-CineCamera (B2E18506-4273-CFC2-A54E-F4BB758BBA07): 1
LogDevObjectVersion:   Dev-VirtualProduction (64F58936-FD1B-42BA-BA96-7289D5D0FA4E): 1
LogDevObjectVersion:   Dev-MediaFramework (6F0ED827-A609-4895-9C91-998D90180EA4): 2
LogInit: Presizing for max 25165824 objects, including 0 objects not considered by GC, pre-allocating 0 bytes for permanent pool.
LogConfig: Applying CVar settings from Section [/Script/Engine.StreamingSettings] File [C:/Users/natha/Documents/GitHub/Mid-Term/Saved/Config/Windows/Engine.ini]
LogConfig: Setting CVar [[s.MinBulkDataSizeForAsyncLoading:131072]]
LogConfig: Setting CVar [[s.AsyncLoadingThreadEnabled:0]]
LogConfig: Setting CVar [[s.EventDrivenLoaderEnabled:1]]
LogConfig: Setting CVar [[s.WarnIfTimeLimitExceeded:0]]
LogConfig: Setting CVar [[s.TimeLimitExceededMultiplier:1.5]]
LogConfig: Setting CVar [[s.TimeLimitExceededMinTime:0.005]]
LogConfig: Setting CVar [[s.UseBackgroundLevelStreaming:1]]
LogConfig: Setting CVar [[s.PriorityAsyncLoadingExtraTime:15.0]]
LogConfig: Setting CVar [[s.LevelStreamingActorsUpdateTimeLimit:5.0]]
LogConfig: Setting CVar [[s.PriorityLevelStreamingActorsUpdateExtraTime:5.0]]
LogConfig: Setting CVar [[s.LevelStreamingComponentsRegistrationGranularity:10]]
LogConfig: Setting CVar [[s.UnregisterComponentsTimeLimit:1.0]]
LogConfig: Setting CVar [[s.LevelStreamingComponentsUnregistrationGranularity:5]]
LogConfig: Setting CVar [[s.FlushStreamingOnExit:1]]
LogInit: Object subsystem initialized
LogConfig: Setting CVar [[con.DebugEarlyDefault:1]]
LogConfig: Setting CVar [[r.setres:1280x720]]
[2022.10.21-20.47.42:767][  0]LogConfig: Setting CVar [[r.VSync:0]]
[2022.10.21-20.47.42:767][  0]LogConfig: Setting CVar [[r.RHICmdBypass:0]]
[2022.10.21-20.47.42:767][  0]LogConfig: Applying CVar settings from Section [/Script/Engine.RendererSettings] File [C:/Users/natha/Documents/GitHub/Mid-Term/Saved/Config/Windows/Engine.ini]
[2022.10.21-20.47.42:767][  0]LogConfig: Setting CVar [[r.GPUCrashDebugging:0]]
[2022.10.21-20.47.42:767][  0]LogConfig: Applying CVar settings from Section [/Script/Engine.RendererOverrideSettings] File [C:/Users/natha/Documents/GitHub/Mid-Term/Saved/Config/Windows/Engine.ini]
[2022.10.21-20.47.42:767][  0]LogConfig: Applying CVar settings from Section [/Script/Engine.StreamingSettings] File [C:/Users/natha/Documents/GitHub/Mid-Term/Saved/Config/Windows/Engine.ini]
[2022.10.21-20.47.42:767][  0]LogConfig: Setting CVar [[s.MinBulkDataSizeForAsyncLoading:131072]]
[2022.10.21-20.47.42:767][  0]LogConfig: Setting CVar [[s.AsyncLoadingThreadEnabled:0]]
[2022.10.21-20.47.42:767][  0]LogConfig: Setting CVar [[s.EventDrivenLoaderEnabled:1]]
[2022.10.21-20.47.42:767][  0]LogConfig: Setting CVar [[s.WarnIfTimeLimitExceeded:0]]
[2022.10.21-20.47.42:767][  0]LogConfig: Setting CVar [[s.TimeLimitExceededMultiplier:1.5]]
[2022.10.21-20.47.42:767][  0]LogConfig: Setting CVar [[s.TimeLimitExceededMinTime:0.005]]
[2022.10.21-20.47.42:767][  0]LogConfig: Setting CVar [[s.UseBackgroundLevelStreaming:1]]
[2022.10.21-20.47.42:767][  0]LogConfig: Setting CVar [[s.PriorityAsyncLoadingExtraTime:15.0]]
[2022.10.21-20.47.42:767][  0]LogConfig: Setting CVar [[s.LevelStreamingActorsUpdateTimeLimit:5.0]]
[2022.10.21-20.47.42:767][  0]LogConfig: Setting CVar [[s.PriorityLevelStreamingActorsUpdateExtraTime:5.0]]
[2022.10.21-20.47.42:767][  0]LogConfig: Setting CVar [[s.LevelStreamingComponentsRegistrationGranularity:10]]
[2022.10.21-20.47.42:767][  0]LogConfig: Setting CVar [[s.UnregisterComponentsTimeLimit:1.0]]
[2022.10.21-20.47.42:767][  0]LogConfig: Setting CVar [[s.LevelStreamingComponentsUnregistrationGranularity:5]]
[2022.10.21-20.47.42:767][  0]LogConfig: Setting CVar [[s.FlushStreamingOnExit:1]]
[2022.10.21-20.47.42:767][  0]LogConfig: Applying CVar settings from Section [/Script/Engine.GarbageCollectionSettings] File [C:/Users/natha/Documents/GitHub/Mid-Term/Saved/Config/Windows/Engine.ini]
[2022.10.21-20.47.42:767][  0]LogConfig: Setting CVar [[gc.MaxObjectsNotConsideredByGC:1]]
[2022.10.21-20.47.42:767][  0]LogConfig: Setting CVar [[gc.SizeOfPermanentObjectPool:0]]
[2022.10.21-20.47.42:767][  0]LogConfig: Setting CVar [[gc.FlushStreamingOnGC:0]]
[2022.10.21-20.47.42:767][  0]LogConfig: Setting CVar [[gc.NumRetriesBeforeForcingGC:10]]
[2022.10.21-20.47.42:767][  0]LogConfig: Setting CVar [[gc.AllowParallelGC:1]]
[2022.10.21-20.47.42:767][  0]LogConfig: Setting CVar [[gc.TimeBetweenPurgingPendingKillObjects:61.1]]
[2022.10.21-20.47.42:767][  0]LogConfig: Setting CVar [[gc.MaxObjectsInEditor:25165824]]
[2022.10.21-20.47.42:767][  0]LogConfig: Setting CVar [[gc.IncrementalBeginDestroyEnabled:1]]
[2022.10.21-20.47.42:767][  0]LogConfig: Setting CVar [[gc.CreateGCClusters:1]]
[2022.10.21-20.47.42:767][  0]LogConfig: Setting CVar [[gc.MinGCClusterSize:5]]
[2022.10.21-20.47.42:767][  0]LogConfig: Setting CVar [[gc.ActorClusteringEnabled:0]]
[2022.10.21-20.47.42:767][  0]LogConfig: Setting CVar [[gc.BlueprintClusteringEnabled:0]]
[2022.10.21-20.47.42:767][  0]LogConfig: Setting CVar [[gc.UseDisregardForGCOnDedicatedServers:0]]
[2022.10.21-20.47.42:767][  0]LogConfig: Setting CVar [[gc.MultithreadedDestructionEnabled:1]]
[2022.10.21-20.47.42:767][  0]LogConfig: Applying CVar settings from Section [/Script/Engine.NetworkSettings] File [C:/Users/natha/Documents/GitHub/Mid-Term/Saved/Config/Windows/Engine.ini]
[2022.10.21-20.47.42:767][  0]LogConfig: Applying CVar settings from Section [/Script/UnrealEd.CookerSettings] File [C:/Users/natha/Documents/GitHub/Mid-Term/Saved/Config/Windows/Engine.ini]
[2022.10.21-20.47.42:784][  0]LogConfig: Applying CVar settings from Section [ViewDistanceQuality@3] File [C:/Users/natha/Documents/GitHub/Mid-Term/Saved/Config/Windows/Scalability.ini]
[2022.10.21-20.47.42:785][  0]LogConfig: Setting CVar [[r.SkeletalMeshLODBias:0]]
[2022.10.21-20.47.42:785][  0]LogConfig: Setting CVar [[r.ViewDistanceScale:1.0]]
[2022.10.21-20.47.42:785][  0]LogConfig: Applying CVar settings from Section [AntiAliasingQuality@3] File [C:/Users/natha/Documents/GitHub/Mid-Term/Saved/Config/Windows/Scalability.ini]
[2022.10.21-20.47.42:785][  0]LogConfig: Setting CVar [[r.PostProcessAAQuality:4]]
[2022.10.21-20.47.42:785][  0]LogConfig: Applying CVar settings from Section [ShadowQuality@3] File [C:/Users/natha/Documents/GitHub/Mid-Term/Saved/Config/Windows/Scalability.ini]
[2022.10.21-20.47.42:785][  0]LogConfig: Setting CVar [[r.LightFunctionQuality:1]]
[2022.10.21-20.47.42:785][  0]LogConfig: Setting CVar [[r.ShadowQuality:5]]
[2022.10.21-20.47.42:785][  0]LogConfig: Setting CVar [[r.Shadow.CSM.MaxCascades:10]]
[2022.10.21-20.47.42:785][  0]LogConfig: Setting CVar [[r.Shadow.MaxResolution:2048]]
[2022.10.21-20.47.42:785][  0]LogConfig: Setting CVar [[r.Shadow.MaxCSMResolution:2048]]
[2022.10.21-20.47.42:785][  0]LogConfig: Setting CVar [[r.Shadow.RadiusThreshold:0.01]]
[2022.10.21-20.47.42:785][  0]LogConfig: Setting CVar [[r.Shadow.DistanceScale:1.0]]
[2022.10.21-20.47.42:785][  0]LogConfig: Setting CVar [[r.Shadow.CSM.TransitionScale:1.0]]
[2022.10.21-20.47.42:785][  0]LogConfig: Setting CVar [[r.Shadow.PreShadowResolutionFactor:1.0]]
[2022.10.21-20.47.42:785][  0]LogConfig: Setting CVar [[r.DistanceFieldShadowing:1]]
[2022.10.21-20.47.42:785][  0]LogConfig: Setting CVar [[r.DistanceFieldAO:1]]
[2022.10.21-20.47.42:785][  0]LogConfig: Setting CVar [[r.AOQuality:2]]
[2022.10.21-20.47.42:785][  0]LogConfig: Setting CVar [[r.VolumetricFog:1]]
[2022.10.21-20.47.42:785][  0]LogConfig: Setting CVar [[r.VolumetricFog.GridPixelSize:8]]
[2022.10.21-20.47.42:785][  0]LogConfig: Setting CVar [[r.VolumetricFog.GridSizeZ:128]]
[2022.10.21-20.47.42:785][  0]LogConfig: Setting CVar [[r.VolumetricFog.HistoryMissSupersampleCount:4]]
[2022.10.21-20.47.42:785][  0]LogConfig: Setting CVar [[r.LightMaxDrawDistanceScale:1]]
[2022.10.21-20.47.42:785][  0]LogConfig: Setting CVar [[r.CapsuleShadows:1]]
[2022.10.21-20.47.42:785][  0]LogConfig: Applying CVar settings from Section [PostProcessQuality@3] File [C:/Users/natha/Documents/GitHub/Mid-Term/Saved/Config/Windows/Scalability.ini]
[2022.10.21-20.47.42:785][  0]LogConfig: Setting CVar [[r.MotionBlurQuality:4]]
[2022.10.21-20.47.42:785][  0]LogConfig: Setting CVar [[r.AmbientOcclusionMipLevelFactor:0.4]]
[2022.10.21-20.47.42:785][  0]LogConfig: Setting CVar [[r.AmbientOcclusionMaxQuality:100]]
[2022.10.21-20.47.42:785][  0]LogConfig: Setting CVar [[r.AmbientOcclusionLevels:-1]]
[2022.10.21-20.47.42:785][  0]LogConfig: Setting CVar [[r.AmbientOcclusionRadiusScale:1.0]]
[2022.10.21-20.47.42:785][  0]LogConfig: Setting CVar [[r.DepthOfFieldQuality:2]]
[2022.10.21-20.47.42:785][  0]LogConfig: Setting CVar [[r.RenderTargetPoolMin:400]]
[2022.10.21-20.47.42:785][  0]LogConfig: Setting CVar [[r.LensFlareQuality:2]]
[2022.10.21-20.47.42:785][  0]LogConfig: Setting CVar [[r.SceneColorFringeQuality:1]]
[2022.10.21-20.47.42:785][  0]LogConfig: Setting CVar [[r.EyeAdaptationQuality:2]]
[2022.10.21-20.47.42:785][  0]LogConfig: Setting CVar [[r.BloomQuality:5]]
[2022.10.21-20.47.42:785][  0]LogConfig: Setting CVar [[r.FastBlurThreshold:100]]
[2022.10.21-20.47.42:785][  0]LogConfig: Setting CVar [[r.Upscale.Quality:3]]
[2022.10.21-20.47.42:785][  0]LogConfig: Setting CVar [[r.Tonemapper.GrainQuantization:1]]
[2022.10.21-20.47.42:785][  0]LogConfig: Setting CVar [[r.LightShaftQuality:1]]
[2022.10.21-20.47.42:785][  0]LogConfig: Setting CVar [[r.Filter.SizeScale:1]]
[2022.10.21-20.47.42:785][  0]LogConfig: Setting CVar [[r.Tonemapper.Quality:5]]
[2022.10.21-20.47.42:785][  0]LogConfig: Setting CVar [[r.DOF.Gather.AccumulatorQuality:1        ; higher gathering accumulator quality]]
[2022.10.21-20.47.42:785][  0]LogConfig: Setting CVar [[r.DOF.Gather.PostfilterMethod:1          ; Median3x3 postfilering method]]
[2022.10.21-20.47.42:785][  0]LogConfig: Setting CVar [[r.DOF.Gather.EnableBokehSettings:0       ; no bokeh simulation when gathering]]
[2022.10.21-20.47.42:785][  0]LogConfig: Setting CVar [[r.DOF.Gather.RingCount:4                 ; medium number of samples when gathering]]
[2022.10.21-20.47.42:785][  0]LogConfig: Setting CVar [[r.DOF.Scatter.ForegroundCompositing:1    ; additive foreground scattering]]
[2022.10.21-20.47.42:785][  0]LogConfig: Setting CVar [[r.DOF.Scatter.BackgroundCompositing:2    ; additive background scattering]]
[2022.10.21-20.47.42:785][  0]LogConfig: Setting CVar [[r.DOF.Scatter.EnableBokehSettings:1      ; bokeh simulation when scattering]]
[2022.10.21-20.47.42:785][  0]LogConfig: Setting CVar [[r.DOF.Scatter.MaxSpriteRatio:0.1         ; only a maximum of 10% of scattered bokeh]]
[2022.10.21-20.47.42:785][  0]LogConfig: Setting CVar [[r.DOF.Recombine.Quality:1                ; cheap slight out of focus]]
[2022.10.21-20.47.42:785][  0]LogConfig: Setting CVar [[r.DOF.Recombine.EnableBokehSettings:0    ; no bokeh simulation on slight out of focus]]
[2022.10.21-20.47.42:785][  0]LogConfig: Setting CVar [[r.DOF.TemporalAAQuality:1                ; more stable temporal accumulation]]
[2022.10.21-20.47.42:785][  0]LogConfig: Setting CVar [[r.DOF.Kernel.MaxForegroundRadius:0.025]]
[2022.10.21-20.47.42:785][  0]LogConfig: Setting CVar [[r.DOF.Kernel.MaxBackgroundRadius:0.025]]
[2022.10.21-20.47.42:785][  0]LogConfig: Applying CVar settings from Section [TextureQuality@3] File [C:/Users/natha/Documents/GitHub/Mid-Term/Saved/Config/Windows/Scalability.ini]
[2022.10.21-20.47.42:785][  0]LogConfig: Setting CVar [[r.Streaming.MipBias:0]]
[2022.10.21-20.47.42:785][  0]LogConfig: Setting CVar [[r.Streaming.AmortizeCPUToGPUCopy:0]]
[2022.10.21-20.47.42:785][  0]LogConfig: Setting CVar [[r.Streaming.MaxNumTexturesToStreamPerFrame:0]]
[2022.10.21-20.47.42:785][  0]LogConfig: Setting CVar [[r.Streaming.Boost:1]]
[2022.10.21-20.47.42:785][  0]LogConfig: Setting CVar [[r.MaxAnisotropy:8]]
[2022.10.21-20.47.42:785][  0]LogConfig: Setting CVar [[r.VT.MaxAnisotropy:8]]
[2022.10.21-20.47.42:785][  0]LogConfig: Setting CVar [[r.Streaming.LimitPoolSizeToVRAM:0]]
[2022.10.21-20.47.42:785][  0]LogConfig: Setting CVar [[r.Streaming.PoolSize:1000]]
[2022.10.21-20.47.42:786][  0]LogConfig: Setting CVar [[r.Streaming.MaxEffectiveScreenSize:0]]
[2022.10.21-20.47.42:786][  0]LogConfig: Applying CVar settings from Section [EffectsQuality@3] File [C:/Users/natha/Documents/GitHub/Mid-Term/Saved/Config/Windows/Scalability.ini]
[2022.10.21-20.47.42:786][  0]LogConfig: Setting CVar [[r.TranslucencyLightingVolumeDim:64]]
[2022.10.21-20.47.42:786][  0]LogConfig: Setting CVar [[r.RefractionQuality:2]]
[2022.10.21-20.47.42:786][  0]LogConfig: Setting CVar [[r.SSR.Quality:3]]
[2022.10.21-20.47.42:786][  0]LogConfig: Setting CVar [[r.SSR.HalfResSceneColor:0]]
[2022.10.21-20.47.42:786][  0]LogConfig: Setting CVar [[r.SceneColorFormat:4]]
[2022.10.21-20.47.42:786][  0]LogConfig: Setting CVar [[r.DetailMode:2]]
[2022.10.21-20.47.42:786][  0]LogConfig: Setting CVar [[r.TranslucencyVolumeBlur:1]]
[2022.10.21-20.47.42:786][  0]LogConfig: Setting CVar [[r.MaterialQualityLevel:1 ; High quality]]
[2022.10.21-20.47.42:786][  0]LogConfig: Setting CVar [[r.AnisotropicMaterials:1]]
[2022.10.21-20.47.42:786][  0]LogConfig: Setting CVar [[r.SSS.Scale:1]]
[2022.10.21-20.47.42:786][  0]LogConfig: Setting CVar [[r.SSS.SampleSet:2]]
[2022.10.21-20.47.42:786][  0]LogConfig: Setting CVar [[r.SSS.Quality:1]]
[2022.10.21-20.47.42:786][  0]LogConfig: Setting CVar [[r.SSS.HalfRes:0]]
[2022.10.21-20.47.42:786][  0]LogConfig: Setting CVar [[r.SSGI.Quality:3]]
[2022.10.21-20.47.42:786][  0]LogConfig: Setting CVar [[r.EmitterSpawnRateScale:1.0]]
[2022.10.21-20.47.42:786][  0]LogConfig: Setting CVar [[r.ParticleLightQuality:2]]
[2022.10.21-20.47.42:786][  0]LogConfig: Setting CVar [[r.SkyAtmosphere.AerialPerspectiveLUT.FastApplyOnOpaque:1 ; Always have FastSkyLUT 1 in this case to avoid wrong sky]]
[2022.10.21-20.47.42:786][  0]LogConfig: Setting CVar [[r.SkyAtmosphere.AerialPerspectiveLUT.SampleCountMaxPerSlice:4]]
[2022.10.21-20.47.42:786][  0]LogConfig: Setting CVar [[r.SkyAtmosphere.AerialPerspectiveLUT.DepthResolution:16.0]]
[2022.10.21-20.47.42:786][  0]LogConfig: Setting CVar [[r.SkyAtmosphere.FastSkyLUT:1]]
[2022.10.21-20.47.42:786][  0]LogConfig: Setting CVar [[r.SkyAtmosphere.FastSkyLUT.SampleCountMin:4.0]]
[2022.10.21-20.47.42:786][  0]LogConfig: Setting CVar [[r.SkyAtmosphere.FastSkyLUT.SampleCountMax:128.0]]
[2022.10.21-20.47.42:786][  0]LogConfig: Setting CVar [[r.SkyAtmosphere.SampleCountMin:4.0]]
[2022.10.21-20.47.42:786][  0]LogConfig: Setting CVar [[r.SkyAtmosphere.SampleCountMax:128.0]]
[2022.10.21-20.47.42:786][  0]LogConfig: Setting CVar [[r.SkyAtmosphere.TransmittanceLUT.UseSmallFormat:0]]
[2022.10.21-20.47.42:786][  0]LogConfig: Setting CVar [[r.SkyAtmosphere.TransmittanceLUT.SampleCount:10.0]]
[2022.10.21-20.47.42:786][  0]LogConfig: Setting CVar [[r.SkyAtmosphere.MultiScatteringLUT.SampleCount:15.0]]
[2022.10.21-20.47.42:786][  0]LogConfig: Setting CVar [[r.SkyLight.RealTimeReflectionCapture:1]]
[2022.10.21-20.47.42:786][  0]LogConfig: Applying CVar settings from Section [FoliageQuality@3] File [C:/Users/natha/Documents/GitHub/Mid-Term/Saved/Config/Windows/Scalability.ini]
[2022.10.21-20.47.42:786][  0]LogConfig: Setting CVar [[foliage.DensityScale:1.0]]
[2022.10.21-20.47.42:786][  0]LogConfig: Setting CVar [[grass.DensityScale:1.0]]
[2022.10.21-20.47.42:786][  0]LogConfig: Applying CVar settings from Section [ShadingQuality@3] File [C:/Users/natha/Documents/GitHub/Mid-Term/Saved/Config/Windows/Scalability.ini]
[2022.10.21-20.47.42:786][  0]LogConfig: Setting CVar [[r.HairStrands.SkyLighting.IntegrationType:2]]
[2022.10.21-20.47.42:786][  0]LogConfig: Setting CVar [[r.HairStrands.SkyAO.SampleCount:4]]
[2022.10.21-20.47.42:786][  0]LogConfig: Setting CVar [[r.HairStrands.Visibility.MSAA.SamplePerPixel:4]]
[2022.10.21-20.47.42:786][  0]LogInit: Selected Device Profile: [Windows]
[2022.10.21-20.47.42:786][  0]LogInit: Applying CVar settings loaded from the selected device profile: [Windows]
[2022.10.21-20.47.42:786][  0]LogHAL: Display: Platform has ~ 32 GB [34270838784 / 34359738368 / 32], which maps to Largest [LargestMinGB=32, LargerMinGB=12, DefaultMinGB=8, SmallerMinGB=6, SmallestMinGB=0)
[2022.10.21-20.47.42:786][  0]LogInit: Going up to parent DeviceProfile []
[2022.10.21-20.47.42:786][  0]LogConfig: Applying CVar settings from Section [ViewDistanceQuality@3] File [C:/Users/natha/Documents/GitHub/Mid-Term/Saved/Config/Windows/Scalability.ini]
[2022.10.21-20.47.42:786][  0]LogConfig: Setting CVar [[r.SkeletalMeshLODBias:0]]
[2022.10.21-20.47.42:786][  0]LogConfig: Setting CVar [[r.ViewDistanceScale:1.0]]
[2022.10.21-20.47.42:786][  0]LogConfig: Applying CVar settings from Section [AntiAliasingQuality@3] File [C:/Users/natha/Documents/GitHub/Mid-Term/Saved/Config/Windows/Scalability.ini]
[2022.10.21-20.47.42:786][  0]LogConfig: Setting CVar [[r.PostProcessAAQuality:4]]
[2022.10.21-20.47.42:786][  0]LogConfig: Applying CVar settings from Section [ShadowQuality@3] File [C:/Users/natha/Documents/GitHub/Mid-Term/Saved/Config/Windows/Scalability.ini]
[2022.10.21-20.47.42:786][  0]LogConfig: Setting CVar [[r.LightFunctionQuality:1]]
[2022.10.21-20.47.42:786][  0]LogConfig: Setting CVar [[r.ShadowQuality:5]]
[2022.10.21-20.47.42:786][  0]LogConfig: Setting CVar [[r.Shadow.CSM.MaxCascades:10]]
[2022.10.21-20.47.42:786][  0]LogConfig: Setting CVar [[r.Shadow.MaxResolution:2048]]
[2022.10.21-20.47.42:786][  0]LogConfig: Setting CVar [[r.Shadow.MaxCSMResolution:2048]]
[2022.10.21-20.47.42:786][  0]LogConfig: Setting CVar [[r.Shadow.RadiusThreshold:0.01]]
[2022.10.21-20.47.42:786][  0]LogConfig: Setting CVar [[r.Shadow.DistanceScale:1.0]]
[2022.10.21-20.47.42:786][  0]LogConfig: Setting CVar [[r.Shadow.CSM.TransitionScale:1.0]]
[2022.10.21-20.47.42:787][  0]LogConfig: Setting CVar [[r.Shadow.PreShadowResolutionFactor:1.0]]
[2022.10.21-20.47.42:787][  0]LogConfig: Setting CVar [[r.DistanceFieldShadowing:1]]
[2022.10.21-20.47.42:787][  0]LogConfig: Setting CVar [[r.DistanceFieldAO:1]]
[2022.10.21-20.47.42:787][  0]LogConfig: Setting CVar [[r.AOQuality:2]]
[2022.10.21-20.47.42:787][  0]LogConfig: Setting CVar [[r.VolumetricFog:1]]
[2022.10.21-20.47.42:787][  0]LogConfig: Setting CVar [[r.VolumetricFog.GridPixelSize:8]]
[2022.10.21-20.47.42:787][  0]LogConfig: Setting CVar [[r.VolumetricFog.GridSizeZ:128]]
[2022.10.21-20.47.42:787][  0]LogConfig: Setting CVar [[r.VolumetricFog.HistoryMissSupersampleCount:4]]
[2022.10.21-20.47.42:787][  0]LogConfig: Setting CVar [[r.LightMaxDrawDistanceScale:1]]
[2022.10.21-20.47.42:787][  0]LogConfig: Setting CVar [[r.CapsuleShadows:1]]
[2022.10.21-20.47.42:787][  0]LogConfig: Applying CVar settings from Section [PostProcessQuality@3] File [C:/Users/natha/Documents/GitHub/Mid-Term/Saved/Config/Windows/Scalability.ini]
[2022.10.21-20.47.42:787][  0]LogConfig: Setting CVar [[r.MotionBlurQuality:4]]
[2022.10.21-20.47.42:787][  0]LogConfig: Setting CVar [[r.AmbientOcclusionMipLevelFactor:0.4]]
[2022.10.21-20.47.42:787][  0]LogConfig: Setting CVar [[r.AmbientOcclusionMaxQuality:100]]
[2022.10.21-20.47.42:787][  0]LogConfig: Setting CVar [[r.AmbientOcclusionLevels:-1]]
[2022.10.21-20.47.42:787][  0]LogConfig: Setting CVar [[r.AmbientOcclusionRadiusScale:1.0]]
[2022.10.21-20.47.42:787][  0]LogConfig: Setting CVar [[r.DepthOfFieldQuality:2]]
[2022.10.21-20.47.42:787][  0]LogConfig: Setting CVar [[r.RenderTargetPoolMin:400]]
[2022.10.21-20.47.42:787][  0]LogConfig: Setting CVar [[r.LensFlareQuality:2]]
[2022.10.21-20.47.42:787][  0]LogConfig: Setting CVar [[r.SceneColorFringeQuality:1]]
[2022.10.21-20.47.42:787][  0]LogConfig: Setting CVar [[r.EyeAdaptationQuality:2]]
[2022.10.21-20.47.42:787][  0]LogConfig: Setting CVar [[r.BloomQuality:5]]
[2022.10.21-20.47.42:787][  0]LogConfig: Setting CVar [[r.FastBlurThreshold:100]]
[2022.10.21-20.47.42:787][  0]LogConfig: Setting CVar [[r.Upscale.Quality:3]]
[2022.10.21-20.47.42:787][  0]LogConfig: Setting CVar [[r.Tonemapper.GrainQuantization:1]]
[2022.10.21-20.47.42:787][  0]LogConfig: Setting CVar [[r.LightShaftQuality:1]]
[2022.10.21-20.47.42:787][  0]LogConfig: Setting CVar [[r.Filter.SizeScale:1]]
[2022.10.21-20.47.42:787][  0]LogConfig: Setting CVar [[r.Tonemapper.Quality:5]]
[2022.10.21-20.47.42:787][  0]LogConfig: Setting CVar [[r.DOF.Gather.AccumulatorQuality:1        ; higher gathering accumulator quality]]
[2022.10.21-20.47.42:787][  0]LogConfig: Setting CVar [[r.DOF.Gather.PostfilterMethod:1          ; Median3x3 postfilering method]]
[2022.10.21-20.47.42:787][  0]LogConfig: Setting CVar [[r.DOF.Gather.EnableBokehSettings:0       ; no bokeh simulation when gathering]]
[2022.10.21-20.47.42:787][  0]LogConfig: Setting CVar [[r.DOF.Gather.RingCount:4                 ; medium number of samples when gathering]]
[2022.10.21-20.47.42:787][  0]LogConfig: Setting CVar [[r.DOF.Scatter.ForegroundCompositing:1    ; additive foreground scattering]]
[2022.10.21-20.47.42:787][  0]LogConfig: Setting CVar [[r.DOF.Scatter.BackgroundCompositing:2    ; additive background scattering]]
[2022.10.21-20.47.42:787][  0]LogConfig: Setting CVar [[r.DOF.Scatter.EnableBokehSettings:1      ; bokeh simulation when scattering]]
[2022.10.21-20.47.42:787][  0]LogConfig: Setting CVar [[r.DOF.Scatter.MaxSpriteRatio:0.1         ; only a maximum of 10% of scattered bokeh]]
[2022.10.21-20.47.42:787][  0]LogConfig: Setting CVar [[r.DOF.Recombine.Quality:1                ; cheap slight out of focus]]
[2022.10.21-20.47.42:787][  0]LogConfig: Setting CVar [[r.DOF.Recombine.EnableBokehSettings:0    ; no bokeh simulation on slight out of focus]]
[2022.10.21-20.47.42:787][  0]LogConfig: Setting CVar [[r.DOF.TemporalAAQuality:1                ; more stable temporal accumulation]]
[2022.10.21-20.47.42:787][  0]LogConfig: Setting CVar [[r.DOF.Kernel.MaxForegroundRadius:0.025]]
[2022.10.21-20.47.42:787][  0]LogConfig: Setting CVar [[r.DOF.Kernel.MaxBackgroundRadius:0.025]]
[2022.10.21-20.47.42:787][  0]LogConfig: Applying CVar settings from Section [TextureQuality@3] File [C:/Users/natha/Documents/GitHub/Mid-Term/Saved/Config/Windows/Scalability.ini]
[2022.10.21-20.47.42:787][  0]LogConfig: Setting CVar [[r.Streaming.MipBias:0]]
[2022.10.21-20.47.42:787][  0]LogConfig: Setting CVar [[r.Streaming.AmortizeCPUToGPUCopy:0]]
[2022.10.21-20.47.42:787][  0]LogConfig: Setting CVar [[r.Streaming.MaxNumTexturesToStreamPerFrame:0]]
[2022.10.21-20.47.42:787][  0]LogConfig: Setting CVar [[r.Streaming.Boost:1]]
[2022.10.21-20.47.42:787][  0]LogConfig: Setting CVar [[r.MaxAnisotropy:8]]
[2022.10.21-20.47.42:787][  0]LogConfig: Setting CVar [[r.VT.MaxAnisotropy:8]]
[2022.10.21-20.47.42:787][  0]LogConfig: Setting CVar [[r.Streaming.LimitPoolSizeToVRAM:0]]
[2022.10.21-20.47.42:787][  0]LogConfig: Setting CVar [[r.Streaming.PoolSize:1000]]
[2022.10.21-20.47.42:787][  0]LogConfig: Setting CVar [[r.Streaming.MaxEffectiveScreenSize:0]]
[2022.10.21-20.47.42:787][  0]LogConfig: Applying CVar settings from Section [EffectsQuality@3] File [C:/Users/natha/Documents/GitHub/Mid-Term/Saved/Config/Windows/Scalability.ini]
[2022.10.21-20.47.42:787][  0]LogConfig: Setting CVar [[r.TranslucencyLightingVolumeDim:64]]
[2022.10.21-20.47.42:787][  0]LogConfig: Setting CVar [[r.RefractionQuality:2]]
[2022.10.21-20.47.42:787][  0]LogConfig: Setting CVar [[r.SSR.Quality:3]]
[2022.10.21-20.47.42:787][  0]LogConfig: Setting CVar [[r.SSR.HalfResSceneColor:0]]
[2022.10.21-20.47.42:787][  0]LogConfig: Setting CVar [[r.SceneColorFormat:4]]
[2022.10.21-20.47.42:787][  0]LogConfig: Setting CVar [[r.DetailMode:2]]
[2022.10.21-20.47.42:787][  0]LogConfig: Setting CVar [[r.TranslucencyVolumeBlur:1]]
[2022.10.21-20.47.42:787][  0]LogConfig: Setting CVar [[r.MaterialQualityLevel:1 ; High quality]]
[2022.10.21-20.47.42:787][  0]LogConfig: Setting CVar [[r.AnisotropicMaterials:1]]
[2022.10.21-20.47.42:787][  0]LogConfig: Setting CVar [[r.SSS.Scale:1]]
[2022.10.21-20.47.42:787][  0]LogConfig: Setting CVar [[r.SSS.SampleSet:2]]
[2022.10.21-20.47.42:787][  0]LogConfig: Setting CVar [[r.SSS.Quality:1]]
[2022.10.21-20.47.42:787][  0]LogConfig: Setting CVar [[r.SSS.HalfRes:0]]
[2022.10.21-20.47.42:787][  0]LogConfig: Setting CVar [[r.SSGI.Quality:3]]
[2022.10.21-20.47.42:787][  0]LogConfig: Setting CVar [[r.EmitterSpawnRateScale:1.0]]
[2022.10.21-20.47.42:787][  0]LogConfig: Setting CVar [[r.ParticleLightQuality:2]]
[2022.10.21-20.47.42:787][  0]LogConfig: Setting CVar [[r.SkyAtmosphere.AerialPerspectiveLUT.FastApplyOnOpaque:1 ; Always have FastSkyLUT 1 in this case to avoid wrong sky]]
[2022.10.21-20.47.42:787][  0]LogConfig: Setting CVar [[r.SkyAtmosphere.AerialPerspectiveLUT.SampleCountMaxPerSlice:4]]
[2022.10.21-20.47.42:787][  0]LogConfig: Setting CVar [[r.SkyAtmosphere.AerialPerspectiveLUT.DepthResolution:16.0]]
[2022.10.21-20.47.42:787][  0]LogConfig: Setting CVar [[r.SkyAtmosphere.FastSkyLUT:1]]
[2022.10.21-20.47.42:787][  0]LogConfig: Setting CVar [[r.SkyAtmosphere.FastSkyLUT.SampleCountMin:4.0]]
[2022.10.21-20.47.42:787][  0]LogConfig: Setting CVar [[r.SkyAtmosphere.FastSkyLUT.SampleCountMax:128.0]]
[2022.10.21-20.47.42:787][  0]LogConfig: Setting CVar [[r.SkyAtmosphere.SampleCountMin:4.0]]
[2022.10.21-20.47.42:787][  0]LogConfig: Setting CVar [[r.SkyAtmosphere.SampleCountMax:128.0]]
[2022.10.21-20.47.42:787][  0]LogConfig: Setting CVar [[r.SkyAtmosphere.TransmittanceLUT.UseSmallFormat:0]]
[2022.10.21-20.47.42:787][  0]LogConfig: Setting CVar [[r.SkyAtmosphere.TransmittanceLUT.SampleCount:10.0]]
[2022.10.21-20.47.42:787][  0]LogConfig: Setting CVar [[r.SkyAtmosphere.MultiScatteringLUT.SampleCount:15.0]]
[2022.10.21-20.47.42:788][  0]LogConfig: Setting CVar [[r.SkyLight.RealTimeReflectionCapture:1]]
[2022.10.21-20.47.42:788][  0]LogConfig: Applying CVar settings from Section [FoliageQuality@3] File [C:/Users/natha/Documents/GitHub/Mid-Term/Saved/Config/Windows/Scalability.ini]
[2022.10.21-20.47.42:788][  0]LogConfig: Setting CVar [[foliage.DensityScale:1.0]]
[2022.10.21-20.47.42:788][  0]LogConfig: Setting CVar [[grass.DensityScale:1.0]]
[2022.10.21-20.47.42:788][  0]LogConfig: Applying CVar settings from Section [ShadingQuality@3] File [C:/Users/natha/Documents/GitHub/Mid-Term/Saved/Config/Windows/Scalability.ini]
[2022.10.21-20.47.42:788][  0]LogConfig: Setting CVar [[r.HairStrands.SkyLighting.IntegrationType:2]]
[2022.10.21-20.47.42:788][  0]LogConfig: Setting CVar [[r.HairStrands.SkyAO.SampleCount:4]]
[2022.10.21-20.47.42:788][  0]LogConfig: Setting CVar [[r.HairStrands.Visibility.MSAA.SamplePerPixel:4]]
[2022.10.21-20.47.42:788][  0]LogConfig: Applying CVar settings from Section [Startup] File [../../../Engine/Config/ConsoleVariables.ini]
[2022.10.21-20.47.42:788][  0]LogConfig: Setting CVar [[net.UseAdaptiveNetUpdateFrequency:0]]
[2022.10.21-20.47.42:788][  0]LogConfig: Setting CVar [[p.chaos.AllowCreatePhysxBodies:1]]
[2022.10.21-20.47.42:788][  0]LogConfig: Setting CVar [[fx.SkipVectorVMBackendOptimizations:1]]
[2022.10.21-20.47.42:788][  0]LogConfig: Applying CVar settings from Section [ConsoleVariables] File [C:/Users/natha/Documents/GitHub/Mid-Term/Saved/Config/Windows/Engine.ini]
[2022.10.21-20.47.42:788][  0]LogConfig: Applying CVar settings from Section [ConsoleVariables] File [C:/Users/natha/Documents/GitHub/Mid-Term/Saved/Config/Windows/Editor.ini]
[2022.10.21-20.47.42:788][  0]LogInit: Computer: DESKTOP-I1M57I5
[2022.10.21-20.47.42:788][  0]LogInit: User: natha
[2022.10.21-20.47.42:788][  0]LogInit: CPU Page size=4096, Cores=8
[2022.10.21-20.47.42:788][  0]LogInit: High frequency timer resolution =10.000000 MHz
[2022.10.21-20.47.42:789][  0]LogMemory: Memory total: Physical=31.9GB (32GB approx)
[2022.10.21-20.47.42:789][  0]LogMemory: Platform Memory Stats for Windows
[2022.10.21-20.47.42:789][  0]LogMemory: Process Physical Memory: 143.57 MB used, 143.58 MB peak
[2022.10.21-20.47.42:789][  0]LogMemory: Process Virtual Memory: 128.42 MB used, 128.42 MB peak
[2022.10.21-20.47.42:789][  0]LogMemory: Physical Memory: 10392.98 MB used,  22290.24 MB free, 32683.22 MB total
[2022.10.21-20.47.42:789][  0]LogMemory: Virtual Memory: 134193608.00 MB used,  24116.53 MB free, 134217728.00 MB total
[2022.10.21-20.47.42:793][  0]LogWindows: WindowsPlatformFeatures enabled
[2022.10.21-20.47.42:828][  0]LogInit: Physics initialised using underlying interface: PhysX
[2022.10.21-20.47.42:828][  0]LogInit: Using OS detected language (en-US).
[2022.10.21-20.47.42:828][  0]LogInit: Using OS detected locale (en-US).
[2022.10.21-20.47.42:830][  0]LogTextLocalizationManager: No specific localization for 'en-US' exists, so the 'en' localization will be used.
[2022.10.21-20.47.42:981][  0]LogInit: Setting process to per monitor DPI aware
[2022.10.21-20.47.42:991][  0]LogWindowsTextInputMethodSystem: Display: IME system deactivated.
[2022.10.21-20.47.43:002][  0]LogSlate: New Slate User Created.  User Index 0, Is Virtual User: 0
[2022.10.21-20.47.43:002][  0]LogSlate: Slate User Registered.  User Index 0, Is Virtual User: 0
[2022.10.21-20.47.43:151][  0]LogD3D11RHI: Loaded GFSDK_Aftermath_Lib.x64.dll
[2022.10.21-20.47.43:168][  0]LogHMD: Optional extension XR_VARJO_quad_views is not available
[2022.10.21-20.47.43:168][  0]LogHMD: Warning: Required extension XR_EXT_eye_gaze_interaction is not available
[2022.10.21-20.47.43:168][  0]LogHMD: Could not enable all required OpenXR extensions for OpenXREyeTracker on current system. This plugin will be loaded but ignored, but will be enabled on a target platform that supports the required extension.
[2022.10.21-20.47.43:188][  0]LogHMD: Failed to create an OpenXR instance, result is XR_ERROR_RUNTIME_FAILURE. Please check if you have an OpenXR runtime installed. The following extensions were enabled:
[2022.10.21-20.47.43:188][  0]LogHMD: - XR_KHR_D3D11_enable
[2022.10.21-20.47.43:188][  0]LogHMD: - XR_KHR_D3D12_enable
[2022.10.21-20.47.43:188][  0]LogHMD: - XR_KHR_opengl_enable
[2022.10.21-20.47.43:188][  0]LogHMD: - XR_KHR_vulkan_enable
[2022.10.21-20.47.43:188][  0]LogHMD: - XR_KHR_composition_layer_depth
[2022.10.21-20.47.43:188][  0]LogHMD: - XR_KHR_visibility_mask
[2022.10.21-20.47.43:188][  0]LogHMD: - XR_EXT_hand_tracking
[2022.10.21-20.47.43:188][  0]LogD3D11RHI: D3D11 min allowed feature level: 11_0
[2022.10.21-20.47.43:188][  0]LogD3D11RHI: D3D11 max allowed feature level: 11_0
[2022.10.21-20.47.43:188][  0]LogD3D11RHI: D3D11 adapters:
[2022.10.21-20.47.43:271][  0]LogD3D11RHI:    0. 'NVIDIA GeForce RTX 3070 Ti' (Feature Level 11_0)
[2022.10.21-20.47.43:271][  0]LogD3D11RHI:       8041/0/16341 MB DedicatedVideo/DedicatedSystem/SharedSystem, Outputs:2, VendorId:0x10de
[2022.10.21-20.47.43:273][  0]LogD3D11RHI:    1. 'Microsoft Basic Render Driver' (Feature Level 11_0)
[2022.10.21-20.47.43:273][  0]LogD3D11RHI:       0/0/16341 MB DedicatedVideo/DedicatedSystem/SharedSystem, Outputs:0, VendorId:0x1414
[2022.10.21-20.47.43:273][  0]LogD3D11RHI: Chosen D3D11 Adapter:
[2022.10.21-20.47.43:273][  0]LogD3D11RHI:     Description : NVIDIA GeForce RTX 3070 Ti
[2022.10.21-20.47.43:273][  0]LogD3D11RHI:     VendorId    : 10de
[2022.10.21-20.47.43:273][  0]LogD3D11RHI:     DeviceId    : 2482
[2022.10.21-20.47.43:273][  0]LogD3D11RHI:     SubSysId    : 408f1458
[2022.10.21-20.47.43:273][  0]LogD3D11RHI:     Revision    : 00a1
[2022.10.21-20.47.43:273][  0]LogD3D11RHI:     DedicatedVideoMemory : 8431599616 bytes
[2022.10.21-20.47.43:273][  0]LogD3D11RHI:     DedicatedSystemMemory : 0 bytes
[2022.10.21-20.47.43:273][  0]LogD3D11RHI:     SharedSystemMemory : 17135419392 bytes
[2022.10.21-20.47.43:273][  0]LogD3D11RHI:     AdapterLuid : 0 64387
[2022.10.21-20.47.43:279][  0]LogD3D11RHI: Creating new Direct3DDevice
[2022.10.21-20.47.43:279][  0]LogD3D11RHI:     GPU DeviceId: 0x2482 (for the marketing name, search the web for "GPU Device Id")
[2022.10.21-20.47.43:279][  0]LogWindows: EnumDisplayDevices:
[2022.10.21-20.47.43:279][  0]LogWindows:    0. 'NVIDIA GeForce RTX 3070 Ti' (P:0 D:1)
[2022.10.21-20.47.43:279][  0]LogWindows:    1. 'NVIDIA GeForce RTX 3070 Ti' (P:1 D:1)
[2022.10.21-20.47.43:279][  0]LogWindows:    2. 'NVIDIA GeForce RTX 3070 Ti' (P:0 D:0)
[2022.10.21-20.47.43:280][  0]LogWindows:    3. 'NVIDIA GeForce RTX 3070 Ti' (P:0 D:0)
[2022.10.21-20.47.43:280][  0]LogWindows: DebugString: FoundDriverCount:4 
[2022.10.21-20.47.43:280][  0]LogD3D11RHI:     Adapter Name: NVIDIA GeForce RTX 3070 Ti
[2022.10.21-20.47.43:280][  0]LogD3D11RHI:   Driver Version: 512.15 (internal:30.0.15.1215, unified:512.15)
[2022.10.21-20.47.43:280][  0]LogD3D11RHI:      Driver Date: 3-17-2022
[2022.10.21-20.47.43:280][  0]LogRHI: Texture pool is 5628 MB (70% of 8041 MB)
[2022.10.21-20.47.43:280][  0]LogD3D11RHI: Creating D3DDevice using adapter:
[2022.10.21-20.47.43:280][  0]LogD3D11RHI:     Description : NVIDIA GeForce RTX 3070 Ti
[2022.10.21-20.47.43:280][  0]LogD3D11RHI:     VendorId    : 10de
[2022.10.21-20.47.43:280][  0]LogD3D11RHI:     DeviceId    : 2482
[2022.10.21-20.47.43:280][  0]LogD3D11RHI:     SubSysId    : 408f1458
[2022.10.21-20.47.43:280][  0]LogD3D11RHI:     Revision    : 00a1
[2022.10.21-20.47.43:280][  0]LogD3D11RHI:     DedicatedVideoMemory : 8431599616 bytes
[2022.10.21-20.47.43:280][  0]LogD3D11RHI:     DedicatedSystemMemory : 0 bytes
[2022.10.21-20.47.43:280][  0]LogD3D11RHI:     SharedSystemMemory : 17135419392 bytes
[2022.10.21-20.47.43:280][  0]LogD3D11RHI:     AdapterLuid : 0 64387
[2022.10.21-20.47.43:332][  0]LogD3D11RHI: RHI has support for 64 bit atomics
[2022.10.21-20.47.43:332][  0]LogD3D11RHI: Async texture creation enabled
[2022.10.21-20.47.43:332][  0]LogD3D11RHI: Array index from any shader is supported
[2022.10.21-20.47.43:354][  0]LogD3D11RHI: GPU Timing Frequency: 1000.000000 (Debug: 2 1)
[2022.10.21-20.47.43:386][  0]LogRHI: GeForceNow SDK initialized: 1
[2022.10.21-20.47.43:615][  0]LogTargetPlatformManager: Display: Loaded TargetPlatform 'AllDesktop'
[2022.10.21-20.47.43:631][  0]LogTargetPlatformManager: Display: Loaded TargetPlatform 'Android'
[2022.10.21-20.47.43:631][  0]LogTargetPlatformManager: Display: Loaded TargetPlatform 'Android_ASTC'
[2022.10.21-20.47.43:631][  0]LogTargetPlatformManager: Display: Loaded TargetPlatform 'Android_DXT'
[2022.10.21-20.47.43:631][  0]LogTargetPlatformManager: Display: Loaded TargetPlatform 'Android_ETC2'
[2022.10.21-20.47.43:631][  0]LogTargetPlatformManager: Display: Loaded TargetPlatform 'AndroidClient'
[2022.10.21-20.47.43:631][  0]LogTargetPlatformManager: Display: Loaded TargetPlatform 'Android_ASTCClient'
[2022.10.21-20.47.43:631][  0]LogTargetPlatformManager: Display: Loaded TargetPlatform 'Android_DXTClient'
[2022.10.21-20.47.43:631][  0]LogTargetPlatformManager: Display: Loaded TargetPlatform 'Android_ETC2Client'
[2022.10.21-20.47.43:631][  0]LogTargetPlatformManager: Display: Loaded TargetPlatform 'Android_Multi'
[2022.10.21-20.47.43:631][  0]LogTargetPlatformManager: Display: Loaded TargetPlatform 'Android_MultiClient'
[2022.10.21-20.47.43:645][  0]LogTargetPlatformManager: Display: Loaded TargetPlatform 'IOSClient'
[2022.10.21-20.47.43:645][  0]LogTargetPlatformManager: Display: Loaded TargetPlatform 'IOS'
[2022.10.21-20.47.43:652][  0]LogTargetPlatformManager: Display: Loaded TargetPlatform 'Linux'
[2022.10.21-20.47.43:655][  0]LogTargetPlatformManager: Display: Loaded TargetPlatform 'LinuxNoEditor'
[2022.10.21-20.47.43:658][  0]LogTargetPlatformManager: Display: Loaded TargetPlatform 'LinuxClient'
[2022.10.21-20.47.43:662][  0]LogTargetPlatformManager: Display: Loaded TargetPlatform 'LinuxServer'
[2022.10.21-20.47.43:669][  0]LogTargetPlatformManager: Display: Loaded TargetPlatform 'LinuxAArch64NoEditor'
[2022.10.21-20.47.43:672][  0]LogTargetPlatformManager: Display: Loaded TargetPlatform 'LinuxAArch64Client'
[2022.10.21-20.47.43:675][  0]LogTargetPlatformManager: Display: Loaded TargetPlatform 'LinuxAArch64Server'
[2022.10.21-20.47.43:694][  0]LogTargetPlatformManager: Display: Loaded TargetPlatform 'Lumin'
[2022.10.21-20.47.43:694][  0]LogTargetPlatformManager: Display: Loaded TargetPlatform 'LuminClient'
[2022.10.21-20.47.43:700][  0]LogTargetPlatformManager: Display: Loaded TargetPlatform 'MacNoEditor'
[2022.10.21-20.47.43:704][  0]LogTargetPlatformManager: Display: Loaded TargetPlatform 'Mac'
[2022.10.21-20.47.43:707][  0]LogTargetPlatformManager: Display: Loaded TargetPlatform 'MacClient'
[2022.10.21-20.47.43:710][  0]LogTargetPlatformManager: Display: Loaded TargetPlatform 'MacServer'
[2022.10.21-20.47.43:717][  0]LogTargetPlatformManager: Display: Loaded TargetPlatform 'TVOSClient'
[2022.10.21-20.47.43:717][  0]LogTargetPlatformManager: Display: Loaded TargetPlatform 'TVOS'
[2022.10.21-20.47.43:723][  0]LogTargetPlatformManager: Display: Loaded TargetPlatform 'WindowsNoEditor'
[2022.10.21-20.47.43:726][  0]LogTargetPlatformManager: Display: Loaded TargetPlatform 'Windows'
[2022.10.21-20.47.43:729][  0]LogTargetPlatformManager: Display: Loaded TargetPlatform 'WindowsClient'
[2022.10.21-20.47.43:733][  0]LogTargetPlatformManager: Display: Loaded TargetPlatform 'WindowsServer'
[2022.10.21-20.47.43:733][  0]LogTargetPlatformManager: Display: Building Assets For Windows
[2022.10.21-20.47.43:739][  0]LogAudioDebug: Display: Lib vorbis DLL was dynamically loaded.
[2022.10.21-20.47.43:761][  0]LogTextureFormatOodle: Display: Oodle Texture 2.9.0 init RDO Off
[2022.10.21-20.47.43:792][  0]LogRendererCore: Ray tracing is disabled. Reason: r.RayTracing=0.
[2022.10.21-20.47.43:792][  0]LogShaderCompilers: Guid format shader working directory is 5 characters bigger than the processId version (C:/Users/natha/Documents/GitHub/Mid-Term/Intermediate/Shaders/WorkingDirectory/17872/).
[2022.10.21-20.47.43:792][  0]LogShaderCompilers: Cleaned the shader compiler working directory 'C:/Users/natha/AppData/Local/Temp/UnrealShaderWorkingDir/2917786442C8894BAF758B9F5A313D06/'.
[2022.10.21-20.47.43:792][  0]LogXGEController: Cannot use XGE Controller as Incredibuild is not installed on this machine.
[2022.10.21-20.47.43:792][  0]LogShaderCompilers: Cannot use XGE Shader Compiler as Incredibuild is not installed on this machine.
[2022.10.21-20.47.43:792][  0]LogShaderCompilers: Display: Using Local Shader Compiler.
[2022.10.21-20.47.44:425][  0]LogDerivedDataCache: Display: Max Cache Size: 512 MB
[2022.10.21-20.47.44:477][  0]LogDerivedDataCache: Loaded boot cache 0.05s 94MB C:/Users/natha/AppData/Local/UnrealEngine/4.27/DerivedDataCache/Boot.ddc.
[2022.10.21-20.47.44:478][  0]LogDerivedDataCache: Display: Loaded Boot cache: C:/Users/natha/AppData/Local/UnrealEngine/4.27/DerivedDataCache/Boot.ddc
[2022.10.21-20.47.44:478][  0]LogDerivedDataCache: FDerivedDataBackendGraph:  Pak pak cache file C:/Users/natha/Documents/GitHub/Mid-Term/DerivedDataCache/DDC.ddp not found, will not use a pak cache.
[2022.10.21-20.47.44:478][  0]LogDerivedDataCache: Unable to find inner node Pak for hierarchical cache Hierarchy.
[2022.10.21-20.47.44:478][  0]LogDerivedDataCache: FDerivedDataBackendGraph:  CompressedPak pak cache file C:/Users/natha/Documents/GitHub/Mid-Term/DerivedDataCache/Compressed.ddp not found, will not use a pak cache.
[2022.10.21-20.47.44:478][  0]LogDerivedDataCache: Unable to find inner node CompressedPak for hierarchical cache Hierarchy.
[2022.10.21-20.47.44:491][  0]LogDerivedDataCache: Display: Pak cache opened for reading ../../../Engine/DerivedDataCache/Compressed.ddp.
[2022.10.21-20.47.44:491][  0]LogDerivedDataCache: FDerivedDataBackendGraph:  EnterprisePak pak cache file ../../../Enterprise/DerivedDataCache/Compressed.ddp not found, will not use a pak cache.
[2022.10.21-20.47.44:491][  0]LogDerivedDataCache: Unable to find inner node EnterprisePak for hierarchical cache Hierarchy.
[2022.10.21-20.47.44:497][  0]LogDerivedDataCache: Speed tests for C:/Users/natha/AppData/Local/UnrealEngine/Common/DerivedDataCache took 0.00 seconds
[2022.10.21-20.47.44:497][  0]LogDerivedDataCache: Display: Performance to C:/Users/natha/AppData/Local/UnrealEngine/Common/DerivedDataCache: Latency=0.03ms. RandomReadSpeed=1389.67MBs, RandomWriteSpeed=235.36MBs. Assigned SpeedClass 'Local'
[2022.10.21-20.47.44:499][  0]LogDerivedDataCache: Using Local data cache path C:/Users/natha/AppData/Local/UnrealEngine/Common/DerivedDataCache: Writable
[2022.10.21-20.47.44:499][  0]LogDerivedDataCache: Shared data cache path not found in *engine.ini, will not use an Shared cache.
[2022.10.21-20.47.44:499][  0]LogDerivedDataCache: Unable to find inner node Shared for hierarchical cache Hierarchy.
[2022.10.21-20.47.44:539][  0]LogSlate: Using FreeType 2.10.0
[2022.10.21-20.47.44:539][  0]LogSlate: SlateFontServices - WITH_FREETYPE: 1, WITH_HARFBUZZ: 1
[2022.10.21-20.47.44:554][  0]LogHMD: Optional extension XR_VARJO_quad_views is not available
[2022.10.21-20.47.44:554][  0]LogHMD: Warning: Required extension XR_EXT_eye_gaze_interaction is not available
[2022.10.21-20.47.44:554][  0]LogHMD: Could not enable all required OpenXR extensions for OpenXREyeTracker on current system. This plugin will be loaded but ignored, but will be enabled on a target platform that supports the required extension.
[2022.10.21-20.47.47:033][  0]LogHMD: Failed to create an OpenXR instance, result is XR_ERROR_RUNTIME_FAILURE. Please check if you have an OpenXR runtime installed. The following extensions were enabled:
[2022.10.21-20.47.47:033][  0]LogHMD: - XR_KHR_D3D11_enable
[2022.10.21-20.47.47:033][  0]LogHMD: - XR_KHR_D3D12_enable
[2022.10.21-20.47.47:033][  0]LogHMD: - XR_KHR_opengl_enable
[2022.10.21-20.47.47:033][  0]LogHMD: - XR_KHR_vulkan_enable
[2022.10.21-20.47.47:033][  0]LogHMD: - XR_KHR_composition_layer_depth
[2022.10.21-20.47.47:033][  0]LogHMD: - XR_KHR_visibility_mask
[2022.10.21-20.47.47:033][  0]LogHMD: - XR_EXT_hand_tracking
[2022.10.21-20.47.47:056][  0]LogAssetRegistry: FAssetRegistry took 0.0020 seconds to start up
[2022.10.21-20.47.47:239][  0]LogInit: Selected Device Profile: [Windows]
[2022.10.21-20.47.47:240][  0]LogInit: Active device profile: [000001BEC0D80F00][000001BEC1882B00 49] Windows
[2022.10.21-20.47.47:240][  0]LogInit: Profiles: [000001BEC0D80F00][000001BEC1882B00 49] Windows, [000001BEC0B3EB00][000001BEC1904C80 49] WindowsNoEditor, [000001BEC0D81F00][000001BEB5282E00 49] WindowsServer, [000001BEC0B3DC00][000001BEB51F2F80 49] WindowsClient, [000001BEC0D81200][000001BEB52EB100 49] IOS, [000001BEC0B3D800][000001BEB52EF280 49] iPadAir, [000001BEC0D83300][000001BEB52F3400 49] iPadAir2, [000001BEC2151300][000001BEC19AB6C0 49] IPadPro, [000001BEC2151400][000001BEC19A7700 49] iPadAir3, [000001BEC0B3CB00][000001BEC19B3880 49] iPadAir4, [000001BEC2152100][000001BEC19C3A00 49] iPadMini2, [000001BEC0B3FB00][000001BEC19D3B80 49] iPadMini3, [000001BEC2152C00][000001BEC19D6180 49] iPadMini4, [000001BEC0B3ED00][000001BEC19DA300 49] iPadMini5, [000001BEC2170E00][000001BEB47305C0 49] iPhone6, [000001BEC2170F00][000001BEB4728600 49] iPodTouch6, [000001BEC0D83700][000001BEB4748840 49] iPhone7, [000001BEC0D82800][000001BEC187E880 49] iPodTouch7, [000001BEC2151100][000001BEBE0EA9C0 49] iPhone5S, [000001BEC0D81100][000001BEBE0EEB00 49] iPhone6Plus, [000001BEC2152A00][000001BEC18DAC80 49] iPhone6S, [000001BEC0D81A00][000001BEC18FEE00 49] iPhone6SPlus, [000001BEC2170100][000001BEB51D2F80 49] iPhone7Plus, [000001BEC2151D00][000001BEB51D7100 49] iPhoneSE, [000001BEC2170C00][000001BEB51DB280 49] iPhone8, [000001BEC2150400][000001BEB4DCF400 49] iPhone8Plus, [000001BEC2172A00][000001BEC1703580 49] iPhoneX, [000001BEC2153C00][000001BEB51DF700 49] iPhoneXS, [000001BEC2172900][000001BEB51E3880 49] iPhoneXSMax, [000001BEC2150B00][000001BEB51E7A00 49] iPhoneXR, [000001BEC0D83800][000001BEB51EBB80 49] iPhone11, [000001BEC2153D00][000001BEC1DE4180 49] iPhone11Pro, [000001BEC0D81B00][000001BEB56FA300 49] iPhone11ProMax, [000001BEC2151500][000001BEB56FE480 49] iPhoneSE2, [000001BEC0D81E00][000001BEC1984600 49] iPhone12Mini, [000001BEC2153100][000001BEC198C780 49] iPhone12, [000001BEC0D83400][000001BEC1990900 49] iPhone12Pro, [000001BEC2150D00][000001BEC18D6A40 49] iPhone12ProMax, [000001BEC0D83C00][000001BEC1994B80 49] iPadPro105, [000001BEC2153700][000001BEC1998CC0 49] iPadPro129, [000001BEC0D82A00][000001BEC19A0E40 49] iPadPro97, [000001BEC2150900][000001BEC1B0AFC0 49] iPadPro2_129, [000001BEC0D80800][000001BEC1B0F140 49] iPad5, [000001BEC2151000][000001BEC1B132C0 49] iPad6, [000001BEC0D80400][000001BEC1887440 49] iPad7, [000001BEC2152B00][000001BEC188B5C0 49] iPad8, [000001BEC0D83500][000001BEC1899740 49] iPadPro11, [000001BEC2151800][000001BEC18CD8C0 49] iPadPro2_11, [000001BEC0D80900][000001BEC18D1A40 49] iPadPro3_129, [000001BEC2152800][000001BEC1BA7BC0 49] iPadPro4_129, [000001BEC0D82E00][000001BEC1BE61C0 49] AppleTV, [000001BEC2153E00][000001BEC1BEA340 49] AppleTV4K, [000001BEC0D80500][000001BEC1BEE4C0 49] TVOS, [000001BEC2151700][000001BEC1BF2640 49] Mac, [000001BEC0D82300][000001BEC1BFA7C0 49] MacClient, [000001BEC2150800][000001BEC1BFE940 49] MacNoEditor, [000001BEC0D81000][000001BEC30B6AC0 49] MacServer, [000001BEC2150500][000001BEC199CC00 49] Linux, [000001BEC0D82B00][000001BEC18DED40 49] LinuxAArch64, [000001BEC2151600][000001BEC18E2E80 49] LinuxNoEditor, [000001BEC0D82100][000001BEC18E6FC0 49] LinuxAArch64NoEditor, [000001BEC2153900][000001BEC18EF140 49] LinuxClient, [000001BEC0D82600][000001BEC18F32C0 49] LinuxAArch64Client, [000001BEC2152300][000001BEC18F7440 49] LinuxServer, [000001BEC0D80700][000001BEC30BB5C0 49] LinuxAArch64Server, [000001BEC2151A00][000001BEC1BF7740 49] Android, [000001BEC0D82200][000001BEC18FB8C0 49] Android_Low, [000001BEC2151C00][000001BEB5187A40 49] Android_Mid, [000001BEC0D81300][000001BEB518BBC0 49] Android_High, [000001BEC2150E00][000001BEB518E1C0 49] Android_Default, [000001BEC0D83600][000001BEB5192340 49] Android_Adreno4xx, [000001BEC2150F00][000001BEB51964C0 49] Android_Adreno5xx_Low, [000001BEC0D83B00][000001BEB519A640 49] Android_Adreno5xx, [000001BEC2153A00][000001BEB519E7C0 49] Android_Adreno6xx, [000001BEC0D80B00][000001BEB51A2940 49] Android_Adreno6xx_Vulkan, [000001BEC2151900][000001BEB51A6AC0 49] Android_Mali_T6xx, [000001BEC0D80A00][000001BEB51AAC40 49] Android_Mali_T7xx, [000001BEC0B3DB00][000001BEC18EAD80 49] Android_Mali_T8xx, [000001BEC2170500][000001BEB51AEEC0 49] Android_Mali_G71, [000001BEC0B3C600][000001BEB51B3000 49] Android_Mali_G72, [000001BEC2170300][000001BEB51B7140 49] Android_Mali_G72_Vulkan, [000001BEC0B3FA00][000001BEB51BF2C0 49] Android_Mali_G76, [000001BEC2171000][000001BEB56F3440 49] Android_Mali_G76_Vulkan, [000001BEC0B3E700][000001BEB56EF5C0 49] Android_Mali_G77, [000001BEC2172F00][000001BEB56EB740 49] Android_Mali_G77_Vulkan, [000001BEC0B3CE00][000001BEC1DED8C0 49] Android_Mali_G78, [000001BEC2173100][000001BEC1DE9A40 49] Android_Mali_G78_Vulkan, [000001BEC0B3C800][000001BEB51EFBC0 49] Android_Mali_G710, [000001BEC2172C00][000001BEB472C1C0 49] Android_Mali_G710_Vulkan, [000001BEC0B3FD00][000001BEB4734340 49] Android_Vulkan_SM5, [000001BEC2173500][000001BEB51C24C0 49] Android_PowerVR_G6xxx, [000001BEC0B3E000][000001BEB51C6640 49] Android_PowerVR_GT7xxx, [000001BEC2171D00][000001BEB51CA7C0 49] Android_PowerVR_GE8xxx, [000001BEC0B3F400][000001BEB51CE940 49] Android_PowerVR_GM9xxx, [000001BEC2170800][000001BEBE096AC0 49] Android_PowerVR_GM9xxx_Vulkan, [000001BEC0B3F800][000001BEBE09AC40 49] Android_TegraK1, [000001BEC2171200][000001BEBE09EDC0 49] Android_Unknown_Vulkan, [000001BEC0B3EA00][000001BEBE0A2F40 49] Lumin, [000001BEC2173700][000001BEB51BB080 49] Lumin_Desktop, [000001BEC0B3EF00][000001BEBE0A71C0 49] HoloLens, 
[2022.10.21-20.47.47:275][  0]LogMeshReduction: Using QuadricMeshReduction for automatic static mesh reduction
[2022.10.21-20.47.47:275][  0]LogMeshReduction: Using SimplygonMeshReduction for automatic skeletal mesh reduction
[2022.10.21-20.47.47:275][  0]LogMeshReduction: Using ProxyLODMeshReduction for automatic mesh merging
[2022.10.21-20.47.47:275][  0]LogMeshReduction: No distributed automatic mesh merging module available
[2022.10.21-20.47.47:275][  0]LogMeshMerging: No distributed automatic mesh merging module available
[2022.10.21-20.47.47:356][  0]LogNetVersion: Midterm 1.0.0, NetCL: 17155196, EngineNetVer: 17, GameNetVer: 0 (Checksum: 1341048358)
[2022.10.21-20.47.47:649][  0]LogTexture: Default maximum texture size for cubemaps generated from long-lat sources has been changed from 512 to unlimited. In order to preserve old behaiour for '/Engine/MapTemplates/Sky/DaylightAmbientCubemap.DaylightAmbientCubemap', its maximum texture size has been explicitly set to 512.
[2022.10.21-20.47.47:696][  0]LogHMD: PokeAHoleMaterial loaded successfully
[2022.10.21-20.47.47:700][  0]LogUObjectArray: 17075 objects as part of root set at end of initial load.
[2022.10.21-20.47.47:700][  0]LogUObjectAllocator: 4275792 out of 0 bytes used by permanent object pool.
[2022.10.21-20.47.47:700][  0]LogUObjectArray: CloseDisregardForGC: 0/0 objects in disregard for GC pool
[2022.10.21-20.47.47:819][  0]LogPython: Using Python 3.7.7
[2022.10.21-20.47.48:214][  0]LogNiagaraDebuggerClient: Niagara Debugger Client Initialized | Session: 3FAACDFE495F7C33665146BFB3433101 | Instance: 7F2C656A49BCE689D19E7299E614EDE3 (DESKTOP-I1M57I5-17872).
[2022.10.21-20.47.48:415][  0]LogTcpMessaging: Initializing TcpMessaging bridge
[2022.10.21-20.47.48:421][  0]LogUdpMessaging: Initializing bridge on interface 0.0.0.0:0 to multicast group 230.0.0.1:6666.
[2022.10.21-20.47.48:528][  0]SourceControl: Source control is disabled
[2022.10.21-20.47.48:528][  0]SourceControl: Source control is disabled
[2022.10.21-20.47.48:530][  0]SourceControl: Source control is disabled
[2022.10.21-20.47.48:532][  0]SourceControl: Source control is disabled
[2022.10.21-20.47.48:539][  0]SourceControl: Source control is disabled
[2022.10.21-20.47.48:559][  0]LogUProjectInfo: Found projects:
[2022.10.21-20.47.48:639][  0]LogOpenImageDenoise: OIDN starting up
[2022.10.21-20.47.48:731][  0]LogAndroidPermission: UAndroidPermissionCallbackProxy::GetInstance
[2022.10.21-20.47.48:747][  0]LogAudioCaptureCore: Display: No Audio Capture implementations found. Audio input will be silent.
[2022.10.21-20.47.48:747][  0]LogAudioCaptureCore: Display: No Audio Capture implementations found. Audio input will be silent.
[2022.10.21-20.47.48:845][  0]LogCollectionManager: Loaded 0 collections in 0.000498 seconds
[2022.10.21-20.47.48:864][  0]LogFileCache: Scanning file cache for directory 'C:/Users/natha/Documents/GitHub/Mid-Term/Saved/Collections/' took 0.00s
[2022.10.21-20.47.48:864][  0]LogFileCache: Scanning file cache for directory 'C:/Users/natha/Documents/GitHub/Mid-Term/Content/Developers/natha/Collections/' took 0.00s
[2022.10.21-20.47.48:864][  0]LogFileCache: Scanning file cache for directory 'C:/Users/natha/Documents/GitHub/Mid-Term/Content/Collections/' took 0.00s
[2022.10.21-20.47.48:864][  0]LogOcInput: OculusInput pre-init called
[2022.10.21-20.47.49:039][  0]LogEngine: Initializing Engine...
[2022.10.21-20.47.49:055][  0]LogHMD: Optional extension XR_VARJO_quad_views is not available
[2022.10.21-20.47.49:055][  0]LogHMD: Warning: Required extension XR_EXT_eye_gaze_interaction is not available
[2022.10.21-20.47.49:055][  0]LogHMD: Could not enable all required OpenXR extensions for OpenXREyeTracker on current system. This plugin will be loaded but ignored, but will be enabled on a target platform that supports the required extension.
[2022.10.21-20.47.51:523][  0]LogHMD: Failed to create an OpenXR instance, result is XR_ERROR_RUNTIME_FAILURE. Please check if you have an OpenXR runtime installed. The following extensions were enabled:
[2022.10.21-20.47.51:523][  0]LogHMD: - XR_KHR_D3D11_enable
[2022.10.21-20.47.51:523][  0]LogHMD: - XR_KHR_D3D12_enable
[2022.10.21-20.47.51:523][  0]LogHMD: - XR_KHR_opengl_enable
[2022.10.21-20.47.51:523][  0]LogHMD: - XR_KHR_vulkan_enable
[2022.10.21-20.47.51:523][  0]LogHMD: - XR_KHR_composition_layer_depth
[2022.10.21-20.47.51:523][  0]LogHMD: - XR_KHR_visibility_mask
[2022.10.21-20.47.51:523][  0]LogHMD: - XR_EXT_hand_tracking
[2022.10.21-20.47.51:523][  0]LogMagicLeap: Warning: VR disabled because ZI is not enabled.  To enable, in the editor, Edit -> Project Settings -> Plugins -> Magic Leap Plugin -> Enable Zero Iteration
[2022.10.21-20.47.51:524][  0]LogStats: UGameplayTagsManager::InitializeManager -  0.000 s
[2022.10.21-20.47.51:632][  0]LogInit: Initializing FReadOnlyCVARCache
[2022.10.21-20.47.51:638][  0]LogAIModule: Creating AISystem for world Untitled
[2022.10.21-20.47.51:638][  0]LogAudio: Display: Initializing Audio Device Manager...
[2022.10.21-20.47.51:641][  0]LogAudio: Display: Loading Default Audio Settings Objects...
[2022.10.21-20.47.51:641][  0]LogAudio: Display: No default SoundConcurrencyObject specified (or failed to load).
[2022.10.21-20.47.51:642][  0]LogAudio: Display: Audio Device Manager Initialized
[2022.10.21-20.47.51:642][  0]LogAudio: Display: Creating Audio Device:                 Id: 1, Scope: Shared, Realtime: True
[2022.10.21-20.47.51:642][  0]LogAudioMixer: Display: Audio Mixer Platform Settings:
[2022.10.21-20.47.51:642][  0]LogAudioMixer: Display: 	Sample Rate:						  48000
[2022.10.21-20.47.51:642][  0]LogAudioMixer: Display: 	Callback Buffer Frame Size Requested: 1024
[2022.10.21-20.47.51:642][  0]LogAudioMixer: Display: 	Callback Buffer Frame Size To Use:	  1024
[2022.10.21-20.47.51:642][  0]LogAudioMixer: Display: 	Number of buffers to queue:			  2
[2022.10.21-20.47.51:642][  0]LogAudioMixer: Display: 	Max Channels (voices):				  32
[2022.10.21-20.47.51:642][  0]LogAudioMixer: Display: 	Number of Async Source Workers:		  0
[2022.10.21-20.47.51:642][  0]LogAudio: Display: AudioDevice MaxSources: 32
[2022.10.21-20.47.51:642][  0]LogAudio: Display: Audio Spatialization Plugin: None (built-in).
[2022.10.21-20.47.51:642][  0]LogAudio: Display: Audio Reverb Plugin: None (built-in).
[2022.10.21-20.47.51:642][  0]LogAudio: Display: Audio Occlusion Plugin: None (built-in).
[2022.10.21-20.47.51:642][  0]LogAudioMixer: Display: Initializing audio mixer.
[2022.10.21-20.47.51:656][  0]LogAudioMixer: Display: 0: FrontLeft
[2022.10.21-20.47.51:656][  0]LogAudioMixer: Display: 1: FrontRight
[2022.10.21-20.47.51:673][  0]LogAudioMixer: Display: Using Audio Device Speakers (Realtek High Definition Audio)
[2022.10.21-20.47.51:675][  0]LogAudioMixer: Display: Initializing Sound Submixes...
[2022.10.21-20.47.51:677][  0]LogAudioMixer: Display: Creating Master Submix 'MasterSubmixDefault'
[2022.10.21-20.47.51:677][  0]LogAudioMixer: Display: Creating Master Submix 'MasterReverbSubmixDefault'
[2022.10.21-20.47.51:678][  0]LogAudioMixer: Display: Creating Master Submix 'MasterEQSubmixDefault'
[2022.10.21-20.47.51:678][  0]LogAudioMixer: FMixerPlatformXAudio2::StartAudioStream() called
[2022.10.21-20.47.51:678][  0]LogAudioMixer: Display: Output buffers initialized: Frames=1024, Channels=2, Samples=2048
[2022.10.21-20.47.51:679][  0]LogAudioMixer: Display: Starting AudioMixerPlatformInterface::RunInternal()
[2022.10.21-20.47.51:679][  0]LogAudioMixer: Display: FMixerPlatformXAudio2::SubmitBuffer() called for the first time
[2022.10.21-20.47.51:679][  0]LogInit: FAudioDevice initialized.
[2022.10.21-20.47.51:679][  0]LogAudio: Display: Audio Device (ID: 1) registered with world 'Untitled'.
[2022.10.21-20.47.51:679][  0]LogNetVersion: Set ProjectVersion to 1.0.0.0. Version Checksum will be recalculated on next use.
[2022.10.21-20.47.51:752][  0]LogDerivedDataCache: Saved boot cache 0.07s 94MB C:/Users/natha/AppData/Local/UnrealEngine/4.27/DerivedDataCache/Boot.ddc.
[2022.10.21-20.47.51:753][  0]LogInit: Texture streaming: Enabled
[2022.10.21-20.47.51:762][  0]LogAnalytics: Display: [UEEditor.Rocket.Release] APIServer = https://datarouter.ol.epicgames.com/. AppVersion = 4.27.2-18319896+++UE4+Release-4.27
[2022.10.21-20.47.51:765][  0]LogEngineSessionManager: EngineSessionManager initialized
[2022.10.21-20.47.51:765][  0]LogEditorSessionSummary: Verbose: Initializing EditorSessionSummaryWriter for editor session tracking
[2022.10.21-20.47.51:766][  0]LogEditorSessionSummary: EditorSessionSummaryWriter initialized
[2022.10.21-20.47.51:785][  0]LogInit: Transaction tracking system initialized
[2022.10.21-20.47.51:800][  0]BlueprintLog: New page: Editor Load
[2022.10.21-20.47.51:848][  0]LocalizationService: Localization service is disabled
[2022.10.21-20.47.51:872][  0]TimingProfiler: Initialize
[2022.10.21-20.47.51:872][  0]TimingProfiler: OnSessionChanged
[2022.10.21-20.47.51:872][  0]LoadingProfiler: Initialize
[2022.10.21-20.47.51:872][  0]LoadingProfiler: OnSessionChanged
[2022.10.21-20.47.51:872][  0]NetworkingProfiler: Initialize
[2022.10.21-20.47.51:872][  0]NetworkingProfiler: OnSessionChanged
[2022.10.21-20.47.51:872][  0]MemoryProfiler: Initialize
[2022.10.21-20.47.51:872][  0]MemoryProfiler: OnSessionChanged
[2022.10.21-20.47.51:979][  0]LogCook: Display: CookSettings for Memory: MemoryMaxUsedVirtual 0MiB, MemoryMaxUsedPhysical 16384MiB, MemoryMinFreeVirtual 0MiB, MemoryMinFreePhysical 1024MiB
[2022.10.21-20.47.51:979][  0]LogCook: Display: Mobile HDR setting 1
[2022.10.21-20.47.52:128][  0]LogFileCache: Scanning file cache for directory 'C:/Users/natha/Documents/GitHub/Mid-Term/Content/' took 0.00s
[2022.10.21-20.47.52:128][  0]LogInit: Display: Engine is initialized. Leaving FEngineLoop::Init()
[2022.10.21-20.47.52:130][  0]SourceControl: Source control is disabled
[2022.10.21-20.47.52:130][  0]LogUnrealEdMisc: Loading editor; pre map load, took 10.292
[2022.10.21-20.47.52:131][  0]Cmd: MAP LOAD FILE="C:/Users/natha/Documents/GitHub/Mid-Term/Content/FirstPersonBP/Maps/FirstPersonExampleMap.umap" TEMPLATE=0 SHOWPROGRESS=1 FEATURELEVEL=3
[2022.10.21-20.47.52:131][  0]LightingResults: New page: Lighting Build
[2022.10.21-20.47.52:132][  0]LogWorld: UWorld::CleanupWorld for Untitled, bSessionEnded=true, bCleanupResources=true
[2022.10.21-20.47.52:132][  0]LogSlate: InvalidateAllWidgets triggered.  All widgets were invalidated
[2022.10.21-20.47.52:132][  0]MapCheck: New page: Map Check
[2022.10.21-20.47.52:132][  0]LightingResults: New page: Lighting Build
[2022.10.21-20.47.52:136][  0]LogAudio: Display: Audio Device unregistered from world 'None'.
[2022.10.21-20.47.52:138][  0]LogUObjectHash: Compacting FUObjectHashTables data took   0.59ms
[2022.10.21-20.47.52:267][  0]LogLinker: Warning: [AssetLog] C:\Users\natha\Documents\GitHub\Mid-Term\Content\FirstPersonBP\Blueprints\FirstPersonGameMode.uasset: Failed to load '/Game/FirstPersonBP/Blueprints/FirstPersonHUD': Can't find file.
[2022.10.21-20.47.52:268][  0]LogLinker: Warning: [AssetLog] C:\Users\natha\Documents\GitHub\Mid-Term\Content\FirstPersonBP\Blueprints\FirstPersonGameMode.uasset: Failed to load '/Game/FirstPersonBP/Blueprints/FirstPersonHUD': Can't find file.
[2022.10.21-20.47.52:268][  0]LogLinker: Warning: [AssetLog] C:\Users\natha\Documents\GitHub\Mid-Term\Content\FirstPersonBP\Blueprints\FirstPersonGameMode.uasset: Failed to load '/Game/FirstPersonBP/Blueprints/FirstPersonHUD': Can't find file.
[2022.10.21-20.47.52:268][  0]LogLinker: Warning: [AssetLog] C:\Users\natha\Documents\GitHub\Mid-Term\Content\FirstPersonBP\Maps\FirstPersonExampleMap.umap: Failed to load '/Game/FirstPersonBP/Blueprints/FirstPersonHUD': Can't find file.
[2022.10.21-20.47.52:269][  0]LogLinker: Warning: [AssetLog] C:\Users\natha\Documents\GitHub\Mid-Term\Content\FirstPersonBP\Maps\FirstPersonExampleMap.umap: Failed to load '/Game/FirstPersonBP/Blueprints/FirstPersonHUD': Can't find file.
[2022.10.21-20.47.52:269][  0]LogLinker: Warning: [AssetLog] C:\Users\natha\Documents\GitHub\Mid-Term\Content\FirstPersonBP\Maps\FirstPersonExampleMap.umap: Failed to load '/Game/FirstPersonBP/Blueprints/FirstPersonHUD': Can't find file.
[2022.10.21-20.47.52:269][  0]LoadErrors: Failed to load /Game/FirstPersonBP/Blueprints/FirstPersonHUD.FirstPersonHUD_C Referenced by Default__FirstPersonGameMode_C
[2022.10.21-20.47.52:374][  0]LogAudio: Display: Audio Device (ID: 1) registered with world 'FirstPersonExampleMap'.
[2022.10.21-20.47.52:375][  0]LogAIModule: Creating AISystem for world FirstPersonExampleMap
[2022.10.21-20.47.52:383][  0]LogEditorServer: Finished looking for orphan Actors (0.000 secs)
[2022.10.21-20.47.52:390][  0]LogUObjectHash: Compacting FUObjectHashTables data took   1.02ms
[2022.10.21-20.47.52:390][  0]Cmd: MAP CHECKDEP NOCLEARLOG
[2022.10.21-20.47.52:390][  0]MapCheck: Map check complete: 0 Error(s), 0 Warning(s), took 0.135ms to complete.
[2022.10.21-20.47.52:390][  0]LogFileHelpers: Loading map 'FirstPersonExampleMap' took 0.260
[2022.10.21-20.47.52:392][  0]LogUnrealEdMisc: Total Editor Startup Time, took 10.554
[2022.10.21-20.47.52:515][  0]LogSlate: Updating window title bar state: overlay mode, drag disabled, window buttons hidden, title bar hidden
[2022.10.21-20.47.52:520][  0]LogSlate: Updating window title bar state: overlay mode, drag disabled, window buttons hidden, title bar hidden
[2022.10.21-20.47.52:524][  0]LogSlate: Updating window title bar state: overlay mode, drag disabled, window buttons hidden, title bar hidden
[2022.10.21-20.47.52:529][  0]LogSlate: Updating window title bar state: overlay mode, drag disabled, window buttons hidden, title bar hidden
[2022.10.21-20.47.52:539][  0]LogNativeClassHierarchy: Verbose: Native class hierarchy populated in 0.0071 seconds. Added 3814 classes and 921 folders.
[2022.10.21-20.47.52:540][  0]LogNativeClassHierarchy: Verbose: Native class hierarchy updated for 'WidgetCarousel' in 0.0002 seconds. Added 0 classes and 0 folders.
[2022.10.21-20.47.52:542][  0]LogPakFile: PakFile PrimaryIndexSize=187
[2022.10.21-20.47.52:542][  0]LogPakFile: PakFile PathHashIndexSize=101
[2022.10.21-20.47.52:542][  0]LogPakFile: PakFile FullDirectoryIndexSize=148
[2022.10.21-20.47.52:542][  0]LogShaderLibrary: Display: ShaderCodeLibraryPakFileMountedCallback: PakFile 'F:/Unreal Engine/UE_4.27/FeaturePacks/FP_FirstPerson.upack' (chunk index -1, root 'root:/') mounted
[2022.10.21-20.47.52:542][  0]LogShaderLibrary: Display: ShaderCodeLibraryPakFileMountedCallback: pending pak file info (ChunkID:-1 Root:root:/ File:F:/Unreal Engine/UE_4.27/FeaturePacks/FP_FirstPerson.upack)
[2022.10.21-20.47.52:542][  0]LogPakFile: OnPakFileMounted2Time == 0.000040
[2022.10.21-20.47.52:543][  0]LogPakFile: PakFile PrimaryIndexSize=189
[2022.10.21-20.47.52:543][  0]LogPakFile: PakFile PathHashIndexSize=101
[2022.10.21-20.47.52:543][  0]LogPakFile: PakFile FullDirectoryIndexSize=152
[2022.10.21-20.47.52:543][  0]LogShaderLibrary: Display: ShaderCodeLibraryPakFileMountedCallback: PakFile 'F:/Unreal Engine/UE_4.27/FeaturePacks/FP_FirstPersonBP.upack' (chunk index -1, root 'root:/') mounted
[2022.10.21-20.47.52:543][  0]LogShaderLibrary: Display: ShaderCodeLibraryPakFileMountedCallback: pending pak file info (ChunkID:-1 Root:root:/ File:F:/Unreal Engine/UE_4.27/FeaturePacks/FP_FirstPersonBP.upack)
[2022.10.21-20.47.52:543][  0]LogPakFile: OnPakFileMounted2Time == 0.000030
[2022.10.21-20.47.52:543][  0]LogPakFile: PakFile PrimaryIndexSize=191
[2022.10.21-20.47.52:543][  0]LogPakFile: PakFile PathHashIndexSize=101
[2022.10.21-20.47.52:543][  0]LogPakFile: PakFile FullDirectoryIndexSize=160
[2022.10.21-20.47.52:543][  0]LogShaderLibrary: Display: ShaderCodeLibraryPakFileMountedCallback: PakFile 'F:/Unreal Engine/UE_4.27/FeaturePacks/MobileStarterContent.upack' (chunk index -1, root 'root:/') mounted
[2022.10.21-20.47.52:543][  0]LogShaderLibrary: Display: ShaderCodeLibraryPakFileMountedCallback: pending pak file info (ChunkID:-1 Root:root:/ File:F:/Unreal Engine/UE_4.27/FeaturePacks/MobileStarterContent.upack)
[2022.10.21-20.47.52:543][  0]LogPakFile: OnPakFileMounted2Time == 0.000026
[2022.10.21-20.47.52:544][  0]LogPakFile: PakFile PrimaryIndexSize=185
[2022.10.21-20.47.52:544][  0]LogPakFile: PakFile PathHashIndexSize=101
[2022.10.21-20.47.52:544][  0]LogPakFile: PakFile FullDirectoryIndexSize=148
[2022.10.21-20.47.52:544][  0]LogShaderLibrary: Display: ShaderCodeLibraryPakFileMountedCallback: PakFile 'F:/Unreal Engine/UE_4.27/FeaturePacks/StarterContent.upack' (chunk index -1, root 'root:/') mounted
[2022.10.21-20.47.52:544][  0]LogShaderLibrary: Display: ShaderCodeLibraryPakFileMountedCallback: pending pak file info (ChunkID:-1 Root:root:/ File:F:/Unreal Engine/UE_4.27/FeaturePacks/StarterContent.upack)
[2022.10.21-20.47.52:544][  0]LogPakFile: OnPakFileMounted2Time == 0.000030
[2022.10.21-20.47.52:544][  0]LogPakFile: PakFile PrimaryIndexSize=190
[2022.10.21-20.47.52:544][  0]LogPakFile: PakFile PathHashIndexSize=101
[2022.10.21-20.47.52:544][  0]LogPakFile: PakFile FullDirectoryIndexSize=154
[2022.10.21-20.47.52:544][  0]LogShaderLibrary: Display: ShaderCodeLibraryPakFileMountedCallback: PakFile 'F:/Unreal Engine/UE_4.27/FeaturePacks/TP_2DSideScroller.upack' (chunk index -1, root 'root:/') mounted
[2022.10.21-20.47.52:544][  0]LogShaderLibrary: Display: ShaderCodeLibraryPakFileMountedCallback: pending pak file info (ChunkID:-1 Root:root:/ File:F:/Unreal Engine/UE_4.27/FeaturePacks/TP_2DSideScroller.upack)
[2022.10.21-20.47.52:544][  0]LogPakFile: OnPakFileMounted2Time == 0.000026
[2022.10.21-20.47.52:545][  0]LogPakFile: PakFile PrimaryIndexSize=192
[2022.10.21-20.47.52:545][  0]LogPakFile: PakFile PathHashIndexSize=101
[2022.10.21-20.47.52:545][  0]LogPakFile: PakFile FullDirectoryIndexSize=158
[2022.10.21-20.47.52:545][  0]LogShaderLibrary: Display: ShaderCodeLibraryPakFileMountedCallback: PakFile 'F:/Unreal Engine/UE_4.27/FeaturePacks/TP_2DSideScrollerBP.upack' (chunk index -1, root 'root:/') mounted
[2022.10.21-20.47.52:545][  0]LogShaderLibrary: Display: ShaderCodeLibraryPakFileMountedCallback: pending pak file info (ChunkID:-1 Root:root:/ File:F:/Unreal Engine/UE_4.27/FeaturePacks/TP_2DSideScrollerBP.upack)
[2022.10.21-20.47.52:545][  0]LogPakFile: OnPakFileMounted2Time == 0.000025
[2022.10.21-20.47.52:545][  0]LogPakFile: PakFile PrimaryIndexSize=182
[2022.10.21-20.47.52:545][  0]LogPakFile: PakFile PathHashIndexSize=101
[2022.10.21-20.47.52:545][  0]LogPakFile: PakFile FullDirectoryIndexSize=138
[2022.10.21-20.47.52:545][  0]LogShaderLibrary: Display: ShaderCodeLibraryPakFileMountedCallback: PakFile 'F:/Unreal Engine/UE_4.27/FeaturePacks/TP_Flying.upack' (chunk index -1, root 'root:/') mounted
[2022.10.21-20.47.52:545][  0]LogShaderLibrary: Display: ShaderCodeLibraryPakFileMountedCallback: pending pak file info (ChunkID:-1 Root:root:/ File:F:/Unreal Engine/UE_4.27/FeaturePacks/TP_Flying.upack)
[2022.10.21-20.47.52:545][  0]LogPakFile: OnPakFileMounted2Time == 0.000028
[2022.10.21-20.47.52:546][  0]LogPakFile: PakFile PrimaryIndexSize=184
[2022.10.21-20.47.52:546][  0]LogPakFile: PakFile PathHashIndexSize=101
[2022.10.21-20.47.52:546][  0]LogPakFile: PakFile FullDirectoryIndexSize=142
[2022.10.21-20.47.52:546][  0]LogShaderLibrary: Display: ShaderCodeLibraryPakFileMountedCallback: PakFile 'F:/Unreal Engine/UE_4.27/FeaturePacks/TP_FlyingBP.upack' (chunk index -1, root 'root:/') mounted
[2022.10.21-20.47.52:546][  0]LogShaderLibrary: Display: ShaderCodeLibraryPakFileMountedCallback: pending pak file info (ChunkID:-1 Root:root:/ File:F:/Unreal Engine/UE_4.27/FeaturePacks/TP_FlyingBP.upack)
[2022.10.21-20.47.52:546][  0]LogPakFile: OnPakFileMounted2Time == 0.000025
[2022.10.21-20.47.52:546][  0]LogPakFile: PakFile PrimaryIndexSize=188
[2022.10.21-20.47.52:546][  0]LogPakFile: PakFile PathHashIndexSize=101
[2022.10.21-20.47.52:546][  0]LogPakFile: PakFile FullDirectoryIndexSize=150
[2022.10.21-20.47.52:546][  0]LogShaderLibrary: Display: ShaderCodeLibraryPakFileMountedCallback: PakFile 'F:/Unreal Engine/UE_4.27/FeaturePacks/TP_HandheldARBP.upack' (chunk index -1, root 'root:/') mounted
[2022.10.21-20.47.52:546][  0]LogShaderLibrary: Display: ShaderCodeLibraryPakFileMountedCallback: pending pak file info (ChunkID:-1 Root:root:/ File:F:/Unreal Engine/UE_4.27/FeaturePacks/TP_HandheldARBP.upack)
[2022.10.21-20.47.52:546][  0]LogPakFile: OnPakFileMounted2Time == 0.000026
[2022.10.21-20.47.52:547][  0]LogPakFile: PakFile PrimaryIndexSize=182
[2022.10.21-20.47.52:547][  0]LogPakFile: PakFile PathHashIndexSize=101
[2022.10.21-20.47.52:547][  0]LogPakFile: PakFile FullDirectoryIndexSize=138
[2022.10.21-20.47.52:547][  0]LogShaderLibrary: Display: ShaderCodeLibraryPakFileMountedCallback: PakFile 'F:/Unreal Engine/UE_4.27/FeaturePacks/TP_Puzzle.upack' (chunk index -1, root 'root:/') mounted
[2022.10.21-20.47.52:547][  0]LogShaderLibrary: Display: ShaderCodeLibraryPakFileMountedCallback: pending pak file info (ChunkID:-1 Root:root:/ File:F:/Unreal Engine/UE_4.27/FeaturePacks/TP_Puzzle.upack)
[2022.10.21-20.47.52:547][  0]LogPakFile: OnPakFileMounted2Time == 0.000026
[2022.10.21-20.47.52:548][  0]LogPakFile: PakFile PrimaryIndexSize=184
[2022.10.21-20.47.52:548][  0]LogPakFile: PakFile PathHashIndexSize=101
[2022.10.21-20.47.52:548][  0]LogPakFile: PakFile FullDirectoryIndexSize=142
[2022.10.21-20.47.52:548][  0]LogShaderLibrary: Display: ShaderCodeLibraryPakFileMountedCallback: PakFile 'F:/Unreal Engine/UE_4.27/FeaturePacks/TP_PuzzleBP.upack' (chunk index -1, root 'root:/') mounted
[2022.10.21-20.47.52:548][  0]LogShaderLibrary: Display: ShaderCodeLibraryPakFileMountedCallback: pending pak file info (ChunkID:-1 Root:root:/ File:F:/Unreal Engine/UE_4.27/FeaturePacks/TP_PuzzleBP.upack)
[2022.10.21-20.47.52:548][  0]LogPakFile: OnPakFileMounted2Time == 0.000025
[2022.10.21-20.47.52:548][  0]LogPakFile: PakFile PrimaryIndexSize=183
[2022.10.21-20.47.52:548][  0]LogPakFile: PakFile PathHashIndexSize=101
[2022.10.21-20.47.52:548][  0]LogPakFile: PakFile FullDirectoryIndexSize=140
[2022.10.21-20.47.52:548][  0]LogShaderLibrary: Display: ShaderCodeLibraryPakFileMountedCallback: PakFile 'F:/Unreal Engine/UE_4.27/FeaturePacks/TP_Rolling.upack' (chunk index -1, root 'root:/') mounted
[2022.10.21-20.47.52:548][  0]LogShaderLibrary: Display: ShaderCodeLibraryPakFileMountedCallback: pending pak file info (ChunkID:-1 Root:root:/ File:F:/Unreal Engine/UE_4.27/FeaturePacks/TP_Rolling.upack)
[2022.10.21-20.47.52:548][  0]LogPakFile: OnPakFileMounted2Time == 0.000025
[2022.10.21-20.47.52:549][  0]LogPakFile: PakFile PrimaryIndexSize=185
[2022.10.21-20.47.52:549][  0]LogPakFile: PakFile PathHashIndexSize=101
[2022.10.21-20.47.52:549][  0]LogPakFile: PakFile FullDirectoryIndexSize=144
[2022.10.21-20.47.52:549][  0]LogShaderLibrary: Display: ShaderCodeLibraryPakFileMountedCallback: PakFile 'F:/Unreal Engine/UE_4.27/FeaturePacks/TP_RollingBP.upack' (chunk index -1, root 'root:/') mounted
[2022.10.21-20.47.52:549][  0]LogShaderLibrary: Display: ShaderCodeLibraryPakFileMountedCallback: pending pak file info (ChunkID:-1 Root:root:/ File:F:/Unreal Engine/UE_4.27/FeaturePacks/TP_RollingBP.upack)
[2022.10.21-20.47.52:549][  0]LogPakFile: OnPakFileMounted2Time == 0.000027
[2022.10.21-20.47.52:549][  0]LogPakFile: PakFile PrimaryIndexSize=188
[2022.10.21-20.47.52:549][  0]LogPakFile: PakFile PathHashIndexSize=101
[2022.10.21-20.47.52:549][  0]LogPakFile: PakFile FullDirectoryIndexSize=150
[2022.10.21-20.47.52:549][  0]LogShaderLibrary: Display: ShaderCodeLibraryPakFileMountedCallback: PakFile 'F:/Unreal Engine/UE_4.27/FeaturePacks/TP_SideScroller.upack' (chunk index -1, root 'root:/') mounted
[2022.10.21-20.47.52:549][  0]LogShaderLibrary: Display: ShaderCodeLibraryPakFileMountedCallback: pending pak file info (ChunkID:-1 Root:root:/ File:F:/Unreal Engine/UE_4.27/FeaturePacks/TP_SideScroller.upack)
[2022.10.21-20.47.52:549][  0]LogPakFile: OnPakFileMounted2Time == 0.000025
[2022.10.21-20.47.52:550][  0]LogPakFile: PakFile PrimaryIndexSize=190
[2022.10.21-20.47.52:550][  0]LogPakFile: PakFile PathHashIndexSize=101
[2022.10.21-20.47.52:550][  0]LogPakFile: PakFile FullDirectoryIndexSize=154
[2022.10.21-20.47.52:550][  0]LogShaderLibrary: Display: ShaderCodeLibraryPakFileMountedCallback: PakFile 'F:/Unreal Engine/UE_4.27/FeaturePacks/TP_SideScrollerBP.upack' (chunk index -1, root 'root:/') mounted
[2022.10.21-20.47.52:550][  0]LogShaderLibrary: Display: ShaderCodeLibraryPakFileMountedCallback: pending pak file info (ChunkID:-1 Root:root:/ File:F:/Unreal Engine/UE_4.27/FeaturePacks/TP_SideScrollerBP.upack)
[2022.10.21-20.47.52:550][  0]LogPakFile: OnPakFileMounted2Time == 0.000025
[2022.10.21-20.47.52:550][  0]LogPakFile: PakFile PrimaryIndexSize=187
[2022.10.21-20.47.52:550][  0]LogPakFile: PakFile PathHashIndexSize=101
[2022.10.21-20.47.52:550][  0]LogPakFile: PakFile FullDirectoryIndexSize=148
[2022.10.21-20.47.52:550][  0]LogShaderLibrary: Display: ShaderCodeLibraryPakFileMountedCallback: PakFile 'F:/Unreal Engine/UE_4.27/FeaturePacks/TP_ThirdPerson.upack' (chunk index -1, root 'root:/') mounted
[2022.10.21-20.47.52:550][  0]LogShaderLibrary: Display: ShaderCodeLibraryPakFileMountedCallback: pending pak file info (ChunkID:-1 Root:root:/ File:F:/Unreal Engine/UE_4.27/FeaturePacks/TP_ThirdPerson.upack)
[2022.10.21-20.47.52:550][  0]LogPakFile: OnPakFileMounted2Time == 0.000026
[2022.10.21-20.47.52:551][  0]LogPakFile: PakFile PrimaryIndexSize=189
[2022.10.21-20.47.52:551][  0]LogPakFile: PakFile PathHashIndexSize=101
[2022.10.21-20.47.52:551][  0]LogPakFile: PakFile FullDirectoryIndexSize=152
[2022.10.21-20.47.52:551][  0]LogShaderLibrary: Display: ShaderCodeLibraryPakFileMountedCallback: PakFile 'F:/Unreal Engine/UE_4.27/FeaturePacks/TP_ThirdPersonBP.upack' (chunk index -1, root 'root:/') mounted
[2022.10.21-20.47.52:551][  0]LogShaderLibrary: Display: ShaderCodeLibraryPakFileMountedCallback: pending pak file info (ChunkID:-1 Root:root:/ File:F:/Unreal Engine/UE_4.27/FeaturePacks/TP_ThirdPersonBP.upack)
[2022.10.21-20.47.52:551][  0]LogPakFile: OnPakFileMounted2Time == 0.000027
[2022.10.21-20.47.52:552][  0]LogPakFile: PakFile PrimaryIndexSize=183
[2022.10.21-20.47.52:552][  0]LogPakFile: PakFile PathHashIndexSize=101
[2022.10.21-20.47.52:552][  0]LogPakFile: PakFile FullDirectoryIndexSize=140
[2022.10.21-20.47.52:552][  0]LogShaderLibrary: Display: ShaderCodeLibraryPakFileMountedCallback: PakFile 'F:/Unreal Engine/UE_4.27/FeaturePacks/TP_TopDown.upack' (chunk index -1, root 'root:/') mounted
[2022.10.21-20.47.52:552][  0]LogShaderLibrary: Display: ShaderCodeLibraryPakFileMountedCallback: pending pak file info (ChunkID:-1 Root:root:/ File:F:/Unreal Engine/UE_4.27/FeaturePacks/TP_TopDown.upack)
[2022.10.21-20.47.52:552][  0]LogPakFile: OnPakFileMounted2Time == 0.000030
[2022.10.21-20.47.52:552][  0]LogPakFile: PakFile PrimaryIndexSize=185
[2022.10.21-20.47.52:552][  0]LogPakFile: PakFile PathHashIndexSize=101
[2022.10.21-20.47.52:552][  0]LogPakFile: PakFile FullDirectoryIndexSize=144
[2022.10.21-20.47.52:552][  0]LogShaderLibrary: Display: ShaderCodeLibraryPakFileMountedCallback: PakFile 'F:/Unreal Engine/UE_4.27/FeaturePacks/TP_TopDownBP.upack' (chunk index -1, root 'root:/') mounted
[2022.10.21-20.47.52:552][  0]LogShaderLibrary: Display: ShaderCodeLibraryPakFileMountedCallback: pending pak file info (ChunkID:-1 Root:root:/ File:F:/Unreal Engine/UE_4.27/FeaturePacks/TP_TopDownBP.upack)
[2022.10.21-20.47.52:552][  0]LogPakFile: OnPakFileMounted2Time == 0.000026
[2022.10.21-20.47.52:553][  0]LogPakFile: PakFile PrimaryIndexSize=185
[2022.10.21-20.47.52:553][  0]LogPakFile: PakFile PathHashIndexSize=101
[2022.10.21-20.47.52:553][  0]LogPakFile: PakFile FullDirectoryIndexSize=144
[2022.10.21-20.47.52:553][  0]LogShaderLibrary: Display: ShaderCodeLibraryPakFileMountedCallback: PakFile 'F:/Unreal Engine/UE_4.27/FeaturePacks/TP_TwinStick.upack' (chunk index -1, root 'root:/') mounted
[2022.10.21-20.47.52:553][  0]LogShaderLibrary: Display: ShaderCodeLibraryPakFileMountedCallback: pending pak file info (ChunkID:-1 Root:root:/ File:F:/Unreal Engine/UE_4.27/FeaturePacks/TP_TwinStick.upack)
[2022.10.21-20.47.52:553][  0]LogPakFile: OnPakFileMounted2Time == 0.000025
[2022.10.21-20.47.52:553][  0]LogPakFile: PakFile PrimaryIndexSize=187
[2022.10.21-20.47.52:553][  0]LogPakFile: PakFile PathHashIndexSize=101
[2022.10.21-20.47.52:553][  0]LogPakFile: PakFile FullDirectoryIndexSize=148
[2022.10.21-20.47.52:553][  0]LogShaderLibrary: Display: ShaderCodeLibraryPakFileMountedCallback: PakFile 'F:/Unreal Engine/UE_4.27/FeaturePacks/TP_TwinStickBP.upack' (chunk index -1, root 'root:/') mounted
[2022.10.21-20.47.52:553][  0]LogShaderLibrary: Display: ShaderCodeLibraryPakFileMountedCallback: pending pak file info (ChunkID:-1 Root:root:/ File:F:/Unreal Engine/UE_4.27/FeaturePacks/TP_TwinStickBP.upack)
[2022.10.21-20.47.52:553][  0]LogPakFile: OnPakFileMounted2Time == 0.000026
[2022.10.21-20.47.52:554][  0]LogPakFile: PakFile PrimaryIndexSize=183
[2022.10.21-20.47.52:554][  0]LogPakFile: PakFile PathHashIndexSize=101
[2022.10.21-20.47.52:554][  0]LogPakFile: PakFile FullDirectoryIndexSize=140
[2022.10.21-20.47.52:554][  0]LogShaderLibrary: Display: ShaderCodeLibraryPakFileMountedCallback: PakFile 'F:/Unreal Engine/UE_4.27/FeaturePacks/TP_Vehicle.upack' (chunk index -1, root 'root:/') mounted
[2022.10.21-20.47.52:554][  0]LogShaderLibrary: Display: ShaderCodeLibraryPakFileMountedCallback: pending pak file info (ChunkID:-1 Root:root:/ File:F:/Unreal Engine/UE_4.27/FeaturePacks/TP_Vehicle.upack)
[2022.10.21-20.47.52:554][  0]LogPakFile: OnPakFileMounted2Time == 0.000028
[2022.10.21-20.47.52:554][  0]LogPakFile: PakFile PrimaryIndexSize=186
[2022.10.21-20.47.52:554][  0]LogPakFile: PakFile PathHashIndexSize=101
[2022.10.21-20.47.52:554][  0]LogPakFile: PakFile FullDirectoryIndexSize=146
[2022.10.21-20.47.52:554][  0]LogShaderLibrary: Display: ShaderCodeLibraryPakFileMountedCallback: PakFile 'F:/Unreal Engine/UE_4.27/FeaturePacks/TP_VehicleAdv.upack' (chunk index -1, root 'root:/') mounted
[2022.10.21-20.47.52:554][  0]LogShaderLibrary: Display: ShaderCodeLibraryPakFileMountedCallback: pending pak file info (ChunkID:-1 Root:root:/ File:F:/Unreal Engine/UE_4.27/FeaturePacks/TP_VehicleAdv.upack)
[2022.10.21-20.47.52:554][  0]LogPakFile: OnPakFileMounted2Time == 0.000026
[2022.10.21-20.47.52:555][  0]LogPakFile: PakFile PrimaryIndexSize=188
[2022.10.21-20.47.52:555][  0]LogPakFile: PakFile PathHashIndexSize=101
[2022.10.21-20.47.52:555][  0]LogPakFile: PakFile FullDirectoryIndexSize=150
[2022.10.21-20.47.52:555][  0]LogShaderLibrary: Display: ShaderCodeLibraryPakFileMountedCallback: PakFile 'F:/Unreal Engine/UE_4.27/FeaturePacks/TP_VehicleAdvBP.upack' (chunk index -1, root 'root:/') mounted
[2022.10.21-20.47.52:555][  0]LogShaderLibrary: Display: ShaderCodeLibraryPakFileMountedCallback: pending pak file info (ChunkID:-1 Root:root:/ File:F:/Unreal Engine/UE_4.27/FeaturePacks/TP_VehicleAdvBP.upack)
[2022.10.21-20.47.52:555][  0]LogPakFile: OnPakFileMounted2Time == 0.000027
[2022.10.21-20.47.52:555][  0]LogPakFile: PakFile PrimaryIndexSize=185
[2022.10.21-20.47.52:555][  0]LogPakFile: PakFile PathHashIndexSize=101
[2022.10.21-20.47.52:555][  0]LogPakFile: PakFile FullDirectoryIndexSize=144
[2022.10.21-20.47.52:555][  0]LogShaderLibrary: Display: ShaderCodeLibraryPakFileMountedCallback: PakFile 'F:/Unreal Engine/UE_4.27/FeaturePacks/TP_VehicleBP.upack' (chunk index -1, root 'root:/') mounted
[2022.10.21-20.47.52:555][  0]LogShaderLibrary: Display: ShaderCodeLibraryPakFileMountedCallback: pending pak file info (ChunkID:-1 Root:root:/ File:F:/Unreal Engine/UE_4.27/FeaturePacks/TP_VehicleBP.upack)
[2022.10.21-20.47.52:555][  0]LogPakFile: OnPakFileMounted2Time == 0.000025
[2022.10.21-20.47.52:556][  0]LogPakFile: PakFile PrimaryIndexSize=192
[2022.10.21-20.47.52:556][  0]LogPakFile: PakFile PathHashIndexSize=101
[2022.10.21-20.47.52:556][  0]LogPakFile: PakFile FullDirectoryIndexSize=158
[2022.10.21-20.47.52:556][  0]LogShaderLibrary: Display: ShaderCodeLibraryPakFileMountedCallback: PakFile 'F:/Unreal Engine/UE_4.27/FeaturePacks/TP_VirtualRealityBP.upack' (chunk index -1, root 'root:/') mounted
[2022.10.21-20.47.52:556][  0]LogShaderLibrary: Display: ShaderCodeLibraryPakFileMountedCallback: pending pak file info (ChunkID:-1 Root:root:/ File:F:/Unreal Engine/UE_4.27/FeaturePacks/TP_VirtualRealityBP.upack)
[2022.10.21-20.47.52:556][  0]LogPakFile: OnPakFileMounted2Time == 0.000025
[2022.10.21-20.47.52:603][  0]LogNativeClassHierarchy: Verbose: Native class hierarchy updated for 'AddContentDialog' in 0.0002 seconds. Added 0 classes and 0 folders.
[2022.10.21-20.47.52:603][  0]LogNativeClassHierarchy: Verbose: Native class hierarchy updated for 'SceneOutliner' in 0.0002 seconds. Added 2 classes and 0 folders.
[2022.10.21-20.47.52:693][  0]LogSlate: Took 0.000206 seconds to synchronously load lazily loaded font '../../../Engine/Content/Slate/Fonts/Roboto-Regular.ttf' (155K)
[2022.10.21-20.47.52:694][  0]LogSlate: Took 0.000116 seconds to synchronously load lazily loaded font '../../../Engine/Content/Editor/Slate/Fonts/FontAwesome.ttf' (139K)
[2022.10.21-20.47.52:694][  0]LogSlate: Took 0.000109 seconds to synchronously load lazily loaded font '../../../Engine/Content/Slate/Fonts/Roboto-Bold.ttf' (160K)
[2022.10.21-20.47.52:767][  0]LogRenderer: Reallocating scene render targets to support 1208x572 Format 10 NumSamples 1 (Frame:1).
[2022.10.21-20.47.52:800][  0]LogSlate: Took 0.000142 seconds to synchronously load lazily loaded font '../../../Engine/Content/Slate/Fonts/Roboto-Light.ttf' (167K)
[2022.10.21-20.47.52:844][  0]LogNativeClassHierarchy: Verbose: Native class hierarchy updated for 'HierarchicalLODOutliner' in 0.0002 seconds. Added 0 classes and 0 folders.
[2022.10.21-20.47.52:844][  0]LogLoad: (Engine Initialization) Total time: 11.01 seconds
[2022.10.21-20.47.52:844][  0]LogLoad: (Engine Initialization) Total Blueprint compile time: 0.00 seconds
[2022.10.21-20.47.52:966][  0]LogAssetRegistry: Asset discovery search completed in 5.9107 seconds
[2022.10.21-20.47.52:970][  0]LogCollectionManager: Fixed up redirectors for 0 collections in 0.000003 seconds (updated 0 objects)
[2022.10.21-20.47.52:971][  0]LogContentStreaming: Texture pool size now 1000 MB
[2022.10.21-20.47.53:023][  0]LogSlate: Took 0.000171 seconds to synchronously load lazily loaded font '../../../Engine/Content/Slate/Fonts/DroidSansMono.ttf' (77K)
[2022.10.21-20.47.54:196][  4]LogSlate: Took 0.000181 seconds to synchronously load lazily loaded font '../../../Engine/Content/Slate/Fonts/Roboto-Light.ttf' (167K)
[2022.10.21-20.47.57:271][ 18]LogSlate: Window 'Message Log' being destroyed
[2022.10.21-20.47.57:275][ 18]LogSlate: Window 'Message Log' being destroyed
[2022.10.21-20.47.58:200][104]LogEditorClassViewer: Warning: Class /Engine/Tutorial/InWorldBlueprintEditing/TutorialAssets/IWBE_Blutility.IWBE_Blutility_C has parent /Script/Blutility.PlacedEditorUtilityBase, but this parent is not found. The Class will not be shown in ClassViewer.
[2022.10.21-20.48.02:275][580]LogSlate: Prevented a slow task dialog from being summoned while a context menu was open
[2022.10.21-20.48.13:906][941]LogTemp: Repeating last play command: Simulate
[2022.10.21-20.48.13:911][941]LogPlayLevel: PlayLevel: No blueprints needed recompiling
[2022.10.21-20.48.13:911][941]PIE: New page: SIE session: FirstPersonExampleMap (Oct 21, 2022, 12:48:13 PM)
[2022.10.21-20.48.13:951][941]LogOnline: OSS: Creating online subsystem instance for: NULL
[2022.10.21-20.48.13:952][941]LogOnline: OSS: TryLoadSubsystemAndSetDefault: Loaded subsystem for module [NULL]
[2022.10.21-20.48.13:952][941]LogPlayLevel: Creating play world package: /Game/FirstPersonBP/Maps/UEDPIE_0_FirstPersonExampleMap
[2022.10.21-20.48.13:964][941]LogPlayLevel: PIE: StaticDuplicateObject took: (0.012428s)
[2022.10.21-20.48.13:965][941]LogAIModule: Creating AISystem for world FirstPersonExampleMap
[2022.10.21-20.48.13:965][941]LogPlayLevel: PIE: World Init took: (0.001011s)
[2022.10.21-20.48.13:965][941]LogPlayLevel: PIE: Created PIE world by copying editor world from /Game/FirstPersonBP/Maps/FirstPersonExampleMap.FirstPersonExampleMap to /Game/FirstPersonBP/Maps/UEDPIE_0_FirstPersonExampleMap.FirstPersonExampleMap (0.013545s)
[2022.10.21-20.48.13:972][941]LogUObjectHash: Compacting FUObjectHashTables data took   0.86ms
[2022.10.21-20.48.13:972][941]LogAudio: Display: Creating Audio Device:                 Id: 2, Scope: Unique, Realtime: True
[2022.10.21-20.48.13:972][941]LogAudioMixer: Display: Audio Mixer Platform Settings:
[2022.10.21-20.48.13:972][941]LogAudioMixer: Display: 	Sample Rate:						  48000
[2022.10.21-20.48.13:972][941]LogAudioMixer: Display: 	Callback Buffer Frame Size Requested: 1024
[2022.10.21-20.48.13:972][941]LogAudioMixer: Display: 	Callback Buffer Frame Size To Use:	  1024
[2022.10.21-20.48.13:972][941]LogAudioMixer: Display: 	Number of buffers to queue:			  2
[2022.10.21-20.48.13:972][941]LogAudioMixer: Display: 	Max Channels (voices):				  32
[2022.10.21-20.48.13:972][941]LogAudioMixer: Display: 	Number of Async Source Workers:		  0
[2022.10.21-20.48.13:973][941]LogAudio: Display: AudioDevice MaxSources: 32
[2022.10.21-20.48.13:973][941]LogAudio: Display: Audio Spatialization Plugin: None (built-in).
[2022.10.21-20.48.13:973][941]LogAudio: Display: Audio Reverb Plugin: None (built-in).
[2022.10.21-20.48.13:973][941]LogAudio: Display: Audio Occlusion Plugin: None (built-in).
[2022.10.21-20.48.13:973][941]LogAudioMixer: Display: Initializing audio mixer.
[2022.10.21-20.48.13:978][941]LogAudioMixer: Display: 0: FrontLeft
[2022.10.21-20.48.13:978][941]LogAudioMixer: Display: 1: FrontRight
[2022.10.21-20.48.13:988][941]LogAudioMixer: Display: Using Audio Device Speakers (Realtek High Definition Audio)
[2022.10.21-20.48.13:988][941]LogAudioMixer: Display: Initializing Sound Submixes...
[2022.10.21-20.48.13:988][941]LogAudioMixer: Display: Creating Master Submix 'MasterSubmixDefault'
[2022.10.21-20.48.13:988][941]LogAudioMixer: Display: Creating Master Submix 'MasterReverbSubmixDefault'
[2022.10.21-20.48.13:988][941]LogAudioMixer: Display: Creating Master Submix 'MasterEQSubmixDefault'
[2022.10.21-20.48.13:988][941]LogAudioMixer: FMixerPlatformXAudio2::StartAudioStream() called
[2022.10.21-20.48.13:988][941]LogAudioMixer: Display: Output buffers initialized: Frames=1024, Channels=2, Samples=2048
[2022.10.21-20.48.13:989][941]LogAudioMixer: Display: Starting AudioMixerPlatformInterface::RunInternal()
[2022.10.21-20.48.13:989][941]LogAudioMixer: Display: FMixerPlatformXAudio2::SubmitBuffer() called for the first time
[2022.10.21-20.48.13:989][941]LogInit: FAudioDevice initialized.
[2022.10.21-20.48.13:989][941]LogAudio: Display: Audio Device (ID: 2) registered with world 'FirstPersonExampleMap'.
[2022.10.21-20.48.13:994][941]LogLoad: Game class is 'FirstPersonGameMode_C'
[2022.10.21-20.48.13:996][941]LogWorld: Bringing World /Game/FirstPersonBP/Maps/UEDPIE_0_FirstPersonExampleMap.FirstPersonExampleMap up for play (max tick rate 0) at 2022.10.21-16.48.13
[2022.10.21-20.48.13:997][941]LogWorld: Bringing up level for play took: 0.001469
[2022.10.21-20.48.13:997][941]LogOnline: OSS: Creating online subsystem instance for: :Context_6
[2022.10.21-20.48.13:999][941]LogNativeClassHierarchy: Verbose: Native class hierarchy updated for 'MovieSceneCapture' in 0.0003 seconds. Added 20 classes and 0 folders.
[2022.10.21-20.48.14:000][941]PIE: Server logged in
[2022.10.21-20.48.14:001][941]PIE: Play in editor total start time 0.091 seconds.
[2022.10.21-20.48.26:590][440]LogSlate: Updating window title bar state: overlay mode, drag disabled, window buttons hidden, title bar hidden
[2022.10.21-20.48.26:591][440]LogWorld: BeginTearingDown for /Game/FirstPersonBP/Maps/UEDPIE_0_FirstPersonExampleMap
[2022.10.21-20.48.26:591][440]LogWorld: UWorld::CleanupWorld for FirstPersonExampleMap, bSessionEnded=true, bCleanupResources=true
[2022.10.21-20.48.26:591][440]LogSlate: InvalidateAllWidgets triggered.  All widgets were invalidated
[2022.10.21-20.48.26:601][440]LogPlayLevel: Display: Shutting down PIE online subsystems
[2022.10.21-20.48.26:603][440]LogSlate: InvalidateAllWidgets triggered.  All widgets were invalidated
[2022.10.21-20.48.26:607][440]LogAudio: Display: Audio Device unregistered from world 'None'.
[2022.10.21-20.48.26:607][440]LogAudioMixer: FMixerPlatformXAudio2::StopAudioStream() called
[2022.10.21-20.48.26:608][440]LogAudioMixer: FMixerPlatformXAudio2::StopAudioStream() called
[2022.10.21-20.48.26:610][440]LogSlate: Updating window title bar state: overlay mode, drag disabled, window buttons hidden, title bar hidden
[2022.10.21-20.48.26:611][440]LogUObjectHash: Compacting FUObjectHashTables data took   0.56ms
[2022.10.21-20.48.26:670][445]LogPlayLevel: Display: Destroying online subsystem :Context_6
